#
# There is insufficient memory for the Java Runtime Environment to continue.
# Native memory allocation (mmap) failed to map 163577856 bytes for Failed to commit area from 0x00000000cf600000 to 0x00000000d9200000 of length 163577856.
# Possible reasons:
#   The system is out of physical RAM or swap space
#   The process is running with CompressedOops enabled, and the Java Heap may be blocking the growth of the native heap
# Possible solutions:
#   Reduce memory load on the system
#   Increase physical memory or swap space
#   Check if swap backing store is full
#   Decrease Java heap size (-Xmx/-Xms)
#   Decrease number of Java threads
#   Decrease Java thread stack sizes (-Xss)
#   Set larger code cache with -XX:ReservedCodeCacheSize=
#   JVM is running with Unscaled Compressed Oops mode in which the Java heap is
#     placed in the first 4GB address space. The Java Heap base address is the
#     maximum limit for the native heap growth. Please use -XX:HeapBaseMinAddress
#     to set the Java Heap base and to place the Java Heap above 4GB virtual address.
# This output file may be truncated or incomplete.
#
#  Out of Memory Error (./src/hotspot/os/windows/os_windows.cpp:3386), pid=23208, tid=21516
#
# JRE version: OpenJDK Runtime Environment Microsoft-40648 (11.0.16.1+1) (build 11.0.16.1+1-LTS)
# Java VM: OpenJDK 64-Bit Server VM Microsoft-40648 (11.0.16.1+1-LTS, mixed mode, tiered, compressed oops, g1 gc, windows-amd64)
# No core dump will be written. Minidumps are not enabled by default on client versions of Windows
#

---------------  S U M M A R Y ------------

Command Line: -Xmx1G com.android.tools.r8.D8 --debug --min-api 21 --output obj\Debug\130\android\bin\ --lib C:\Program Files (x86)\Android\android-sdk\platforms\android-33\android.jar obj\Debug\130\android\bin\classes.zip C:\Program Files\Microsoft Visual Studio\2022\Community\Common7\IDE\ReferenceAssemblies\Microsoft\Framework\MonoAndroid\v13.0\mono.android.jar C:\Program Files\Microsoft Visual Studio\2022\Community\MSBuild\Xamarin\Android\java_runtime_fastdev.jar C:\Users\Pancho\.nuget\packages\xamarin.google.guava.listenablefuture\1.0.0.2\buildTransitive\monoandroid50\guava-listenablefuture.jar C:\Users\Pancho\.nuget\packages\xamarin.androidx.annotation\1.2.0.1\buildTransitive\monoandroid90\..\..\jar\androidx.annotation.annotation.jar C:\Users\Pancho\.nuget\packages\xamarin.androidx.collection\1.1.0.8\buildTransitive\monoandroid90\..\..\jar\androidx.collection.collection.jar C:\Users\Pancho\.nuget\packages\xamarin.androidx.lifecycle.common\2.3.1.1\buildTransitive\monoandroid90\..\..\jar\androidx.lifecycle.lifecycle-common.jar C:\Users\Pancho\.nuget\packages\xamarin.androidx.arch.core.common\2.1.0.9\buildTransitive\monoandroid90\..\..\jar\androidx.arch.core.core-common.jar C:\Users\Pancho\.nuget\packages\xamarin.androidx.constraintlayout.core\1.0.0\buildTransitive\monoandroid90\..\..\jar\androidx.constraintlayout.constraintlayout-core.jar C:\Users\Pancho\.nuget\packages\xamarin.androidx.concurrent.futures\1.1.0.3\buildTransitive\monoandroid90\..\..\jar\androidx.concurrent.concurrent-futures.jar obj\Debug\130\lp\1\jl\formsviewgroup.jar obj\Debug\130\lp\100\jl\classes.jar obj\Debug\130\lp\101\jl\classes.jar obj\Debug\130\lp\102\jl\classes.jar obj\Debug\130\lp\103\jl\classes.jar obj\Debug\130\lp\104\jl\classes.jar obj\Debug\130\lp\105\jl\classes.jar obj\Debug\130\lp\107\jl\classes.jar obj\Debug\130\lp\62\jl\classes.jar obj\Debug\130\lp\63\jl\classes.jar obj\Debug\130\lp\64\jl\classes.jar obj\Debug\130\lp\65\jl\classes.jar obj\Debug\130\lp\66\jl\classes.jar obj\Debug\130\lp\67\jl\classes.jar obj\Debug\130\lp\68\jl\classes.jar obj\Debug\130\lp\69\jl\classes.jar obj\Debug\130\lp\70\jl\classes.jar obj\Debug\130\lp\71\jl\classes.jar obj\Debug\130\lp\72\jl\classes.jar obj\Debug\130\lp\73\jl\classes.jar obj\Debug\130\lp\74\jl\classes.jar obj\Debug\130\lp\75\jl\classes.jar obj\Debug\130\lp\76\jl\classes.jar obj\Debug\130\lp\77\jl\classes.jar obj\Debug\130\lp\78\jl\classes.jar obj\Debug\130\lp\79\jl\classes.jar obj\Debug\130\lp\80\jl\classes.jar obj\Debug\130\lp\81\jl\classes.jar obj\Debug\130\lp\82\jl\classes.jar obj\Debug\130\lp\83\jl\classes.jar obj\Debug\130\lp\84\jl\classes.jar obj\Debug\130\lp\85\jl\classes.jar obj\Debug\130\lp\86\jl\classes.jar obj\Debug\130\lp\87\jl\classes.jar obj\Debug\130\lp\88\jl\classes.jar obj\Debug\130\lp\89\jl\classes.jar obj\Debug\130\lp\90\jl\classes.jar obj\Debug\130\lp\91\jl\classes.jar obj\Debug\130\lp\92\jl\classes.jar obj\Debug\130\lp\93\jl\classes.jar obj\Debug\130\lp\94\jl\classes.jar obj\Debug\130\lp\95\jl\classes.jar obj\Debug\130\lp\96\jl\classes.jar obj\Debug\130\lp\97\jl\classes.jar obj\Debug\130\lp\98\jl\classes.jar obj\Debug\130\lp\99\jl\classes.jar

Host: AMD Ryzen 7 3700U with Radeon Vega Mobile Gfx  , 8 cores, 5G,  Windows 11 , 64 bit Build 22621 (10.0.22621.2070)
Time: Thu Oct  5 20:09:47 2023 Hora verano Sudamérica Pacífico elapsed time: 4.694616 seconds (0d 0h 0m 4s)

---------------  T H R E A D  ---------------

Current thread (0x000002357df22000):  VMThread "VM Thread" [stack: 0x0000005608d00000,0x0000005608e00000] [id=21516]

Stack: [0x0000005608d00000,0x0000005608e00000]
[error occurred during error reporting (printing stack bounds), id 0xc0000005, EXCEPTION_ACCESS_VIOLATION (0xc0000005) at pc=0x000002350868112d]

Native frames: (J=compiled Java code, j=interpreted, Vv=VM code, C=native code)
V  [jvm.dll+0x62652a]
V  [jvm.dll+0x7b3249]
V  [jvm.dll+0x7b4938]
V  [jvm.dll+0x7b4f75]
V  [jvm.dll+0x7b4f2b]
V  [jvm.dll+0x6258b7]
V  [jvm.dll+0x625fc8]
C  [ntdll.dll+0xa3dff]
C  [ntdll.dll+0x1e456]
C  [ntdll.dll+0xa2dee]
C  0x000002350868112d

VM_Operation (0x0000005609dfdd10): G1CollectForAllocation, mode: safepoint, requested by thread 0x000002357eea1000


---------------  P R O C E S S  ---------------

Threads class SMR info:
_java_thread_list=0x000002357f063b80, length=15, elements={
0x0000023578aff000, 0x000002357df26000, 0x000002357df2f800, 0x000002357df41000,
0x000002357df42800, 0x000002357df43800, 0x000002357df47000, 0x000002357df48000,
0x000002357df4d800, 0x000002357ea37000, 0x000002357f1f4000, 0x000002357f0d9800,
0x000002357f340000, 0x000002357eea1000, 0x000002357f237000
}

Java Threads: ( => current thread )
  0x0000023578aff000 JavaThread "main" [_thread_blocked, id=28432, stack(0x0000005608700000,0x0000005608800000)]
  0x000002357df26000 JavaThread "Reference Handler" daemon [_thread_blocked, id=15032, stack(0x0000005608e00000,0x0000005608f00000)]
  0x000002357df2f800 JavaThread "Finalizer" daemon [_thread_blocked, id=28920, stack(0x0000005608f00000,0x0000005609000000)]
  0x000002357df41000 JavaThread "Signal Dispatcher" daemon [_thread_blocked, id=29556, stack(0x0000005609000000,0x0000005609100000)]
  0x000002357df42800 JavaThread "Attach Listener" daemon [_thread_blocked, id=8092, stack(0x0000005609100000,0x0000005609200000)]
  0x000002357df43800 JavaThread "Service Thread" daemon [_thread_blocked, id=20248, stack(0x0000005609200000,0x0000005609300000)]
  0x000002357df47000 JavaThread "C2 CompilerThread0" daemon [_thread_blocked, id=17924, stack(0x0000005609300000,0x0000005609400000)]
  0x000002357df48000 JavaThread "C1 CompilerThread0" daemon [_thread_blocked, id=10828, stack(0x0000005609400000,0x0000005609500000)]
  0x000002357df4d800 JavaThread "Sweeper thread" daemon [_thread_blocked, id=26560, stack(0x0000005609500000,0x0000005609600000)]
  0x000002357ea37000 JavaThread "Common-Cleaner" daemon [_thread_blocked, id=8012, stack(0x0000005609700000,0x0000005609800000)]
  0x000002357f1f4000 JavaThread "ForkJoinPool-1-worker-3" daemon [_thread_blocked, id=18116, stack(0x0000005609800000,0x0000005609900000)]
  0x000002357f0d9800 JavaThread "ForkJoinPool-1-worker-5" daemon [_thread_blocked, id=22268, stack(0x0000005609b00000,0x0000005609c00000)]
  0x000002357f340000 JavaThread "ForkJoinPool-1-worker-7" daemon [_thread_blocked, id=32100, stack(0x0000005609c00000,0x0000005609d00000)]
  0x000002357eea1000 JavaThread "ForkJoinPool-1-worker-1" daemon [_thread_blocked, id=17948, stack(0x0000005609d00000,0x0000005609e00000)]
  0x000002357f237000 JavaThread "C2 CompilerThread1" daemon [_thread_in_native, id=22864, stack(0x0000005609e00000,0x0000005609f00000)]

Other Threads:
=>0x000002357df22000 VMThread "VM Thread" [stack: 0x0000005608d00000,0x0000005608e00000] [id=21516]
  0x000002357ea2d800 WatcherThread [stack: 0x0000005609600000,0x0000005609700000] [id=18396]
  0x0000023578b19800 GCTaskThread "GC Thread#0" [stack: 0x0000005608800000,0x0000005608900000] [id=24976]
  0x000002357f0b1800 GCTaskThread "GC Thread#1" [stack: 0x0000005609900000,0x0000005609a00000] [id=22280]
  0x0000023517fa3000 GCTaskThread "GC Thread#2" [stack: 0x000000560a400000,0x000000560a500000] [id=32416]
  0x0000023517c34000 GCTaskThread "GC Thread#3" [stack: 0x000000560a500000,0x000000560a600000] [id=18428]
  0x000002351879f800 GCTaskThread "GC Thread#4" [stack: 0x000000560a600000,0x000000560a700000] [id=32432]
  0x0000023578b36000 ConcurrentGCThread "G1 Main Marker" [stack: 0x0000005608900000,0x0000005608a00000] [id=5996]
  0x0000023578b38000 ConcurrentGCThread "G1 Conc#0" [stack: 0x0000005608a00000,0x0000005608b00000] [id=32264]
  0x00000235180e9800 ConcurrentGCThread "G1 Conc#1" [stack: 0x000000560a300000,0x000000560a400000] [id=27444]
  0x0000023578bbd800 ConcurrentGCThread "G1 Refine#0" [stack: 0x0000005608b00000,0x0000005608c00000] [id=18216]
  0x000002357ebd6000 ConcurrentGCThread "G1 Refine#1" [stack: 0x0000005609a00000,0x0000005609b00000] [id=6840]
  0x0000023517a02000 ConcurrentGCThread "G1 Refine#2" [stack: 0x0000005609f00000,0x000000560a000000] [id=26628]
  0x000002351840f000 ConcurrentGCThread "G1 Refine#3" [stack: 0x000000560a000000,0x000000560a100000] [id=22976]
  0x00000235180ec800 ConcurrentGCThread "G1 Refine#4" [stack: 0x000000560a100000,0x000000560a200000] [id=13812]
  0x0000023517faf000 ConcurrentGCThread "G1 Refine#5" [stack: 0x000000560a200000,0x000000560a300000] [id=1020]
  0x0000023578bc0800 ConcurrentGCThread "G1 Young RemSet Sampling" [stack: 0x0000005608c00000,0x0000005608d00000] [id=18048]

Threads with active compile tasks:
C2 CompilerThread0     4718 2290       4       com.android.tools.r8.graph.y2::a (136 bytes)
C1 CompilerThread0     4718 2352 %     2       com.android.tools.r8.internal.Pa::a @ 191 (4413 bytes)
C2 CompilerThread1     4718 2135       4       com.android.tools.r8.graph.y2::a (2719 bytes)

VM state:at safepoint (normal execution)

VM Mutex/Monitor currently owned by a thread:  ([mutex/lock_event])
[0x0000023578afbdb0] Threads_lock - owner thread: 0x000002357df22000
[0x0000023578afc740] Heap_lock - owner thread: 0x000002357eea1000

Heap address: 0x00000000c0000000, size: 1024 MB, Compressed Oops mode: 32-bit
Narrow klass base: 0x0000000000000000, Narrow klass shift: 3
Compressed class space size: 1073741824 Address: 0x0000000100000000

Heap:
 garbage-first heap   total 411648K, used 116181K [0x00000000c0000000, 0x0000000100000000)
  region size 1024K, 10 young (10240K), 10 survivors (10240K)
 Metaspace       used 16821K, capacity 17154K, committed 17280K, reserved 1064960K
  class space    used 1714K, capacity 1868K, committed 1920K, reserved 1048576K
Heap Regions: E=young(eden), S=young(survivor), O=old, HS=humongous(starts), HC=humongous(continues), CS=collection set, F=free, A=archive, TAMS=top-at-mark-start (previous, next)
|   0|0x00000000c0000000, 0x00000000c0100000, 0x00000000c0100000|100%| O|  |TAMS 0x00000000c0100000, 0x00000000c0000000| Untracked 
|   1|0x00000000c0100000, 0x00000000c0200000, 0x00000000c0200000|100%| O|  |TAMS 0x00000000c0200000, 0x00000000c0100000| Untracked 
|   2|0x00000000c0200000, 0x00000000c0300000, 0x00000000c0300000|100%| O|  |TAMS 0x00000000c0300000, 0x00000000c0200000| Untracked 
|   3|0x00000000c0300000, 0x00000000c0400000, 0x00000000c0400000|100%| O|  |TAMS 0x00000000c0400000, 0x00000000c0300000| Untracked 
|   4|0x00000000c0400000, 0x00000000c0500000, 0x00000000c0500000|100%| O|  |TAMS 0x00000000c0500000, 0x00000000c0400000| Untracked 
|   5|0x00000000c0500000, 0x00000000c0600000, 0x00000000c0600000|100%| O|  |TAMS 0x00000000c0600000, 0x00000000c0500000| Untracked 
|   6|0x00000000c0600000, 0x00000000c0700000, 0x00000000c0700000|100%|HS|  |TAMS 0x00000000c0700000, 0x00000000c0600000| Complete 
|   7|0x00000000c0700000, 0x00000000c0800000, 0x00000000c0800000|100%|HC|  |TAMS 0x00000000c0800000, 0x00000000c0700000| Complete 
|   8|0x00000000c0800000, 0x00000000c0900000, 0x00000000c0900000|100%| O|  |TAMS 0x00000000c0900000, 0x00000000c0800000| Untracked 
|   9|0x00000000c0900000, 0x00000000c0a00000, 0x00000000c0a00000|100%| O|  |TAMS 0x00000000c0a00000, 0x00000000c0900000| Untracked 
|  10|0x00000000c0a00000, 0x00000000c0b00000, 0x00000000c0b00000|100%| O|  |TAMS 0x00000000c0b00000, 0x00000000c0a00000| Untracked 
|  11|0x00000000c0b00000, 0x00000000c0c00000, 0x00000000c0c00000|100%| O|  |TAMS 0x00000000c0c00000, 0x00000000c0b00000| Untracked 
|  12|0x00000000c0c00000, 0x00000000c0d00000, 0x00000000c0d00000|100%| O|  |TAMS 0x00000000c0d00000, 0x00000000c0c00000| Untracked 
|  13|0x00000000c0d00000, 0x00000000c0e00000, 0x00000000c0e00000|100%| O|  |TAMS 0x00000000c0e00000, 0x00000000c0d00000| Untracked 
|  14|0x00000000c0e00000, 0x00000000c0f00000, 0x00000000c0f00000|100%| O|  |TAMS 0x00000000c0f00000, 0x00000000c0e00000| Untracked 
|  15|0x00000000c0f00000, 0x00000000c1000000, 0x00000000c1000000|100%| O|  |TAMS 0x00000000c1000000, 0x00000000c0f00000| Untracked 
|  16|0x00000000c1000000, 0x00000000c1100000, 0x00000000c1100000|100%| O|  |TAMS 0x00000000c1100000, 0x00000000c1000000| Untracked 
|  17|0x00000000c1100000, 0x00000000c1200000, 0x00000000c1200000|100%| O|  |TAMS 0x00000000c1200000, 0x00000000c1100000| Untracked 
|  18|0x00000000c1200000, 0x00000000c1300000, 0x00000000c1300000|100%| O|  |TAMS 0x00000000c1300000, 0x00000000c1200000| Untracked 
|  19|0x00000000c1300000, 0x00000000c1400000, 0x00000000c1400000|100%| O|  |TAMS 0x00000000c1400000, 0x00000000c1300000| Untracked 
|  20|0x00000000c1400000, 0x00000000c1500000, 0x00000000c1500000|100%| O|  |TAMS 0x00000000c1500000, 0x00000000c1400000| Untracked 
|  21|0x00000000c1500000, 0x00000000c1600000, 0x00000000c1600000|100%| O|  |TAMS 0x00000000c1600000, 0x00000000c1500000| Untracked 
|  22|0x00000000c1600000, 0x00000000c1700000, 0x00000000c1700000|100%| O|  |TAMS 0x00000000c1700000, 0x00000000c1600000| Untracked 
|  23|0x00000000c1700000, 0x00000000c1800000, 0x00000000c1800000|100%| O|  |TAMS 0x00000000c1800000, 0x00000000c1700000| Untracked 
|  24|0x00000000c1800000, 0x00000000c1900000, 0x00000000c1900000|100%| O|  |TAMS 0x00000000c1900000, 0x00000000c1800000| Untracked 
|  25|0x00000000c1900000, 0x00000000c1a00000, 0x00000000c1a00000|100%| O|  |TAMS 0x00000000c1a00000, 0x00000000c1900000| Untracked 
|  26|0x00000000c1a00000, 0x00000000c1b00000, 0x00000000c1b00000|100%| O|  |TAMS 0x00000000c1b00000, 0x00000000c1a00000| Untracked 
|  27|0x00000000c1b00000, 0x00000000c1c00000, 0x00000000c1c00000|100%| O|  |TAMS 0x00000000c1c00000, 0x00000000c1b00000| Untracked 
|  28|0x00000000c1c00000, 0x00000000c1d00000, 0x00000000c1d00000|100%| O|  |TAMS 0x00000000c1d00000, 0x00000000c1c00000| Untracked 
|  29|0x00000000c1d00000, 0x00000000c1e00000, 0x00000000c1e00000|100%| O|  |TAMS 0x00000000c1e00000, 0x00000000c1d00000| Untracked 
|  30|0x00000000c1e00000, 0x00000000c1f00000, 0x00000000c1f00000|100%| O|  |TAMS 0x00000000c1f00000, 0x00000000c1e00000| Untracked 
|  31|0x00000000c1f00000, 0x00000000c2000000, 0x00000000c2000000|100%| O|  |TAMS 0x00000000c2000000, 0x00000000c1f00000| Untracked 
|  32|0x00000000c2000000, 0x00000000c2100000, 0x00000000c2100000|100%| O|  |TAMS 0x00000000c2100000, 0x00000000c2000000| Untracked 
|  33|0x00000000c2100000, 0x00000000c2200000, 0x00000000c2200000|100%| O|  |TAMS 0x00000000c2200000, 0x00000000c2100000| Untracked 
|  34|0x00000000c2200000, 0x00000000c2300000, 0x00000000c2300000|100%| O|  |TAMS 0x00000000c2300000, 0x00000000c2200000| Untracked 
|  35|0x00000000c2300000, 0x00000000c2400000, 0x00000000c2400000|100%| O|  |TAMS 0x00000000c2400000, 0x00000000c2300000| Untracked 
|  36|0x00000000c2400000, 0x00000000c2500000, 0x00000000c2500000|100%| O|  |TAMS 0x00000000c2500000, 0x00000000c2400000| Untracked 
|  37|0x00000000c2500000, 0x00000000c2600000, 0x00000000c2600000|100%| O|  |TAMS 0x00000000c2600000, 0x00000000c2500000| Untracked 
|  38|0x00000000c2600000, 0x00000000c2700000, 0x00000000c2700000|100%| O|  |TAMS 0x00000000c2700000, 0x00000000c2600000| Untracked 
|  39|0x00000000c2700000, 0x00000000c2800000, 0x00000000c2800000|100%| O|  |TAMS 0x00000000c2800000, 0x00000000c2700000| Untracked 
|  40|0x00000000c2800000, 0x00000000c2900000, 0x00000000c2900000|100%| O|  |TAMS 0x00000000c2900000, 0x00000000c2800000| Untracked 
|  41|0x00000000c2900000, 0x00000000c2a00000, 0x00000000c2a00000|100%| O|  |TAMS 0x00000000c2a00000, 0x00000000c2900000| Untracked 
|  42|0x00000000c2a00000, 0x00000000c2b00000, 0x00000000c2b00000|100%| O|  |TAMS 0x00000000c2b00000, 0x00000000c2a00000| Untracked 
|  43|0x00000000c2b00000, 0x00000000c2c00000, 0x00000000c2c00000|100%| O|  |TAMS 0x00000000c2c00000, 0x00000000c2b00000| Untracked 
|  44|0x00000000c2c00000, 0x00000000c2d00000, 0x00000000c2d00000|100%| O|  |TAMS 0x00000000c2d00000, 0x00000000c2c00000| Untracked 
|  45|0x00000000c2d00000, 0x00000000c2e00000, 0x00000000c2e00000|100%| O|  |TAMS 0x00000000c2e00000, 0x00000000c2d00000| Untracked 
|  46|0x00000000c2e00000, 0x00000000c2f00000, 0x00000000c2f00000|100%| O|  |TAMS 0x00000000c2f00000, 0x00000000c2e00000| Untracked 
|  47|0x00000000c2f00000, 0x00000000c3000000, 0x00000000c3000000|100%| O|  |TAMS 0x00000000c3000000, 0x00000000c2f00000| Untracked 
|  48|0x00000000c3000000, 0x00000000c3100000, 0x00000000c3100000|100%| O|  |TAMS 0x00000000c3100000, 0x00000000c3000000| Untracked 
|  49|0x00000000c3100000, 0x00000000c3200000, 0x00000000c3200000|100%| O|  |TAMS 0x00000000c3200000, 0x00000000c3100000| Untracked 
|  50|0x00000000c3200000, 0x00000000c3300000, 0x00000000c3300000|100%| O|  |TAMS 0x00000000c3300000, 0x00000000c3200000| Untracked 
|  51|0x00000000c3300000, 0x00000000c3400000, 0x00000000c3400000|100%| O|  |TAMS 0x00000000c3400000, 0x00000000c3300000| Untracked 
|  52|0x00000000c3400000, 0x00000000c3500000, 0x00000000c3500000|100%| O|  |TAMS 0x00000000c3500000, 0x00000000c3400000| Untracked 
|  53|0x00000000c3500000, 0x00000000c3600000, 0x00000000c3600000|100%| O|  |TAMS 0x00000000c3600000, 0x00000000c3500000| Untracked 
|  54|0x00000000c3600000, 0x00000000c3700000, 0x00000000c3700000|100%| O|  |TAMS 0x00000000c3700000, 0x00000000c3600000| Untracked 
|  55|0x00000000c3700000, 0x00000000c3800000, 0x00000000c3800000|100%| O|  |TAMS 0x00000000c3800000, 0x00000000c3700000| Untracked 
|  56|0x00000000c3800000, 0x00000000c3900000, 0x00000000c3900000|100%| O|  |TAMS 0x00000000c3900000, 0x00000000c3800000| Untracked 
|  57|0x00000000c3900000, 0x00000000c3a00000, 0x00000000c3a00000|100%| O|  |TAMS 0x00000000c3a00000, 0x00000000c3900000| Untracked 
|  58|0x00000000c3a00000, 0x00000000c3b00000, 0x00000000c3b00000|100%| O|  |TAMS 0x00000000c3b00000, 0x00000000c3a00000| Untracked 
|  59|0x00000000c3b00000, 0x00000000c3c00000, 0x00000000c3c00000|100%| O|  |TAMS 0x00000000c3c00000, 0x00000000c3b00000| Untracked 
|  60|0x00000000c3c00000, 0x00000000c3d00000, 0x00000000c3d00000|100%| O|  |TAMS 0x00000000c3c00000, 0x00000000c3c00000| Untracked 
|  61|0x00000000c3d00000, 0x00000000c3e00000, 0x00000000c3e00000|100%| O|  |TAMS 0x00000000c3d00000, 0x00000000c3d00000| Untracked 
|  62|0x00000000c3e00000, 0x00000000c3f00000, 0x00000000c3f00000|100%| O|  |TAMS 0x00000000c3e00000, 0x00000000c3e00000| Untracked 
|  63|0x00000000c3f00000, 0x00000000c4000000, 0x00000000c4000000|100%| O|  |TAMS 0x00000000c3f00000, 0x00000000c3f00000| Untracked 
|  64|0x00000000c4000000, 0x00000000c4100000, 0x00000000c4100000|100%| O|  |TAMS 0x00000000c4000000, 0x00000000c4000000| Untracked 
|  65|0x00000000c4100000, 0x00000000c4200000, 0x00000000c4200000|100%| O|  |TAMS 0x00000000c4100000, 0x00000000c4100000| Untracked 
|  66|0x00000000c4200000, 0x00000000c4300000, 0x00000000c4300000|100%| O|  |TAMS 0x00000000c4200000, 0x00000000c4200000| Untracked 
|  67|0x00000000c4300000, 0x00000000c4400000, 0x00000000c4400000|100%| O|  |TAMS 0x00000000c4300000, 0x00000000c4300000| Untracked 
|  68|0x00000000c4400000, 0x00000000c4500000, 0x00000000c4500000|100%| O|  |TAMS 0x00000000c4400000, 0x00000000c4400000| Untracked 
|  69|0x00000000c4500000, 0x00000000c4600000, 0x00000000c4600000|100%| O|  |TAMS 0x00000000c4500000, 0x00000000c4500000| Untracked 
|  70|0x00000000c4600000, 0x00000000c4700000, 0x00000000c4700000|100%| O|  |TAMS 0x00000000c4600000, 0x00000000c4600000| Untracked 
|  71|0x00000000c4700000, 0x00000000c4800000, 0x00000000c4800000|100%| O|  |TAMS 0x00000000c4700000, 0x00000000c4700000| Untracked 
|  72|0x00000000c4800000, 0x00000000c4900000, 0x00000000c4900000|100%| O|  |TAMS 0x00000000c4800000, 0x00000000c4800000| Untracked 
|  73|0x00000000c4900000, 0x00000000c4a00000, 0x00000000c4a00000|100%| O|  |TAMS 0x00000000c4900000, 0x00000000c4900000| Untracked 
|  74|0x00000000c4a00000, 0x00000000c4b00000, 0x00000000c4b00000|100%| O|  |TAMS 0x00000000c4a00000, 0x00000000c4a00000| Untracked 
|  75|0x00000000c4b00000, 0x00000000c4c00000, 0x00000000c4c00000|100%| O|  |TAMS 0x00000000c4b00000, 0x00000000c4b00000| Untracked 
|  76|0x00000000c4c00000, 0x00000000c4d00000, 0x00000000c4d00000|100%| O|  |TAMS 0x00000000c4c00000, 0x00000000c4c00000| Untracked 
|  77|0x00000000c4d00000, 0x00000000c4e00000, 0x00000000c4e00000|100%| O|  |TAMS 0x00000000c4d00000, 0x00000000c4d00000| Untracked 
|  78|0x00000000c4e00000, 0x00000000c4f00000, 0x00000000c4f00000|100%| O|  |TAMS 0x00000000c4e00000, 0x00000000c4e00000| Untracked 
|  79|0x00000000c4f00000, 0x00000000c5000000, 0x00000000c5000000|100%| O|  |TAMS 0x00000000c4f00000, 0x00000000c4f00000| Untracked 
|  80|0x00000000c5000000, 0x00000000c5100000, 0x00000000c5100000|100%| O|  |TAMS 0x00000000c5000000, 0x00000000c5000000| Untracked 
|  81|0x00000000c5100000, 0x00000000c5200000, 0x00000000c5200000|100%| O|  |TAMS 0x00000000c5100000, 0x00000000c5100000| Untracked 
|  82|0x00000000c5200000, 0x00000000c5300000, 0x00000000c5300000|100%| O|  |TAMS 0x00000000c5200000, 0x00000000c5200000| Untracked 
|  83|0x00000000c5300000, 0x00000000c5400000, 0x00000000c5400000|100%| O|  |TAMS 0x00000000c5300000, 0x00000000c5300000| Untracked 
|  84|0x00000000c5400000, 0x00000000c5500000, 0x00000000c5500000|100%| O|  |TAMS 0x00000000c5400000, 0x00000000c5400000| Untracked 
|  85|0x00000000c5500000, 0x00000000c5600000, 0x00000000c5600000|100%| O|  |TAMS 0x00000000c5500000, 0x00000000c5500000| Untracked 
|  86|0x00000000c5600000, 0x00000000c5700000, 0x00000000c5700000|100%| O|  |TAMS 0x00000000c5600000, 0x00000000c5600000| Untracked 
|  87|0x00000000c5700000, 0x00000000c5800000, 0x00000000c5800000|100%| O|  |TAMS 0x00000000c5700000, 0x00000000c5700000| Untracked 
|  88|0x00000000c5800000, 0x00000000c5900000, 0x00000000c5900000|100%| O|  |TAMS 0x00000000c5800000, 0x00000000c5800000| Untracked 
|  89|0x00000000c5900000, 0x00000000c5a00000, 0x00000000c5a00000|100%| O|  |TAMS 0x00000000c5900000, 0x00000000c5900000| Untracked 
|  90|0x00000000c5a00000, 0x00000000c5b00000, 0x00000000c5b00000|100%| O|  |TAMS 0x00000000c5a00000, 0x00000000c5a00000| Untracked 
|  91|0x00000000c5b00000, 0x00000000c5c00000, 0x00000000c5c00000|100%| O|  |TAMS 0x00000000c5b00000, 0x00000000c5b00000| Untracked 
|  92|0x00000000c5c00000, 0x00000000c5d00000, 0x00000000c5d00000|100%| O|  |TAMS 0x00000000c5c00000, 0x00000000c5c00000| Untracked 
|  93|0x00000000c5d00000, 0x00000000c5e00000, 0x00000000c5e00000|100%| O|  |TAMS 0x00000000c5d00000, 0x00000000c5d00000| Untracked 
|  94|0x00000000c5e00000, 0x00000000c5f00000, 0x00000000c5f00000|100%| O|  |TAMS 0x00000000c5e00000, 0x00000000c5e00000| Untracked 
|  95|0x00000000c5f00000, 0x00000000c6000000, 0x00000000c6000000|100%| O|  |TAMS 0x00000000c5f00000, 0x00000000c5f00000| Untracked 
|  96|0x00000000c6000000, 0x00000000c6100000, 0x00000000c6100000|100%| O|  |TAMS 0x00000000c6000000, 0x00000000c6000000| Untracked 
|  97|0x00000000c6100000, 0x00000000c6200000, 0x00000000c6200000|100%| O|  |TAMS 0x00000000c6100000, 0x00000000c6100000| Untracked 
|  98|0x00000000c6200000, 0x00000000c6300000, 0x00000000c6300000|100%| O|  |TAMS 0x00000000c6200000, 0x00000000c6200000| Untracked 
|  99|0x00000000c6300000, 0x00000000c6400000, 0x00000000c6400000|100%| O|  |TAMS 0x00000000c6300000, 0x00000000c6300000| Untracked 
| 100|0x00000000c6400000, 0x00000000c6500000, 0x00000000c6500000|100%| O|  |TAMS 0x00000000c6400000, 0x00000000c6400000| Untracked 
| 101|0x00000000c6500000, 0x00000000c6600000, 0x00000000c6600000|100%| O|  |TAMS 0x00000000c6500000, 0x00000000c6500000| Untracked 
| 102|0x00000000c6600000, 0x00000000c6700000, 0x00000000c6700000|100%| O|  |TAMS 0x00000000c6600000, 0x00000000c6600000| Untracked 
| 103|0x00000000c6700000, 0x00000000c6775600, 0x00000000c6800000| 45%| O|  |TAMS 0x00000000c6700000, 0x00000000c6700000| Untracked 
| 104|0x00000000c6800000, 0x00000000c6800000, 0x00000000c6900000|  0%| F|  |TAMS 0x00000000c6800000, 0x00000000c6800000| Untracked 
| 105|0x00000000c6900000, 0x00000000c6900000, 0x00000000c6a00000|  0%| F|  |TAMS 0x00000000c6900000, 0x00000000c6900000| Untracked 
| 106|0x00000000c6a00000, 0x00000000c6a00000, 0x00000000c6b00000|  0%| F|  |TAMS 0x00000000c6a00000, 0x00000000c6a00000| Untracked 
| 107|0x00000000c6b00000, 0x00000000c6b00000, 0x00000000c6c00000|  0%| F|  |TAMS 0x00000000c6b00000, 0x00000000c6b00000| Untracked 
| 108|0x00000000c6c00000, 0x00000000c6c00000, 0x00000000c6d00000|  0%| F|  |TAMS 0x00000000c6c00000, 0x00000000c6c00000| Untracked 
| 109|0x00000000c6d00000, 0x00000000c6d00000, 0x00000000c6e00000|  0%| F|  |TAMS 0x00000000c6d00000, 0x00000000c6d00000| Untracked 
| 110|0x00000000c6e00000, 0x00000000c6e00000, 0x00000000c6f00000|  0%| F|  |TAMS 0x00000000c6e00000, 0x00000000c6e00000| Untracked 
| 111|0x00000000c6f00000, 0x00000000c6f00000, 0x00000000c7000000|  0%| F|  |TAMS 0x00000000c6f00000, 0x00000000c6f00000| Untracked 
| 112|0x00000000c7000000, 0x00000000c7000000, 0x00000000c7100000|  0%| F|  |TAMS 0x00000000c7000000, 0x00000000c7000000| Untracked 
| 113|0x00000000c7100000, 0x00000000c7100000, 0x00000000c7200000|  0%| F|  |TAMS 0x00000000c7100000, 0x00000000c7100000| Untracked 
| 114|0x00000000c7200000, 0x00000000c7200000, 0x00000000c7300000|  0%| F|  |TAMS 0x00000000c7200000, 0x00000000c7200000| Untracked 
| 115|0x00000000c7300000, 0x00000000c7300000, 0x00000000c7400000|  0%| F|  |TAMS 0x00000000c7300000, 0x00000000c7300000| Untracked 
| 116|0x00000000c7400000, 0x00000000c7400000, 0x00000000c7500000|  0%| F|  |TAMS 0x00000000c7400000, 0x00000000c7400000| Untracked 
| 117|0x00000000c7500000, 0x00000000c7500000, 0x00000000c7600000|  0%| F|  |TAMS 0x00000000c7500000, 0x00000000c7500000| Untracked 
| 118|0x00000000c7600000, 0x00000000c7600000, 0x00000000c7700000|  0%| F|  |TAMS 0x00000000c7600000, 0x00000000c7600000| Untracked 
| 119|0x00000000c7700000, 0x00000000c7700000, 0x00000000c7800000|  0%| F|  |TAMS 0x00000000c7700000, 0x00000000c7700000| Untracked 
| 120|0x00000000c7800000, 0x00000000c7800000, 0x00000000c7900000|  0%| F|  |TAMS 0x00000000c7800000, 0x00000000c7800000| Untracked 
| 121|0x00000000c7900000, 0x00000000c7900000, 0x00000000c7a00000|  0%| F|  |TAMS 0x00000000c7900000, 0x00000000c7900000| Untracked 
| 122|0x00000000c7a00000, 0x00000000c7a00000, 0x00000000c7b00000|  0%| F|  |TAMS 0x00000000c7a00000, 0x00000000c7a00000| Untracked 
| 123|0x00000000c7b00000, 0x00000000c7b00000, 0x00000000c7c00000|  0%| F|  |TAMS 0x00000000c7b00000, 0x00000000c7b00000| Untracked 
| 124|0x00000000c7c00000, 0x00000000c7c00000, 0x00000000c7d00000|  0%| F|  |TAMS 0x00000000c7c00000, 0x00000000c7c00000| Untracked 
| 125|0x00000000c7d00000, 0x00000000c7d00000, 0x00000000c7e00000|  0%| F|  |TAMS 0x00000000c7d00000, 0x00000000c7d00000| Untracked 
| 126|0x00000000c7e00000, 0x00000000c7e00000, 0x00000000c7f00000|  0%| F|  |TAMS 0x00000000c7e00000, 0x00000000c7e00000| Untracked 
| 127|0x00000000c7f00000, 0x00000000c7f00000, 0x00000000c8000000|  0%| F|  |TAMS 0x00000000c7f00000, 0x00000000c7f00000| Untracked 
| 128|0x00000000c8000000, 0x00000000c8000000, 0x00000000c8100000|  0%| F|  |TAMS 0x00000000c8000000, 0x00000000c8000000| Untracked 
| 129|0x00000000c8100000, 0x00000000c8100000, 0x00000000c8200000|  0%| F|  |TAMS 0x00000000c8100000, 0x00000000c8100000| Untracked 
| 130|0x00000000c8200000, 0x00000000c8200000, 0x00000000c8300000|  0%| F|  |TAMS 0x00000000c8200000, 0x00000000c8200000| Untracked 
| 131|0x00000000c8300000, 0x00000000c8300000, 0x00000000c8400000|  0%| F|  |TAMS 0x00000000c8300000, 0x00000000c8300000| Untracked 
| 132|0x00000000c8400000, 0x00000000c8400000, 0x00000000c8500000|  0%| F|  |TAMS 0x00000000c8400000, 0x00000000c8400000| Untracked 
| 133|0x00000000c8500000, 0x00000000c8500000, 0x00000000c8600000|  0%| F|  |TAMS 0x00000000c8500000, 0x00000000c8500000| Untracked 
| 134|0x00000000c8600000, 0x00000000c8600000, 0x00000000c8700000|  0%| F|  |TAMS 0x00000000c8600000, 0x00000000c8600000| Untracked 
| 135|0x00000000c8700000, 0x00000000c8700000, 0x00000000c8800000|  0%| F|  |TAMS 0x00000000c8700000, 0x00000000c8700000| Untracked 
| 136|0x00000000c8800000, 0x00000000c8800000, 0x00000000c8900000|  0%| F|  |TAMS 0x00000000c8800000, 0x00000000c8800000| Untracked 
| 137|0x00000000c8900000, 0x00000000c8900000, 0x00000000c8a00000|  0%| F|  |TAMS 0x00000000c8900000, 0x00000000c8900000| Untracked 
| 138|0x00000000c8a00000, 0x00000000c8a00000, 0x00000000c8b00000|  0%| F|  |TAMS 0x00000000c8a00000, 0x00000000c8a00000| Untracked 
| 139|0x00000000c8b00000, 0x00000000c8b00000, 0x00000000c8c00000|  0%| F|  |TAMS 0x00000000c8b00000, 0x00000000c8b00000| Untracked 
| 140|0x00000000c8c00000, 0x00000000c8c00000, 0x00000000c8d00000|  0%| F|  |TAMS 0x00000000c8c00000, 0x00000000c8c00000| Untracked 
| 141|0x00000000c8d00000, 0x00000000c8d00000, 0x00000000c8e00000|  0%| F|  |TAMS 0x00000000c8d00000, 0x00000000c8d00000| Untracked 
| 142|0x00000000c8e00000, 0x00000000c8e00000, 0x00000000c8f00000|  0%| F|  |TAMS 0x00000000c8e00000, 0x00000000c8e00000| Untracked 
| 143|0x00000000c8f00000, 0x00000000c8f00000, 0x00000000c9000000|  0%| F|  |TAMS 0x00000000c8f00000, 0x00000000c8f00000| Untracked 
| 144|0x00000000c9000000, 0x00000000c9000000, 0x00000000c9100000|  0%| F|  |TAMS 0x00000000c9000000, 0x00000000c9000000| Untracked 
| 145|0x00000000c9100000, 0x00000000c9100000, 0x00000000c9200000|  0%| F|  |TAMS 0x00000000c9100000, 0x00000000c9100000| Untracked 
| 146|0x00000000c9200000, 0x00000000c9200000, 0x00000000c9300000|  0%| F|  |TAMS 0x00000000c9200000, 0x00000000c9200000| Untracked 
| 147|0x00000000c9300000, 0x00000000c9300000, 0x00000000c9400000|  0%| F|  |TAMS 0x00000000c9300000, 0x00000000c9300000| Untracked 
| 148|0x00000000c9400000, 0x00000000c9400000, 0x00000000c9500000|  0%| F|  |TAMS 0x00000000c9400000, 0x00000000c9400000| Untracked 
| 149|0x00000000c9500000, 0x00000000c9500000, 0x00000000c9600000|  0%| F|  |TAMS 0x00000000c9500000, 0x00000000c9500000| Untracked 
| 150|0x00000000c9600000, 0x00000000c9600000, 0x00000000c9700000|  0%| F|  |TAMS 0x00000000c9600000, 0x00000000c9600000| Untracked 
| 151|0x00000000c9700000, 0x00000000c9700000, 0x00000000c9800000|  0%| F|  |TAMS 0x00000000c9700000, 0x00000000c9700000| Untracked 
| 152|0x00000000c9800000, 0x00000000c9800000, 0x00000000c9900000|  0%| F|  |TAMS 0x00000000c9800000, 0x00000000c9800000| Untracked 
| 153|0x00000000c9900000, 0x00000000c9900000, 0x00000000c9a00000|  0%| F|  |TAMS 0x00000000c9900000, 0x00000000c9900000| Untracked 
| 154|0x00000000c9a00000, 0x00000000c9a00000, 0x00000000c9b00000|  0%| F|  |TAMS 0x00000000c9a00000, 0x00000000c9a00000| Untracked 
| 155|0x00000000c9b00000, 0x00000000c9b00000, 0x00000000c9c00000|  0%| F|  |TAMS 0x00000000c9b00000, 0x00000000c9b00000| Untracked 
| 156|0x00000000c9c00000, 0x00000000c9c00000, 0x00000000c9d00000|  0%| F|  |TAMS 0x00000000c9c00000, 0x00000000c9c00000| Untracked 
| 157|0x00000000c9d00000, 0x00000000c9d00000, 0x00000000c9e00000|  0%| F|  |TAMS 0x00000000c9d00000, 0x00000000c9d00000| Untracked 
| 158|0x00000000c9e00000, 0x00000000c9e00000, 0x00000000c9f00000|  0%| F|  |TAMS 0x00000000c9e00000, 0x00000000c9e00000| Untracked 
| 159|0x00000000c9f00000, 0x00000000c9f00000, 0x00000000ca000000|  0%| F|  |TAMS 0x00000000c9f00000, 0x00000000c9f00000| Untracked 
| 160|0x00000000ca000000, 0x00000000ca000000, 0x00000000ca100000|  0%| F|  |TAMS 0x00000000ca000000, 0x00000000ca000000| Untracked 
| 161|0x00000000ca100000, 0x00000000ca100000, 0x00000000ca200000|  0%| F|  |TAMS 0x00000000ca100000, 0x00000000ca100000| Untracked 
| 162|0x00000000ca200000, 0x00000000ca200000, 0x00000000ca300000|  0%| F|  |TAMS 0x00000000ca200000, 0x00000000ca200000| Untracked 
| 163|0x00000000ca300000, 0x00000000ca300000, 0x00000000ca400000|  0%| F|  |TAMS 0x00000000ca300000, 0x00000000ca300000| Untracked 
| 164|0x00000000ca400000, 0x00000000ca500000, 0x00000000ca500000|100%| S|CS|TAMS 0x00000000ca400000, 0x00000000ca400000| Complete 
| 165|0x00000000ca500000, 0x00000000ca600000, 0x00000000ca600000|100%| S|CS|TAMS 0x00000000ca500000, 0x00000000ca500000| Complete 
| 166|0x00000000ca600000, 0x00000000ca700000, 0x00000000ca700000|100%| S|CS|TAMS 0x00000000ca600000, 0x00000000ca600000| Complete 
| 167|0x00000000ca700000, 0x00000000ca800000, 0x00000000ca800000|100%| S|CS|TAMS 0x00000000ca700000, 0x00000000ca700000| Complete 
| 168|0x00000000ca800000, 0x00000000ca900000, 0x00000000ca900000|100%| S|CS|TAMS 0x00000000ca800000, 0x00000000ca800000| Complete 
| 169|0x00000000ca900000, 0x00000000caa00000, 0x00000000caa00000|100%| S|CS|TAMS 0x00000000ca900000, 0x00000000ca900000| Complete 
| 170|0x00000000caa00000, 0x00000000cab00000, 0x00000000cab00000|100%| S|CS|TAMS 0x00000000caa00000, 0x00000000caa00000| Complete 
| 171|0x00000000cab00000, 0x00000000cac00000, 0x00000000cac00000|100%| S|CS|TAMS 0x00000000cab00000, 0x00000000cab00000| Complete 
| 172|0x00000000cac00000, 0x00000000cad00000, 0x00000000cad00000|100%| S|CS|TAMS 0x00000000cac00000, 0x00000000cac00000| Complete 
| 173|0x00000000cad00000, 0x00000000cad00000, 0x00000000cae00000|  0%| F|  |TAMS 0x00000000cad00000, 0x00000000cad00000| Untracked 
| 174|0x00000000cae00000, 0x00000000cae00000, 0x00000000caf00000|  0%| F|  |TAMS 0x00000000cae00000, 0x00000000cae00000| Untracked 
| 175|0x00000000caf00000, 0x00000000caf00000, 0x00000000cb000000|  0%| F|  |TAMS 0x00000000caf00000, 0x00000000caf00000| Untracked 
| 176|0x00000000cb000000, 0x00000000cb100000, 0x00000000cb100000|100%| S|CS|TAMS 0x00000000cb000000, 0x00000000cb000000| Complete 
| 177|0x00000000cb100000, 0x00000000cb100000, 0x00000000cb200000|  0%| F|  |TAMS 0x00000000cb100000, 0x00000000cb100000| Untracked 
| 178|0x00000000cb200000, 0x00000000cb200000, 0x00000000cb300000|  0%| F|  |TAMS 0x00000000cb200000, 0x00000000cb200000| Untracked 
| 179|0x00000000cb300000, 0x00000000cb300000, 0x00000000cb400000|  0%| F|  |TAMS 0x00000000cb300000, 0x00000000cb300000| Untracked 
| 180|0x00000000cb400000, 0x00000000cb400000, 0x00000000cb500000|  0%| F|  |TAMS 0x00000000cb400000, 0x00000000cb400000| Untracked 
| 181|0x00000000cb500000, 0x00000000cb500000, 0x00000000cb600000|  0%| F|  |TAMS 0x00000000cb500000, 0x00000000cb500000| Untracked 
| 182|0x00000000cb600000, 0x00000000cb600000, 0x00000000cb700000|  0%| F|  |TAMS 0x00000000cb600000, 0x00000000cb600000| Untracked 
| 183|0x00000000cb700000, 0x00000000cb700000, 0x00000000cb800000|  0%| F|  |TAMS 0x00000000cb700000, 0x00000000cb700000| Untracked 
| 184|0x00000000cb800000, 0x00000000cb800000, 0x00000000cb900000|  0%| F|  |TAMS 0x00000000cb800000, 0x00000000cb800000| Untracked 
| 185|0x00000000cb900000, 0x00000000cb900000, 0x00000000cba00000|  0%| F|  |TAMS 0x00000000cb900000, 0x00000000cb900000| Untracked 
| 186|0x00000000cba00000, 0x00000000cba00000, 0x00000000cbb00000|  0%| F|  |TAMS 0x00000000cba00000, 0x00000000cba00000| Untracked 
| 187|0x00000000cbb00000, 0x00000000cbb00000, 0x00000000cbc00000|  0%| F|  |TAMS 0x00000000cbb00000, 0x00000000cbb00000| Untracked 
| 188|0x00000000cbc00000, 0x00000000cbc00000, 0x00000000cbd00000|  0%| F|  |TAMS 0x00000000cbc00000, 0x00000000cbc00000| Untracked 
| 189|0x00000000cbd00000, 0x00000000cbd00000, 0x00000000cbe00000|  0%| F|  |TAMS 0x00000000cbd00000, 0x00000000cbd00000| Untracked 
| 190|0x00000000cbe00000, 0x00000000cbe00000, 0x00000000cbf00000|  0%| F|  |TAMS 0x00000000cbe00000, 0x00000000cbe00000| Untracked 
| 191|0x00000000cbf00000, 0x00000000cbf00000, 0x00000000cc000000|  0%| F|  |TAMS 0x00000000cbf00000, 0x00000000cbf00000| Untracked 
| 192|0x00000000cc000000, 0x00000000cc000000, 0x00000000cc100000|  0%| F|  |TAMS 0x00000000cc000000, 0x00000000cc000000| Untracked 
| 193|0x00000000cc100000, 0x00000000cc100000, 0x00000000cc200000|  0%| F|  |TAMS 0x00000000cc100000, 0x00000000cc100000| Untracked 
| 194|0x00000000cc200000, 0x00000000cc200000, 0x00000000cc300000|  0%| F|  |TAMS 0x00000000cc200000, 0x00000000cc200000| Untracked 
| 195|0x00000000cc300000, 0x00000000cc300000, 0x00000000cc400000|  0%| F|  |TAMS 0x00000000cc300000, 0x00000000cc300000| Untracked 
| 196|0x00000000cc400000, 0x00000000cc400000, 0x00000000cc500000|  0%| F|  |TAMS 0x00000000cc400000, 0x00000000cc400000| Untracked 
| 197|0x00000000cc500000, 0x00000000cc500000, 0x00000000cc600000|  0%| F|  |TAMS 0x00000000cc500000, 0x00000000cc500000| Untracked 
| 198|0x00000000cc600000, 0x00000000cc600000, 0x00000000cc700000|  0%| F|  |TAMS 0x00000000cc600000, 0x00000000cc600000| Untracked 
| 199|0x00000000cc700000, 0x00000000cc700000, 0x00000000cc800000|  0%| F|  |TAMS 0x00000000cc700000, 0x00000000cc700000| Untracked 
| 200|0x00000000cc800000, 0x00000000cc800000, 0x00000000cc900000|  0%| F|  |TAMS 0x00000000cc800000, 0x00000000cc800000| Untracked 
| 201|0x00000000cc900000, 0x00000000cc900000, 0x00000000cca00000|  0%| F|  |TAMS 0x00000000cc900000, 0x00000000cc900000| Untracked 
| 202|0x00000000cca00000, 0x00000000cca00000, 0x00000000ccb00000|  0%| F|  |TAMS 0x00000000cca00000, 0x00000000cca00000| Untracked 
| 203|0x00000000ccb00000, 0x00000000ccb00000, 0x00000000ccc00000|  0%| F|  |TAMS 0x00000000ccb00000, 0x00000000ccb00000| Untracked 
| 204|0x00000000ccc00000, 0x00000000ccc00000, 0x00000000ccd00000|  0%| F|  |TAMS 0x00000000ccc00000, 0x00000000ccc00000| Untracked 
| 205|0x00000000ccd00000, 0x00000000ccd00000, 0x00000000cce00000|  0%| F|  |TAMS 0x00000000ccd00000, 0x00000000ccd00000| Untracked 
| 206|0x00000000cce00000, 0x00000000cce00000, 0x00000000ccf00000|  0%| F|  |TAMS 0x00000000cce00000, 0x00000000cce00000| Untracked 
| 207|0x00000000ccf00000, 0x00000000ccf00000, 0x00000000cd000000|  0%| F|  |TAMS 0x00000000ccf00000, 0x00000000ccf00000| Untracked 
| 208|0x00000000cd000000, 0x00000000cd000000, 0x00000000cd100000|  0%| F|  |TAMS 0x00000000cd000000, 0x00000000cd000000| Untracked 
| 209|0x00000000cd100000, 0x00000000cd100000, 0x00000000cd200000|  0%| F|  |TAMS 0x00000000cd100000, 0x00000000cd100000| Untracked 
| 210|0x00000000cd200000, 0x00000000cd200000, 0x00000000cd300000|  0%| F|  |TAMS 0x00000000cd200000, 0x00000000cd200000| Untracked 
| 211|0x00000000cd300000, 0x00000000cd300000, 0x00000000cd400000|  0%| F|  |TAMS 0x00000000cd300000, 0x00000000cd300000| Untracked 
| 212|0x00000000cd400000, 0x00000000cd400000, 0x00000000cd500000|  0%| F|  |TAMS 0x00000000cd400000, 0x00000000cd400000| Untracked 
| 213|0x00000000cd500000, 0x00000000cd500000, 0x00000000cd600000|  0%| F|  |TAMS 0x00000000cd500000, 0x00000000cd500000| Untracked 
| 214|0x00000000cd600000, 0x00000000cd600000, 0x00000000cd700000|  0%| F|  |TAMS 0x00000000cd600000, 0x00000000cd600000| Untracked 
| 215|0x00000000cd700000, 0x00000000cd700000, 0x00000000cd800000|  0%| F|  |TAMS 0x00000000cd700000, 0x00000000cd700000| Untracked 
| 216|0x00000000cd800000, 0x00000000cd800000, 0x00000000cd900000|  0%| F|  |TAMS 0x00000000cd800000, 0x00000000cd800000| Untracked 
| 217|0x00000000cd900000, 0x00000000cd900000, 0x00000000cda00000|  0%| F|  |TAMS 0x00000000cd900000, 0x00000000cd900000| Untracked 
| 218|0x00000000cda00000, 0x00000000cda00000, 0x00000000cdb00000|  0%| F|  |TAMS 0x00000000cda00000, 0x00000000cda00000| Untracked 
| 219|0x00000000cdb00000, 0x00000000cdb00000, 0x00000000cdc00000|  0%| F|  |TAMS 0x00000000cdb00000, 0x00000000cdb00000| Untracked 
| 220|0x00000000cdc00000, 0x00000000cdc00000, 0x00000000cdd00000|  0%| F|  |TAMS 0x00000000cdc00000, 0x00000000cdc00000| Untracked 
| 221|0x00000000cdd00000, 0x00000000cdd00000, 0x00000000cde00000|  0%| F|  |TAMS 0x00000000cdd00000, 0x00000000cdd00000| Untracked 
| 222|0x00000000cde00000, 0x00000000cde00000, 0x00000000cdf00000|  0%| F|  |TAMS 0x00000000cde00000, 0x00000000cde00000| Untracked 
| 223|0x00000000cdf00000, 0x00000000cdf00000, 0x00000000ce000000|  0%| F|  |TAMS 0x00000000cdf00000, 0x00000000cdf00000| Untracked 
| 224|0x00000000ce000000, 0x00000000ce000000, 0x00000000ce100000|  0%| F|  |TAMS 0x00000000ce000000, 0x00000000ce000000| Untracked 
| 225|0x00000000ce100000, 0x00000000ce100000, 0x00000000ce200000|  0%| F|  |TAMS 0x00000000ce100000, 0x00000000ce100000| Untracked 
| 226|0x00000000ce200000, 0x00000000ce200000, 0x00000000ce300000|  0%| F|  |TAMS 0x00000000ce200000, 0x00000000ce200000| Untracked 
| 227|0x00000000ce300000, 0x00000000ce300000, 0x00000000ce400000|  0%| F|  |TAMS 0x00000000ce300000, 0x00000000ce300000| Untracked 
| 228|0x00000000ce400000, 0x00000000ce400000, 0x00000000ce500000|  0%| F|  |TAMS 0x00000000ce400000, 0x00000000ce400000| Untracked 
| 229|0x00000000ce500000, 0x00000000ce500000, 0x00000000ce600000|  0%| F|  |TAMS 0x00000000ce500000, 0x00000000ce500000| Untracked 
| 230|0x00000000ce600000, 0x00000000ce600000, 0x00000000ce700000|  0%| F|  |TAMS 0x00000000ce600000, 0x00000000ce600000| Untracked 
| 231|0x00000000ce700000, 0x00000000ce700000, 0x00000000ce800000|  0%| F|  |TAMS 0x00000000ce700000, 0x00000000ce700000| Untracked 
| 232|0x00000000ce800000, 0x00000000ce800000, 0x00000000ce900000|  0%| F|  |TAMS 0x00000000ce800000, 0x00000000ce800000| Untracked 
| 233|0x00000000ce900000, 0x00000000ce900000, 0x00000000cea00000|  0%| F|  |TAMS 0x00000000ce900000, 0x00000000ce900000| Untracked 
| 234|0x00000000cea00000, 0x00000000cea00000, 0x00000000ceb00000|  0%| F|  |TAMS 0x00000000cea00000, 0x00000000cea00000| Untracked 
| 235|0x00000000ceb00000, 0x00000000ceb00000, 0x00000000cec00000|  0%| F|  |TAMS 0x00000000ceb00000, 0x00000000ceb00000| Untracked 
| 236|0x00000000cec00000, 0x00000000cec00000, 0x00000000ced00000|  0%| F|  |TAMS 0x00000000cec00000, 0x00000000cec00000| Untracked 
| 237|0x00000000ced00000, 0x00000000ced00000, 0x00000000cee00000|  0%| F|  |TAMS 0x00000000ced00000, 0x00000000ced00000| Untracked 
| 238|0x00000000cee00000, 0x00000000cee00000, 0x00000000cef00000|  0%| F|  |TAMS 0x00000000cee00000, 0x00000000cee00000| Untracked 
| 239|0x00000000cef00000, 0x00000000cef00000, 0x00000000cf000000|  0%| F|  |TAMS 0x00000000cef00000, 0x00000000cef00000| Untracked 
| 240|0x00000000cf000000, 0x00000000cf000000, 0x00000000cf100000|  0%| F|  |TAMS 0x00000000cf000000, 0x00000000cf000000| Untracked 
| 241|0x00000000cf100000, 0x00000000cf100000, 0x00000000cf200000|  0%| F|  |TAMS 0x00000000cf100000, 0x00000000cf100000| Untracked 
| 242|0x00000000cf200000, 0x00000000cf200000, 0x00000000cf300000|  0%| F|  |TAMS 0x00000000cf200000, 0x00000000cf200000| Untracked 
| 243|0x00000000cf300000, 0x00000000cf300000, 0x00000000cf400000|  0%| F|  |TAMS 0x00000000cf300000, 0x00000000cf300000| Untracked 
| 244|0x00000000cf400000, 0x00000000cf400000, 0x00000000cf500000|  0%| F|  |TAMS 0x00000000cf400000, 0x00000000cf400000| Untracked 
| 245|0x00000000cf500000, 0x00000000cf500000, 0x00000000cf600000|  0%| F|  |TAMS 0x00000000cf500000, 0x00000000cf500000| Untracked 

Card table byte_map: [0x0000023579100000,0x0000023579300000] _byte_map_base: 0x0000023578b00000

Marking Bits (Prev, Next): (CMBitMap*) 0x0000023578b30f70, (CMBitMap*) 0x0000023578b30f38
 Prev Bits: [0x000002357a500000, 0x000002357b500000)
 Next Bits: [0x0000023579500000, 0x000002357a500000)

Polling page: 0x00000235782d0000

Metaspace:

Usage:
  Non-class:     14.93 MB capacity,    14.75 MB ( 99%) used,   141.77 KB ( <1%) free+waste,    36.81 KB ( <1%) overhead. 
      Class:      1.82 MB capacity,     1.67 MB ( 92%) used,   135.26 KB (  7%) free+waste,    18.69 KB (  1%) overhead. 
       Both:     16.75 MB capacity,    16.43 MB ( 98%) used,   277.02 KB (  2%) free+waste,    55.50 KB ( <1%) overhead. 

Virtual space:
  Non-class space:       16.00 MB reserved,      15.00 MB ( 94%) committed 
      Class space:        1.00 GB reserved,       1.88 MB ( <1%) committed 
             Both:        1.02 GB reserved,      16.88 MB (  2%) committed 

Chunk freelists:
   Non-Class:  10.00 KB
       Class:  0 bytes
        Both:  10.00 KB

MaxMetaspaceSize: 17179869184.00 GB
CompressedClassSpaceSize: 1.00 GB
Initial GC threshold: 20.80 MB
Current GC threshold: 25.42 MB
CDS: off

CodeHeap 'non-profiled nmethods': size=120000Kb used=1074Kb max_used=1074Kb free=118926Kb
 bounds [0x0000023510150000, 0x00000235103c0000, 0x0000023517680000]
CodeHeap 'profiled nmethods': size=120000Kb used=5113Kb max_used=5113Kb free=114886Kb
 bounds [0x0000023508c20000, 0x0000023509120000, 0x0000023510150000]
CodeHeap 'non-nmethods': size=5760Kb used=1147Kb max_used=1204Kb free=4612Kb
 bounds [0x0000023508680000, 0x00000235088f0000, 0x0000023508c20000]
 total_blobs=2601 nmethods=2207 adapters=306
 compilation: enabled
              stopped_count=0, restarted_count=0
 full_count=0

Compilation events (20 events):
Event: 4.386 Thread 0x000002357df48000 nmethod 2336 0x0000023509100790 code [0x0000023509100940, 0x0000023509100af8]
Event: 4.386 Thread 0x000002357df48000 2337       2       com.android.tools.r8.graph.N2::g (64 bytes)
Event: 4.387 Thread 0x000002357df48000 nmethod 2337 0x0000023509100c10 code [0x0000023509100e40, 0x00000235091011c8]
Event: 4.437 Thread 0x000002357df48000 2338   !   2       java.lang.ref.ReferenceQueue::enqueue (119 bytes)
Event: 4.438 Thread 0x000002357df48000 nmethod 2338 0x0000023509101390 code [0x0000023509101560, 0x0000023509101a88]
Event: 4.438 Thread 0x000002357df48000 2339   !   2       java.lang.ref.ReferenceQueue::remove (125 bytes)
Event: 4.439 Thread 0x000002357df48000 nmethod 2339 0x0000023509101c10 code [0x0000023509101e20, 0x0000023509102478]
Event: 4.439 Thread 0x000002357df48000 2340   !   2       jdk.internal.ref.PhantomCleanable::isListEmpty (34 bytes)
Event: 4.439 Thread 0x000002357df48000 nmethod 2340 0x0000023509102790 code [0x0000023509102940, 0x0000023509102bf8]
Event: 4.468 Thread 0x000002357df48000 2344       2       com.android.tools.r8.internal.U7::<init> (10 bytes)
Event: 4.468 Thread 0x000002357df48000 nmethod 2344 0x0000023509102d10 code [0x0000023509102ec0, 0x0000023509102ff8]
Event: 4.514 Thread 0x000002357df48000 2345       2       com.android.tools.r8.internal.cb::a (17 bytes)
Event: 4.515 Thread 0x000002357df48000 nmethod 2345 0x0000023509103090 code [0x0000023509103240, 0x0000023509103368]
Event: 4.517 Thread 0x000002357df47000 nmethod 1931 0x0000023510249810 code [0x000002351024a200, 0x0000023510255310]
Event: 4.517 Thread 0x000002357df47000 2290       4       com.android.tools.r8.graph.y2::a (136 bytes)
Event: 4.518 Thread 0x000002357df48000 2346 %     2       com.android.tools.r8.internal.Pa::a @ 2407 (4413 bytes)
Event: 4.590 Thread 0x000002357df48000 nmethod 2346% 0x0000023509103410 code [0x0000023509104740, 0x0000023509111108]
Event: 4.591 Thread 0x000002357df48000 2348       2       com.android.tools.r8.graph.y2::a (112 bytes)
Event: 4.593 Thread 0x000002357df48000 nmethod 2348 0x000002350911d510 code [0x000002350911d780, 0x000002350911dfd8]
Event: 4.593 Thread 0x000002357df48000 2352 %     2       com.android.tools.r8.internal.Pa::a @ 191 (4413 bytes)

GC Heap History (20 events):
Event: 1.712 GC heap after
{Heap after GC invocations=3 (full 0):
 garbage-first heap   total 98304K, used 17394K [0x00000000c0000000, 0x0000000100000000)
  region size 1024K, 4 young (4096K), 4 survivors (4096K)
 Metaspace       used 11682K, capacity 11867K, committed 11904K, reserved 1060864K
  class space    used 1104K, capacity 1146K, committed 1152K, reserved 1048576K
}
Event: 1.864 GC heap before
{Heap before GC invocations=3 (full 0):
 garbage-first heap   total 98304K, used 50162K [0x00000000c0000000, 0x0000000100000000)
  region size 1024K, 36 young (36864K), 4 survivors (4096K)
 Metaspace       used 11687K, capacity 11867K, committed 11904K, reserved 1060864K
  class space    used 1104K, capacity 1146K, committed 1152K, reserved 1048576K
}
Event: 1.873 GC heap after
{Heap after GC invocations=4 (full 0):
 garbage-first heap   total 98304K, used 24254K [0x00000000c0000000, 0x0000000100000000)
  region size 1024K, 5 young (5120K), 5 survivors (5120K)
 Metaspace       used 11687K, capacity 11867K, committed 11904K, reserved 1060864K
  class space    used 1104K, capacity 1146K, committed 1152K, reserved 1048576K
}
Event: 2.304 GC heap before
{Heap before GC invocations=4 (full 0):
 garbage-first heap   total 98304K, used 58046K [0x00000000c0000000, 0x0000000100000000)
  region size 1024K, 38 young (38912K), 5 survivors (5120K)
 Metaspace       used 13264K, capacity 13496K, committed 13696K, reserved 1060864K
  class space    used 1295K, capacity 1383K, committed 1408K, reserved 1048576K
}
Event: 2.329 GC heap after
{Heap after GC invocations=5 (full 0):
 garbage-first heap   total 118784K, used 31706K [0x00000000c0000000, 0x0000000100000000)
  region size 1024K, 5 young (5120K), 5 survivors (5120K)
 Metaspace       used 13264K, capacity 13496K, committed 13696K, reserved 1060864K
  class space    used 1295K, capacity 1383K, committed 1408K, reserved 1048576K
}
Event: 2.555 GC heap before
{Heap before GC invocations=5 (full 0):
 garbage-first heap   total 118784K, used 68570K [0x00000000c0000000, 0x0000000100000000)
  region size 1024K, 42 young (43008K), 5 survivors (5120K)
 Metaspace       used 13469K, capacity 13711K, committed 13824K, reserved 1060864K
  class space    used 1322K, capacity 1435K, committed 1536K, reserved 1048576K
}
Event: 2.609 GC heap after
{Heap after GC invocations=6 (full 0):
 garbage-first heap   total 118784K, used 43008K [0x00000000c0000000, 0x0000000100000000)
  region size 1024K, 6 young (6144K), 6 survivors (6144K)
 Metaspace       used 13469K, capacity 13711K, committed 13824K, reserved 1060864K
  class space    used 1322K, capacity 1435K, committed 1536K, reserved 1048576K
}
Event: 2.828 GC heap before
{Heap before GC invocations=6 (full 0):
 garbage-first heap   total 118784K, used 77824K [0x00000000c0000000, 0x0000000100000000)
  region size 1024K, 40 young (40960K), 6 survivors (6144K)
 Metaspace       used 13546K, capacity 13776K, committed 14080K, reserved 1062912K
  class space    used 1322K, capacity 1435K, committed 1536K, reserved 1048576K
}
Event: 2.904 GC heap after
{Heap after GC invocations=7 (full 0):
 garbage-first heap   total 118784K, used 52224K [0x00000000c0000000, 0x0000000100000000)
  region size 1024K, 5 young (5120K), 5 survivors (5120K)
 Metaspace       used 13546K, capacity 13776K, committed 14080K, reserved 1062912K
  class space    used 1322K, capacity 1435K, committed 1536K, reserved 1048576K
}
Event: 3.008 GC heap before
{Heap before GC invocations=7 (full 0):
 garbage-first heap   total 118784K, used 83968K [0x00000000c0000000, 0x0000000100000000)
  region size 1024K, 36 young (36864K), 5 survivors (5120K)
 Metaspace       used 13626K, capacity 13845K, committed 14080K, reserved 1062912K
  class space    used 1322K, capacity 1435K, committed 1536K, reserved 1048576K
}
Event: 3.070 GC heap after
{Heap after GC invocations=8 (full 0):
 garbage-first heap   total 118784K, used 59904K [0x00000000c0000000, 0x0000000100000000)
  region size 1024K, 5 young (5120K), 5 survivors (5120K)
 Metaspace       used 13626K, capacity 13845K, committed 14080K, reserved 1062912K
  class space    used 1322K, capacity 1435K, committed 1536K, reserved 1048576K
}
Event: 3.420 GC heap before
{Heap before GC invocations=8 (full 0):
 garbage-first heap   total 118784K, used 87552K [0x00000000c0000000, 0x0000000100000000)
  region size 1024K, 32 young (32768K), 5 survivors (5120K)
 Metaspace       used 15099K, capacity 15377K, committed 15488K, reserved 1062912K
  class space    used 1533K, capacity 1648K, committed 1664K, reserved 1048576K
}
Event: 3.469 GC heap after
{Heap after GC invocations=9 (full 0):
 garbage-first heap   total 251904K, used 65536K [0x00000000c0000000, 0x0000000100000000)
  region size 1024K, 4 young (4096K), 4 survivors (4096K)
 Metaspace       used 15099K, capacity 15377K, committed 15488K, reserved 1062912K
  class space    used 1533K, capacity 1648K, committed 1664K, reserved 1048576K
}
Event: 3.676 GC heap before
{Heap before GC invocations=10 (full 0):
 garbage-first heap   total 251904K, used 115712K [0x00000000c0000000, 0x0000000100000000)
  region size 1024K, 53 young (54272K), 4 survivors (4096K)
 Metaspace       used 15093K, capacity 15332K, committed 15616K, reserved 1062912K
  class space    used 1507K, capacity 1620K, committed 1792K, reserved 1048576K
}
Event: 3.705 GC heap after
{Heap after GC invocations=11 (full 0):
 garbage-first heap   total 251904K, used 75727K [0x00000000c0000000, 0x0000000100000000)
  region size 1024K, 7 young (7168K), 7 survivors (7168K)
 Metaspace       used 15093K, capacity 15332K, committed 15616K, reserved 1062912K
  class space    used 1507K, capacity 1620K, committed 1792K, reserved 1048576K
}
Event: 3.834 GC heap before
{Heap before GC invocations=11 (full 0):
 garbage-first heap   total 251904K, used 142287K [0x00000000c0000000, 0x0000000100000000)
  region size 1024K, 73 young (74752K), 7 survivors (7168K)
 Metaspace       used 15093K, capacity 15332K, committed 15616K, reserved 1062912K
  class space    used 1507K, capacity 1620K, committed 1792K, reserved 1048576K
}
Event: 3.872 GC heap after
{Heap after GC invocations=12 (full 0):
 garbage-first heap   total 251904K, used 89086K [0x00000000c0000000, 0x0000000100000000)
  region size 1024K, 10 young (10240K), 10 survivors (10240K)
 Metaspace       used 15093K, capacity 15332K, committed 15616K, reserved 1062912K
  class space    used 1507K, capacity 1620K, committed 1792K, reserved 1048576K
}
Event: 4.392 GC heap before
{Heap before GC invocations=12 (full 0):
 garbage-first heap   total 251904K, used 160766K [0x00000000c0000000, 0x0000000100000000)
  region size 1024K, 80 young (81920K), 10 survivors (10240K)
 Metaspace       used 16817K, capacity 17090K, committed 17280K, reserved 1064960K
  class space    used 1714K, capacity 1868K, committed 1920K, reserved 1048576K
}
Event: 4.434 GC heap after
{Heap after GC invocations=13 (full 0):
 garbage-first heap   total 251904K, used 102400K [0x00000000c0000000, 0x0000000100000000)
  region size 1024K, 10 young (10240K), 10 survivors (10240K)
 Metaspace       used 16817K, capacity 17090K, committed 17280K, reserved 1064960K
  class space    used 1714K, capacity 1868K, committed 1920K, reserved 1048576K
}
Event: 4.648 GC heap before
{Heap before GC invocations=13 (full 0):
 garbage-first heap   total 251904K, used 173056K [0x00000000c0000000, 0x0000000100000000)
  region size 1024K, 79 young (80896K), 10 survivors (10240K)
 Metaspace       used 16821K, capacity 17154K, committed 17280K, reserved 1064960K
  class space    used 1714K, capacity 1868K, committed 1920K, reserved 1048576K
}

Deoptimization events (20 events):
Event: 3.958 Thread 0x0000023578aff000 DEOPT PACKING pc=0x0000023508cd6667 sp=0x00000056087fdcb0
Event: 3.958 Thread 0x0000023578aff000 DEOPT UNPACKING pc=0x00000235086ca95e sp=0x00000056087fd148 mode 0
Event: 4.078 Thread 0x0000023578aff000 DEOPT PACKING pc=0x0000023508cd6667 sp=0x00000056087fdbe0
Event: 4.078 Thread 0x0000023578aff000 DEOPT UNPACKING pc=0x00000235086ca95e sp=0x00000056087fd078 mode 0
Event: 4.337 Thread 0x000002357f340000 DEOPT PACKING pc=0x00000235090edceb sp=0x0000005609cfe3f0
Event: 4.337 Thread 0x000002357f340000 DEOPT UNPACKING pc=0x00000235086ca95e sp=0x0000005609cfd8c8 mode 0
Event: 4.338 Thread 0x000002357f0d9800 DEOPT PACKING pc=0x00000235090eee68 sp=0x0000005609bfe630
Event: 4.338 Thread 0x000002357f0d9800 DEOPT UNPACKING pc=0x00000235086ca95e sp=0x0000005609bfdb68 mode 0
Event: 4.354 Thread 0x000002357f1f4000 Uncommon trap: trap_request=0xffffff4d fr.pc=0x0000023510247434 relative=0x0000000000000254
Event: 4.354 Thread 0x000002357f1f4000 Uncommon trap: reason=unstable_if action=reinterpret pc=0x0000023510247434 method=com.android.tools.r8.graph.X0.h(Ljava/lang/Object;)Z @ 23 c2
Event: 4.354 Thread 0x000002357f1f4000 DEOPT PACKING pc=0x0000023510247434 sp=0x00000056098fe0d0
Event: 4.354 Thread 0x000002357f1f4000 DEOPT UNPACKING pc=0x00000235086ca1af sp=0x00000056098fe070 mode 2
Event: 4.518 Thread 0x000002357eea1000 Uncommon trap: trap_request=0xffffff7e fr.pc=0x0000023510253928 relative=0x0000000000009728
Event: 4.518 Thread 0x000002357f340000 Uncommon trap: trap_request=0xffffffde fr.pc=0x0000023510251e48 relative=0x0000000000007c48
Event: 4.518 Thread 0x000002357eea1000 Uncommon trap: reason=predicate action=maybe_recompile pc=0x0000023510253928 method=com.android.tools.r8.internal.Pa.a(Lcom/android/tools/r8/internal/cb;[Lcom/android/tools/r8/internal/Z3;I)V @ 3863 c2
Event: 4.518 Thread 0x000002357f340000 Uncommon trap: reason=class_check action=maybe_recompile pc=0x0000023510251e48 method=com.android.tools.r8.internal.Pa.a(Lcom/android/tools/r8/internal/cb;[Lcom/android/tools/r8/internal/Z3;I)V @ 1347 c2
Event: 4.518 Thread 0x000002357eea1000 DEOPT PACKING pc=0x0000023510253928 sp=0x0000005609dfe7e0
Event: 4.518 Thread 0x000002357f340000 DEOPT PACKING pc=0x0000023510251e48 sp=0x0000005609cfe270
Event: 4.518 Thread 0x000002357eea1000 DEOPT UNPACKING pc=0x00000235086ca1af sp=0x0000005609dfe770 mode 2
Event: 4.518 Thread 0x000002357f340000 DEOPT UNPACKING pc=0x00000235086ca1af sp=0x0000005609cfe1e8 mode 2

Classes redefined (0 events):
No events

Internal exceptions (20 events):
Event: 2.166 Thread 0x000002357f0d9800 Exception <a 'java/lang/NoSuchMethodError'{0x00000000c4ba9850}: 'long java.lang.invoke.DirectMethodHandle$Holder.invokeStatic(java.lang.Object, java.lang.Object)'> (0x00000000c4ba9850) thrown at [./src/hotspot/share/interpreter/linkResolver.cpp, line 773]
Event: 2.166 Thread 0x000002357eea1000 Exception <a 'java/lang/NoSuchMethodError'{0x00000000c4a33c50}: 'long java.lang.invoke.DirectMethodHandle$Holder.invokeStatic(java.lang.Object, java.lang.Object)'> (0x00000000c4a33c50) thrown at [./src/hotspot/share/interpreter/linkResolver.cpp, line 773]
Event: 2.166 Thread 0x000002357f1f4000 Exception <a 'java/lang/NoSuchMethodError'{0x00000000c4873c48}: 'long java.lang.invoke.DirectMethodHandle$Holder.invokeStatic(java.lang.Object, java.lang.Object)'> (0x00000000c4873c48) thrown at [./src/hotspot/share/interpreter/linkResolver.cpp, line 773]
Event: 2.167 Thread 0x000002357f340000 Exception <a 'java/lang/NoSuchMethodError'{0x00000000c494a8e8}: 'long java.lang.invoke.DirectMethodHandle$Holder.invokeStaticInit(java.lang.Object, java.lang.Object)'> (0x00000000c494a8e8) thrown at [./src/hotspot/share/interpreter/linkResolver.cpp, line 773]
Event: 2.167 Thread 0x000002357eea1000 Exception <a 'java/lang/NoSuchMethodError'{0x00000000c4a36a30}: 'long java.lang.invoke.DirectMethodHandle$Holder.invokeStaticInit(java.lang.Object, java.lang.Object)'> (0x00000000c4a36a30) thrown at [./src/hotspot/share/interpreter/linkResolver.cpp, line 773]
Event: 2.167 Thread 0x000002357f1f4000 Exception <a 'java/lang/NoSuchMethodError'{0x00000000c4876a28}: 'long java.lang.invoke.DirectMethodHandle$Holder.invokeStaticInit(java.lang.Object, java.lang.Object)'> (0x00000000c4876a28) thrown at [./src/hotspot/share/interpreter/linkResolver.cpp, line 773]
Event: 2.167 Thread 0x000002357f0d9800 Exception <a 'java/lang/NoSuchMethodError'{0x00000000c4bac630}: 'long java.lang.invoke.DirectMethodHandle$Holder.invokeStaticInit(java.lang.Object, java.lang.Object)'> (0x00000000c4bac630) thrown at [./src/hotspot/share/interpreter/linkResolver.cpp, line 773]
Event: 2.453 Thread 0x000002357f0d9800 Exception <a 'java/lang/NoSuchMethodError'{0x00000000c5f11130}: 'void java.lang.invoke.DirectMethodHandle$Holder.invokeSpecial(java.lang.Object, java.lang.Object, java.lang.Object, java.lang.Object, java.lang.Object)'> (0x00000000c5f11130) thrown at [./src/hotspot/share/interpreter/linkResolver.cpp, line 773]
Event: 2.453 Thread 0x000002357eea1000 Exception <a 'java/lang/NoSuchMethodError'{0x00000000c5f3f2c8}: 'void java.lang.invoke.DirectMethodHandle$Holder.invokeSpecial(java.lang.Object, java.lang.Object, java.lang.Object, java.lang.Object, java.lang.Object)'> (0x00000000c5f3f2c8) thrown at [./src/hotspot/share/interpreter/linkResolver.cpp, line 773]
Event: 2.453 Thread 0x000002357f340000 Exception <a 'java/lang/NoSuchMethodError'{0x00000000c60ee560}: 'void java.lang.invoke.DirectMethodHandle$Holder.invokeSpecial(java.lang.Object, java.lang.Object, java.lang.Object, java.lang.Object, java.lang.Object)'> (0x00000000c60ee560) thrown at [./src/hotspot/share/interpreter/linkResolver.cpp, line 773]
Event: 2.454 Thread 0x000002357f1f4000 Exception <a 'java/lang/NoSuchMethodError'{0x00000000c60b7108}: 'void java.lang.invoke.DirectMethodHandle$Holder.invokeSpecial(java.lang.Object, java.lang.Object, java.lang.Object, java.lang.Object, java.lang.Object)'> (0x00000000c60b7108) thrown at [./src/hotspot/share/interpreter/linkResolver.cpp, line 773]
Event: 3.210 Thread 0x0000023578aff000 Exception <a 'java/lang/NoSuchMethodError'{0x00000000c6568398}: 'int java.lang.invoke.DirectMethodHandle$Holder.invokeSpecial(java.lang.Object, java.lang.Object, java.lang.Object, java.lang.Object)'> (0x00000000c6568398) thrown at [./src/hotspot/share/interpreter/linkResolver.cpp, line 773]
Event: 3.234 Thread 0x0000023578aff000 Exception <a 'java/lang/NoSuchMethodError'{0x00000000c65d3cf8}: 'void java.lang.invoke.DirectMethodHandle$Holder.invokeSpecial(java.lang.Object, java.lang.Object)'> (0x00000000c65d3cf8) thrown at [./src/hotspot/share/interpreter/linkResolver.cpp, line 773]
Event: 3.280 Thread 0x0000023578aff000 Exception <a 'java/lang/IncompatibleClassChangeError'{0x00000000c64ac718}: Found class java.lang.Object, but interface was expected> (0x00000000c64ac718) thrown at [./src/hotspot/share/interpreter/linkResolver.cpp, line 839]
Event: 3.285 Thread 0x0000023578aff000 Exception <a 'java/lang/NoSuchMethodError'{0x00000000c64b1640}: 'java.lang.Object java.lang.invoke.DirectMethodHandle$Holder.invokeStatic(java.lang.Object, java.lang.Object, java.lang.Object, int)'> (0x00000000c64b1640) thrown at [./src/hotspot/share/interpreter/linkResolver.cpp, line 773]
Event: 3.288 Thread 0x0000023578aff000 Exception <a 'java/lang/NoSuchMethodError'{0x00000000c64bb880}: 'void java.lang.invoke.DirectMethodHandle$Holder.invokeStatic(java.lang.Object, java.lang.Object, java.lang.Object, java.lang.Object, java.lang.Object, java.lang.Object)'> (0x00000000c64bb880) thrown at [./src/hotspot/share/interpreter/linkResolver.cpp, line 773]
Event: 3.291 Thread 0x0000023578aff000 Exception <a 'java/lang/NoSuchMethodError'{0x00000000c64c9b58}: 'java.lang.Object java.lang.invoke.Invokers$Holder.linkToTargetMethod(java.lang.Object, java.lang.Object, int, java.lang.Object)'> (0x00000000c64c9b58) thrown at [./src/hotspot/share/interpreter/linkResolver.cpp, line 773]
Event: 3.526 Thread 0x000002357f340000 Implicit null exception at 0x000002351020806f to 0x0000023510208118
Event: 4.138 Thread 0x0000023578aff000 Exception <a 'java/lang/NoSuchMethodError'{0x00000000ccd6e670}: 'java.lang.Object java.lang.invoke.DirectMethodHandle$Holder.invokeStaticInit(java.lang.Object, java.lang.Object, java.lang.Object)'> (0x00000000ccd6e670) thrown at [./src/hotspot/share/interpreter/linkResolver.cpp, line 773]
Event: 4.197 Thread 0x0000023578aff000 Exception <a 'java/lang/NoSuchMethodError'{0x00000000ccc07590}: 'java.lang.Object java.lang.invoke.DirectMethodHandle$Holder.invokeStatic(java.lang.Object, int, java.lang.Object, java.lang.Object)'> (0x00000000ccc07590) thrown at [./src/hotspot/share/interpreter/linkResolver.cpp, line 773]

Events (20 events):
Event: 4.312 loading class com/android/tools/r8/graph/d3 done
Event: 4.313 loading class com/android/tools/r8/graph/d3
Event: 4.313 loading class com/android/tools/r8/graph/d3 done
Event: 4.313 loading class com/android/tools/r8/graph/d3
Event: 4.313 loading class com/android/tools/r8/graph/d3 done
Event: 4.315 loading class com/android/tools/r8/graph/d3
Event: 4.315 loading class com/android/tools/r8/graph/d3 done
Event: 4.315 loading class com/android/tools/r8/internal/A7
Event: 4.315 loading class com/android/tools/r8/internal/A7 done
Event: 4.315 loading class com/android/tools/r8/internal/mH
Event: 4.315 loading class com/android/tools/r8/internal/mH done
Event: 4.315 loading class com/android/tools/r8/internal/mH
Event: 4.315 loading class com/android/tools/r8/internal/mH done
Event: 4.316 loading class com/android/tools/r8/internal/mH
Event: 4.316 loading class com/android/tools/r8/internal/mH done
Event: 4.377 loading class com/android/tools/r8/internal/mR
Event: 4.377 loading class com/android/tools/r8/internal/mR done
Event: 4.392 Executing VM operation: G1CollectForAllocation
Event: 4.434 Executing VM operation: G1CollectForAllocation done
Event: 4.647 Executing VM operation: G1CollectForAllocation


Dynamic libraries:
0x00007ff795930000 - 0x00007ff79593d000 	C:\Program Files\Microsoft\jdk-11.0.16.101-hotspot\bin\java.exe
0x00007ffc6f190000 - 0x00007ffc6f3a4000 	C:\WINDOWS\SYSTEM32\ntdll.dll
0x00007ffc6e9a0000 - 0x00007ffc6ea64000 	C:\WINDOWS\System32\KERNEL32.DLL
0x00007ffc6ca60000 - 0x00007ffc6ce04000 	C:\WINDOWS\System32\KERNELBASE.dll
0x00007ffc6c690000 - 0x00007ffc6c7a1000 	C:\WINDOWS\System32\ucrtbase.dll
0x00007ffc5d200000 - 0x00007ffc5d217000 	C:\Program Files\Microsoft\jdk-11.0.16.101-hotspot\bin\jli.dll
0x00007ffc66590000 - 0x00007ffc665a5000 	C:\Program Files\Microsoft\jdk-11.0.16.101-hotspot\bin\VCRUNTIME140.dll
0x00007ffc6dfc0000 - 0x00007ffc6e16a000 	C:\WINDOWS\System32\USER32.dll
0x00007ffc6c7b0000 - 0x00007ffc6c7d6000 	C:\WINDOWS\System32\win32u.dll
0x00007ffc6f100000 - 0x00007ffc6f129000 	C:\WINDOWS\System32\GDI32.dll
0x00007ffc5a4b0000 - 0x00007ffc5a73f000 	C:\WINDOWS\WinSxS\amd64_microsoft.windows.common-controls_6595b64144ccf1df_6.0.22621.2070_none_2713e6537381f706\COMCTL32.dll
0x00007ffc6c570000 - 0x00007ffc6c689000 	C:\WINDOWS\System32\gdi32full.dll
0x00007ffc6d740000 - 0x00007ffc6d7e7000 	C:\WINDOWS\System32\msvcrt.dll
0x00007ffc6c7e0000 - 0x00007ffc6c87a000 	C:\WINDOWS\System32\msvcp_win.dll
0x00007ffc6eec0000 - 0x00007ffc6eef1000 	C:\WINDOWS\System32\IMM32.DLL
0x00007ffc3b350000 - 0x00007ffc3b3eb000 	C:\Program Files\Microsoft\jdk-11.0.16.101-hotspot\bin\msvcp140.dll
0x00007ffba15e0000 - 0x00007ffba216a000 	C:\Program Files\Microsoft\jdk-11.0.16.101-hotspot\bin\server\jvm.dll
0x00007ffc6d930000 - 0x00007ffc6d9e0000 	C:\WINDOWS\System32\ADVAPI32.dll
0x00007ffc6f050000 - 0x00007ffc6f0f6000 	C:\WINDOWS\System32\sechost.dll
0x00007ffc6d110000 - 0x00007ffc6d227000 	C:\WINDOWS\System32\RPCRT4.dll
0x00007ffc6da60000 - 0x00007ffc6da68000 	C:\WINDOWS\System32\PSAPI.DLL
0x00007ffc5f540000 - 0x00007ffc5f549000 	C:\WINDOWS\SYSTEM32\WSOCK32.dll
0x00007ffc65d80000 - 0x00007ffc65d8a000 	C:\WINDOWS\SYSTEM32\VERSION.dll
0x00007ffc64f20000 - 0x00007ffc64f54000 	C:\WINDOWS\SYSTEM32\WINMM.dll
0x00007ffc6d6c0000 - 0x00007ffc6d731000 	C:\WINDOWS\System32\WS2_32.dll
0x00007ffc6b560000 - 0x00007ffc6b578000 	C:\WINDOWS\SYSTEM32\kernel.appcore.dll
0x00007ffc5f4f0000 - 0x00007ffc5f500000 	C:\Program Files\Microsoft\jdk-11.0.16.101-hotspot\bin\verify.dll
0x00007ffc67600000 - 0x00007ffc6782e000 	C:\WINDOWS\SYSTEM32\DBGHELP.DLL
0x00007ffc6da90000 - 0x00007ffc6de1a000 	C:\WINDOWS\System32\combase.dll
0x00007ffc6ea70000 - 0x00007ffc6eb47000 	C:\WINDOWS\System32\OLEAUT32.dll
0x00007ffc675c0000 - 0x00007ffc675f2000 	C:\WINDOWS\SYSTEM32\dbgcore.DLL
0x00007ffc6ce10000 - 0x00007ffc6ce8a000 	C:\WINDOWS\System32\bcryptPrimitives.dll
0x00007ffc589d0000 - 0x00007ffc589f8000 	C:\Program Files\Microsoft\jdk-11.0.16.101-hotspot\bin\java.dll
0x00007ffc5a760000 - 0x00007ffc5a76a000 	C:\Program Files\Microsoft\jdk-11.0.16.101-hotspot\bin\jimage.dll
0x00007ffc52d50000 - 0x00007ffc52d68000 	C:\Program Files\Microsoft\jdk-11.0.16.101-hotspot\bin\zip.dll
0x00007ffc6e180000 - 0x00007ffc6e996000 	C:\WINDOWS\System32\SHELL32.dll
0x00007ffc6a540000 - 0x00007ffc6ae2a000 	C:\WINDOWS\SYSTEM32\windows.storage.dll
0x00007ffc6a400000 - 0x00007ffc6a53e000 	C:\WINDOWS\SYSTEM32\wintypes.dll
0x00007ffc6edc0000 - 0x00007ffc6eeb3000 	C:\WINDOWS\System32\SHCORE.dll
0x00007ffc6eb50000 - 0x00007ffc6ebae000 	C:\WINDOWS\System32\shlwapi.dll
0x00007ffc6c4a0000 - 0x00007ffc6c4c6000 	C:\WINDOWS\SYSTEM32\profapi.dll
0x00007ffc4b7b0000 - 0x00007ffc4b7c9000 	C:\Program Files\Microsoft\jdk-11.0.16.101-hotspot\bin\net.dll
0x00007ffc61ab0000 - 0x00007ffc61be7000 	C:\WINDOWS\SYSTEM32\WINHTTP.dll
0x00007ffc6ba30000 - 0x00007ffc6ba99000 	C:\WINDOWS\system32\mswsock.dll
0x00007ffc4b790000 - 0x00007ffc4b7a3000 	C:\Program Files\Microsoft\jdk-11.0.16.101-hotspot\bin\nio.dll

dbghelp: loaded successfully - version: 4.0.5 - missing functions: none
symbol engine: initialized successfully - sym options: 0x614 - pdb path: .;C:\Program Files\Microsoft\jdk-11.0.16.101-hotspot\bin;C:\WINDOWS\SYSTEM32;C:\WINDOWS\WinSxS\amd64_microsoft.windows.common-controls_6595b64144ccf1df_6.0.22621.2070_none_2713e6537381f706;C:\Program Files\Microsoft\jdk-11.0.16.101-hotspot\bin\server

VM Arguments:
jvm_args: -Xmx1G 
java_command: com.android.tools.r8.D8 --debug --min-api 21 --output obj\Debug\130\android\bin\ --lib C:\Program Files (x86)\Android\android-sdk\platforms\android-33\android.jar obj\Debug\130\android\bin\classes.zip C:\Program Files\Microsoft Visual Studio\2022\Community\Common7\IDE\ReferenceAssemblies\Microsoft\Framework\MonoAndroid\v13.0\mono.android.jar C:\Program Files\Microsoft Visual Studio\2022\Community\MSBuild\Xamarin\Android\java_runtime_fastdev.jar C:\Users\Pancho\.nuget\packages\xamarin.google.guava.listenablefuture\1.0.0.2\buildTransitive\monoandroid50\guava-listenablefuture.jar C:\Users\Pancho\.nuget\packages\xamarin.androidx.annotation\1.2.0.1\buildTransitive\monoandroid90\..\..\jar\androidx.annotation.annotation.jar C:\Users\Pancho\.nuget\packages\xamarin.androidx.collection\1.1.0.8\buildTransitive\monoandroid90\..\..\jar\androidx.collection.collection.jar C:\Users\Pancho\.nuget\packages\xamarin.androidx.lifecycle.common\2.3.1.1\buildTransitive\monoandroid90\..\..\jar\androidx.lifecycle.lifecycle-common.jar C:\Users\Pancho\.nuget\packages\xamarin.androidx.arch.core.common\2.1.0.9\buildTransitive\monoandroid90\..\..\jar\androidx.arch.core.core-common.jar C:\Users\Pancho\.nuget\packages\xamarin.androidx.constraintlayout.core\1.0.0\buildTransitive\monoandroid90\..\..\jar\androidx.constraintlayout.constraintlayout-core.jar C:\Users\Pancho\.nuget\packages\xamarin.androidx.concurrent.futures\1.1.0.3\buildTransitive\monoandroid90\..\..\jar\androidx.concurrent.concurrent-futures.jar obj\Debug\130\lp\1\jl\formsviewgroup.jar obj\Debug\130\lp\100\jl\classes.jar obj\Debug\130\lp\101\jl\classes.jar obj\Debug\130\lp\102\jl\classes.jar obj\Debug\130\lp\103\jl\classes.jar obj\Debug\130\lp\104\jl\classes.jar obj\Debug\130\lp\105\jl\classes.jar obj\Debug\130\lp\107\jl\classes.jar obj\Debug\130\lp\62\jl\classes.jar obj\Debug\130\lp\63\jl\classes.jar obj\Debug\130\lp\64\jl\classes.jar obj\Debug\130\lp\65\jl\classes.jar obj\Debug\130\lp\66\jl\classes.jar obj\Debug\130\l
java_class_path (initial): C:\Program Files\Microsoft Visual Studio\2022\Community\MSBuild\Xamarin\Android\r8.jar
Launcher Type: SUN_STANDARD

[Global flags]
     intx CICompilerCount                          = 4                                         {product} {ergonomic}
     uint ConcGCThreads                            = 2                                         {product} {ergonomic}
     uint G1ConcRefinementThreads                  = 8                                         {product} {ergonomic}
   size_t G1HeapRegionSize                         = 1048576                                   {product} {ergonomic}
    uintx GCDrainStackTargetSize                   = 64                                        {product} {ergonomic}
   size_t InitialHeapSize                          = 100663296                                 {product} {ergonomic}
   size_t MarkStackSize                            = 4194304                                   {product} {ergonomic}
   size_t MaxHeapSize                              = 1073741824                                {product} {command line}
   size_t MaxNewSize                               = 643825664                                 {product} {ergonomic}
   size_t MinHeapDeltaBytes                        = 1048576                                   {product} {ergonomic}
    uintx NonNMethodCodeHeapSize                   = 5836300                                {pd product} {ergonomic}
    uintx NonProfiledCodeHeapSize                  = 122910970                              {pd product} {ergonomic}
    uintx ProfiledCodeHeapSize                     = 122910970                              {pd product} {ergonomic}
    uintx ReservedCodeCacheSize                    = 251658240                              {pd product} {ergonomic}
     bool SegmentedCodeCache                       = true                                      {product} {ergonomic}
     bool UseCompressedClassPointers               = true                                 {lp64_product} {ergonomic}
     bool UseCompressedOops                        = true                                 {lp64_product} {ergonomic}
     bool UseG1GC                                  = true                                      {product} {ergonomic}
     bool UseLargePagesIndividualAllocation        = false                                  {pd product} {ergonomic}

Logging:
Log output configuration:
 #0: stdout all=warning uptime,level,tags
 #1: stderr all=off uptime,level,tags

Environment Variables:
JAVA_HOME=C:\Program Files\Microsoft\jdk-11.0.16.101-hotspot
PATH=C:\Program Files\Common Files\Oracle\Java\javapath;C:\Program Files\Microsoft\jdk-11.0.16.101-hotspot\bin;C:\Windows\system32;C:\Windows;C:\Windows\System32\Wbem;C:\Windows\System32\WindowsPowerShell\v1.0\;C:\Windows\System32\OpenSSH\;C:\Program Files\Microsoft SQL Server\150\Tools\Binn\;C:\Program Files\Microsoft SQL Server\Client SDK\ODBC\170\Tools\Binn\;C:\Program Files (x86)\Microsoft SQL Server\150\Tools\Binn\;C:\Program Files\Microsoft SQL Server\150\DTS\Binn\;C:\Program Files (x86)\Microsoft SQL Server\160\DTS\Binn\;C:\Program Files\Azure Data Studio\bin;C:\Program Files\dotnet\;C:\WINDOWS\system32;C:\WINDOWS;C:\WINDOWS\System32\Wbem;C:\WINDOWS\System32\WindowsPowerShell\v1.0\;C:\WINDOWS\System32\OpenSSH\;C:\Program Files\Git\cmd;C:\Program Files\nodejs\;C:\Program Files\Java\jdk-20\bin;C:\maven\apache-maven-3.9.2\bin;C:\Users\Pancho\.console-ninja\.bin;C:\Users\Pancho\AppData\Local\Microsoft\WindowsApps;C:\Users\Pancho\.dotnet\tools;C:\Program Files\Azure Data Studio\bin;C:\Users\Pancho\.dotnet\tools;C:\Users\Pancho\AppData\Local\Microsoft\WindowsApps;C:\Users\Pancho\AppData\Roaming\npm;C:\Users\Pancho\AppData\Local\Programs\Microsoft VS Code\bin;C:\SqlLite3;C:\mongosh-2.0.1-win32-x64\bin;
USERNAME=Pancho
OS=Windows_NT
PROCESSOR_IDENTIFIER=AMD64 Family 23 Model 24 Stepping 1, AuthenticAMD
TMP=C:\Users\Pancho\AppData\Local\Temp
TEMP=C:\Users\Pancho\AppData\Local\Temp



---------------  S Y S T E M  ---------------

OS: Windows 11 , 64 bit Build 22621 (10.0.22621.2070)
OS uptime: 7 days 23:46 hours

CPU:total 8 (initial active 8) (8 cores per cpu, 2 threads per core) family 23 model 24 stepping 1 microcode 0x0, cmov, cx8, fxsr, mmx, sse, sse2, sse3, ssse3, sse4.1, sse4.2, popcnt, avx, avx2, aes, clmul, mmxext, 3dnowpref, lzcnt, sse4a, ht, tsc, tscinvbit, tscinv, bmi1, bmi2, adx, sha, fma

Memory: 4k page, system-wide physical 6091M (252M free)
TotalPageFile size 24523M (AvailPageFile size 110M)
current process WorkingSet (physical memory assigned to process): 314M, peak: 320M
current process commit charge ("private bytes"): 399M, peak: 555M

vm_info: OpenJDK 64-Bit Server VM (11.0.16.1+1-LTS) for windows-amd64 JRE (11.0.16.1+1-LTS), built on Aug 20 2022 20:09:04 by "" with MS VC++ 15.9 (VS2017)

END.
