#
# There is insufficient memory for the Java Runtime Environment to continue.
# Native memory allocation (mmap) failed to map 181403648 bytes for Failed to commit area from 0x00000000af700000 to 0x00000000ba400000 of length 181403648.
# Possible reasons:
#   The system is out of physical RAM or swap space
#   The process is running with CompressedOops enabled, and the Java Heap may be blocking the growth of the native heap
# Possible solutions:
#   Reduce memory load on the system
#   Increase physical memory or swap space
#   Check if swap backing store is full
#   Decrease Java heap size (-Xmx/-Xms)
#   Decrease number of Java threads
#   Decrease Java thread stack sizes (-Xss)
#   Set larger code cache with -XX:ReservedCodeCacheSize=
#   JVM is running with Unscaled Compressed Oops mode in which the Java heap is
#     placed in the first 4GB address space. The Java Heap base address is the
#     maximum limit for the native heap growth. Please use -XX:HeapBaseMinAddress
#     to set the Java Heap base and to place the Java Heap above 4GB virtual address.
# This output file may be truncated or incomplete.
#
#  Out of Memory Error (./src/hotspot/os/windows/os_windows.cpp:3386), pid=31436, tid=7324
#
# JRE version: OpenJDK Runtime Environment Microsoft-40648 (11.0.16.1+1) (build 11.0.16.1+1-LTS)
# Java VM: OpenJDK 64-Bit Server VM Microsoft-40648 (11.0.16.1+1-LTS, mixed mode, tiered, compressed oops, g1 gc, windows-amd64)
# No core dump will be written. Minidumps are not enabled by default on client versions of Windows
#

---------------  S U M M A R Y ------------

Command Line: com.xamarin.androidx.jetifierWrapper.Main -intermediate obj\Debug\130\androidx\_AndroidXJetifyEmbeddedFiles.jetify -parallel

Host: AMD Ryzen 7 3700U with Radeon Vega Mobile Gfx  , 8 cores, 5G,  Windows 11 , 64 bit Build 22621 (10.0.22621.2070)
Time: Thu Oct  5 20:07:03 2023 Hora verano Sudamérica Pacífico elapsed time: 9.305407 seconds (0d 0h 0m 9s)

---------------  T H R E A D  ---------------

Current thread (0x00000229329fe000):  VMThread "VM Thread" [stack: 0x0000007626800000,0x0000007626900000] [id=7324]

Stack: [0x0000007626800000,0x0000007626900000]
[error occurred during error reporting (printing stack bounds), id 0xc0000005, EXCEPTION_ACCESS_VIOLATION (0xc0000005) at pc=0x000002291cc7112d]

Native frames: (J=compiled Java code, j=interpreted, Vv=VM code, C=native code)
V  [jvm.dll+0x62652a]
V  [jvm.dll+0x7b3249]
V  [jvm.dll+0x7b4938]
V  [jvm.dll+0x7b4f75]
V  [jvm.dll+0x7b4f2b]
V  [jvm.dll+0x6258b7]
V  [jvm.dll+0x625fc8]
C  [ntdll.dll+0xa3dff]
C  [ntdll.dll+0x1e456]
C  [ntdll.dll+0xa2dee]
C  0x000002291cc7112d

VM_Operation (0x00000076275fdd30): G1CollectForAllocation, mode: safepoint, requested by thread 0x0000022933a55000


---------------  P R O C E S S  ---------------

Threads class SMR info:
_java_thread_list=0x0000022933b71320, length=21, elements={
0x0000022912d28000, 0x0000022932a20000, 0x0000022932a21000, 0x0000022932a3f800,
0x0000022932a41800, 0x0000022932a42800, 0x0000022932a44800, 0x0000022932a4f000,
0x0000022932a52000, 0x0000022933534000, 0x0000022933629800, 0x0000022933a5f000,
0x0000022933a55000, 0x0000022933a8c800, 0x0000022933a8e000, 0x0000022933ad6000,
0x0000022933afa800, 0x0000022933afa000, 0x0000022933af9000, 0x0000022933af8000,
0x0000022933ac3000
}

Java Threads: ( => current thread )
  0x0000022912d28000 JavaThread "main" [_thread_blocked, id=32604, stack(0x0000007626200000,0x0000007626300000)]
  0x0000022932a20000 JavaThread "Reference Handler" daemon [_thread_blocked, id=16872, stack(0x0000007626900000,0x0000007626a00000)]
  0x0000022932a21000 JavaThread "Finalizer" daemon [_thread_blocked, id=9584, stack(0x0000007626a00000,0x0000007626b00000)]
  0x0000022932a3f800 JavaThread "Signal Dispatcher" daemon [_thread_blocked, id=11304, stack(0x0000007626b00000,0x0000007626c00000)]
  0x0000022932a41800 JavaThread "Attach Listener" daemon [_thread_blocked, id=17824, stack(0x0000007626c00000,0x0000007626d00000)]
  0x0000022932a42800 JavaThread "Service Thread" daemon [_thread_blocked, id=21464, stack(0x0000007626d00000,0x0000007626e00000)]
  0x0000022932a44800 JavaThread "C2 CompilerThread0" daemon [_thread_in_native, id=18116, stack(0x0000007626e00000,0x0000007626f00000)]
  0x0000022932a4f000 JavaThread "C1 CompilerThread0" daemon [_thread_blocked, id=9816, stack(0x0000007626f00000,0x0000007627000000)]
  0x0000022932a52000 JavaThread "Sweeper thread" daemon [_thread_blocked, id=31932, stack(0x0000007627000000,0x0000007627100000)]
  0x0000022933534000 JavaThread "Common-Cleaner" daemon [_thread_blocked, id=14708, stack(0x0000007627200000,0x0000007627300000)]
  0x0000022933629800 JavaThread "C2 CompilerThread1" daemon [_thread_in_native, id=17148, stack(0x0000007627300000,0x0000007627400000)]
  0x0000022933a5f000 JavaThread "pool-1-thread-1" [_thread_blocked, id=10048, stack(0x0000007627400000,0x0000007627500000)]
  0x0000022933a55000 JavaThread "pool-1-thread-2" [_thread_blocked, id=22916, stack(0x0000007627500000,0x0000007627600000)]
  0x0000022933a8c800 JavaThread "pool-1-thread-3" [_thread_blocked, id=27140, stack(0x0000007627600000,0x0000007627700000)]
  0x0000022933a8e000 JavaThread "pool-1-thread-4" [_thread_blocked, id=17980, stack(0x0000007627700000,0x0000007627800000)]
  0x0000022933ad6000 JavaThread "pool-1-thread-5" [_thread_blocked, id=17744, stack(0x0000007627800000,0x0000007627900000)]
  0x0000022933afa800 JavaThread "pool-1-thread-6" [_thread_blocked, id=23356, stack(0x0000007627900000,0x0000007627a00000)]
  0x0000022933afa000 JavaThread "pool-1-thread-7" [_thread_blocked, id=31828, stack(0x0000007627a00000,0x0000007627b00000)]
  0x0000022933af9000 JavaThread "pool-1-thread-8" [_thread_blocked, id=15488, stack(0x0000007627b00000,0x0000007627c00000)]
  0x0000022933af8000 JavaThread "pool-1-thread-9" [_thread_blocked, id=19824, stack(0x0000007627c00000,0x0000007627d00000)]
  0x0000022933ac3000 JavaThread "pool-1-thread-10" [_thread_blocked, id=32032, stack(0x0000007627d00000,0x0000007627e00000)]

Other Threads:
=>0x00000229329fe000 VMThread "VM Thread" [stack: 0x0000007626800000,0x0000007626900000] [id=7324]
  0x0000022933527800 WatcherThread [stack: 0x0000007627100000,0x0000007627200000] [id=32496]
  0x0000022912d40000 GCTaskThread "GC Thread#0" [stack: 0x0000007626300000,0x0000007626400000] [id=1432]
  0x0000022933d86800 GCTaskThread "GC Thread#1" [stack: 0x0000007627e00000,0x0000007627f00000] [id=27060]
  0x0000022933d19800 GCTaskThread "GC Thread#2" [stack: 0x0000007627f00000,0x0000007628000000] [id=20756]
  0x0000022933d1a000 GCTaskThread "GC Thread#3" [stack: 0x0000007628000000,0x0000007628100000] [id=29448]
  0x0000022933d1b000 GCTaskThread "GC Thread#4" [stack: 0x0000007628100000,0x0000007628200000] [id=21560]
  0x0000022933d1b800 GCTaskThread "GC Thread#5" [stack: 0x0000007628200000,0x0000007628300000] [id=1584]
  0x0000022933c51000 GCTaskThread "GC Thread#6" [stack: 0x0000007628300000,0x0000007628400000] [id=25604]
  0x0000022933c52000 GCTaskThread "GC Thread#7" [stack: 0x0000007628400000,0x0000007628500000] [id=18284]
  0x0000022912d67800 ConcurrentGCThread "G1 Main Marker" [stack: 0x0000007626400000,0x0000007626500000] [id=15232]
  0x0000022912d6a000 ConcurrentGCThread "G1 Conc#0" [stack: 0x0000007626500000,0x0000007626600000] [id=20340]
  0x0000022912df5000 ConcurrentGCThread "G1 Refine#0" [stack: 0x0000007626600000,0x0000007626700000] [id=31260]
  0x0000022912dfa000 ConcurrentGCThread "G1 Young RemSet Sampling" [stack: 0x0000007626700000,0x0000007626800000] [id=31148]

Threads with active compile tasks:
C2 CompilerThread0     9332 2504       4       org.objectweb.asm.signature.SignatureReader::parseType (415 bytes)
C2 CompilerThread1     9333 2474       4       org.objectweb.asm.commons.Remapper::mapMethodDesc (108 bytes)

VM state:at safepoint (normal execution)

VM Mutex/Monitor currently owned by a thread:  ([mutex/lock_event])
[0x0000022912d24fd0] Threads_lock - owner thread: 0x00000229329fe000
[0x0000022912d247f0] Heap_lock - owner thread: 0x0000022933a55000

Heap address: 0x00000000a0c00000, size: 1524 MB, Compressed Oops mode: 32-bit
Narrow klass base: 0x0000000000000000, Narrow klass shift: 3
Compressed class space size: 1073741824 Address: 0x0000000100000000

Heap:
 garbage-first heap   total 417792K, used 66739K [0x00000000a0c00000, 0x0000000100000000)
  region size 1024K, 8 young (8192K), 8 survivors (8192K)
 Metaspace       used 13836K, capacity 14053K, committed 14336K, reserved 1062912K
  class space    used 1105K, capacity 1167K, committed 1280K, reserved 1048576K
Heap Regions: E=young(eden), S=young(survivor), O=old, HS=humongous(starts), HC=humongous(continues), CS=collection set, F=free, A=archive, TAMS=top-at-mark-start (previous, next)
|   0|0x00000000a0c00000, 0x00000000a0c00000, 0x00000000a0d00000|  0%| F|  |TAMS 0x00000000a0c00000, 0x00000000a0c00000| Untracked 
|   1|0x00000000a0d00000, 0x00000000a0e00000, 0x00000000a0e00000|100%| O|  |TAMS 0x00000000a0d00000, 0x00000000a0d00000| Untracked 
|   2|0x00000000a0e00000, 0x00000000a0f00000, 0x00000000a0f00000|100%| O|  |TAMS 0x00000000a0e00000, 0x00000000a0e00000| Untracked 
|   3|0x00000000a0f00000, 0x00000000a1000000, 0x00000000a1000000|100%| O|  |TAMS 0x00000000a0f00000, 0x00000000a0f00000| Untracked 
|   4|0x00000000a1000000, 0x00000000a1100000, 0x00000000a1100000|100%| O|  |TAMS 0x00000000a1000000, 0x00000000a1000000| Untracked 
|   5|0x00000000a1100000, 0x00000000a1200000, 0x00000000a1200000|100%| O|  |TAMS 0x00000000a1100000, 0x00000000a1100000| Untracked 
|   6|0x00000000a1200000, 0x00000000a1300000, 0x00000000a1300000|100%| O|  |TAMS 0x00000000a1200000, 0x00000000a1200000| Untracked 
|   7|0x00000000a1300000, 0x00000000a1400000, 0x00000000a1400000|100%| O|  |TAMS 0x00000000a1300000, 0x00000000a1300000| Untracked 
|   8|0x00000000a1400000, 0x00000000a1500000, 0x00000000a1500000|100%| O|  |TAMS 0x00000000a1400000, 0x00000000a1400000| Untracked 
|   9|0x00000000a1500000, 0x00000000a1600000, 0x00000000a1600000|100%| O|  |TAMS 0x00000000a1500000, 0x00000000a1500000| Untracked 
|  10|0x00000000a1600000, 0x00000000a1700000, 0x00000000a1700000|100%| O|  |TAMS 0x00000000a1600000, 0x00000000a1600000| Untracked 
|  11|0x00000000a1700000, 0x00000000a1800000, 0x00000000a1800000|100%| O|  |TAMS 0x00000000a1700000, 0x00000000a1700000| Untracked 
|  12|0x00000000a1800000, 0x00000000a1900000, 0x00000000a1900000|100%| O|  |TAMS 0x00000000a1800000, 0x00000000a1800000| Untracked 
|  13|0x00000000a1900000, 0x00000000a1a00000, 0x00000000a1a00000|100%| O|  |TAMS 0x00000000a1900000, 0x00000000a1900000| Untracked 
|  14|0x00000000a1a00000, 0x00000000a1b00000, 0x00000000a1b00000|100%| O|  |TAMS 0x00000000a1a00000, 0x00000000a1a00000| Untracked 
|  15|0x00000000a1b00000, 0x00000000a1c00000, 0x00000000a1c00000|100%| O|  |TAMS 0x00000000a1b00000, 0x00000000a1b00000| Untracked 
|  16|0x00000000a1c00000, 0x00000000a1d00000, 0x00000000a1d00000|100%| O|  |TAMS 0x00000000a1c00000, 0x00000000a1c00000| Untracked 
|  17|0x00000000a1d00000, 0x00000000a1e00000, 0x00000000a1e00000|100%| O|  |TAMS 0x00000000a1d00000, 0x00000000a1d00000| Untracked 
|  18|0x00000000a1e00000, 0x00000000a1f00000, 0x00000000a1f00000|100%| O|  |TAMS 0x00000000a1e00000, 0x00000000a1e00000| Untracked 
|  19|0x00000000a1f00000, 0x00000000a2000000, 0x00000000a2000000|100%| O|  |TAMS 0x00000000a1f00000, 0x00000000a1f00000| Untracked 
|  20|0x00000000a2000000, 0x00000000a2100000, 0x00000000a2100000|100%| O|  |TAMS 0x00000000a2000000, 0x00000000a2000000| Untracked 
|  21|0x00000000a2100000, 0x00000000a2200000, 0x00000000a2200000|100%| O|  |TAMS 0x00000000a2100000, 0x00000000a2100000| Untracked 
|  22|0x00000000a2200000, 0x00000000a2300000, 0x00000000a2300000|100%| O|  |TAMS 0x00000000a2200000, 0x00000000a2200000| Untracked 
|  23|0x00000000a2300000, 0x00000000a2400000, 0x00000000a2400000|100%| O|  |TAMS 0x00000000a2300000, 0x00000000a2300000| Untracked 
|  24|0x00000000a2400000, 0x00000000a2500000, 0x00000000a2500000|100%| O|  |TAMS 0x00000000a2400000, 0x00000000a2400000| Untracked 
|  25|0x00000000a2500000, 0x00000000a2600000, 0x00000000a2600000|100%| O|  |TAMS 0x00000000a2500000, 0x00000000a2500000| Untracked 
|  26|0x00000000a2600000, 0x00000000a2700000, 0x00000000a2700000|100%| O|  |TAMS 0x00000000a2600000, 0x00000000a2600000| Untracked 
|  27|0x00000000a2700000, 0x00000000a2800000, 0x00000000a2800000|100%| O|  |TAMS 0x00000000a2700000, 0x00000000a2700000| Untracked 
|  28|0x00000000a2800000, 0x00000000a2900000, 0x00000000a2900000|100%| O|  |TAMS 0x00000000a2800000, 0x00000000a2800000| Untracked 
|  29|0x00000000a2900000, 0x00000000a2a00000, 0x00000000a2a00000|100%| O|  |TAMS 0x00000000a2900000, 0x00000000a2900000| Untracked 
|  30|0x00000000a2a00000, 0x00000000a2b00000, 0x00000000a2b00000|100%| O|  |TAMS 0x00000000a2a00000, 0x00000000a2a00000| Untracked 
|  31|0x00000000a2b00000, 0x00000000a2c00000, 0x00000000a2c00000|100%| O|  |TAMS 0x00000000a2b00000, 0x00000000a2b00000| Untracked 
|  32|0x00000000a2c00000, 0x00000000a2d00000, 0x00000000a2d00000|100%| O|  |TAMS 0x00000000a2c00000, 0x00000000a2c00000| Untracked 
|  33|0x00000000a2d00000, 0x00000000a2e00000, 0x00000000a2e00000|100%| O|  |TAMS 0x00000000a2d00000, 0x00000000a2d00000| Untracked 
|  34|0x00000000a2e00000, 0x00000000a2f00000, 0x00000000a2f00000|100%| O|  |TAMS 0x00000000a2e00000, 0x00000000a2e00000| Untracked 
|  35|0x00000000a2f00000, 0x00000000a3000000, 0x00000000a3000000|100%| O|  |TAMS 0x00000000a2f00000, 0x00000000a2f00000| Untracked 
|  36|0x00000000a3000000, 0x00000000a3100000, 0x00000000a3100000|100%| O|  |TAMS 0x00000000a3000000, 0x00000000a3000000| Untracked 
|  37|0x00000000a3100000, 0x00000000a3200000, 0x00000000a3200000|100%| O|  |TAMS 0x00000000a3100000, 0x00000000a3100000| Untracked 
|  38|0x00000000a3200000, 0x00000000a3300000, 0x00000000a3300000|100%| O|  |TAMS 0x00000000a3200000, 0x00000000a3200000| Untracked 
|  39|0x00000000a3300000, 0x00000000a3400000, 0x00000000a3400000|100%| O|  |TAMS 0x00000000a3300000, 0x00000000a3300000| Untracked 
|  40|0x00000000a3400000, 0x00000000a3500000, 0x00000000a3500000|100%| O|  |TAMS 0x00000000a3400000, 0x00000000a3400000| Untracked 
|  41|0x00000000a3500000, 0x00000000a3600000, 0x00000000a3600000|100%| O|  |TAMS 0x00000000a3500000, 0x00000000a3500000| Untracked 
|  42|0x00000000a3600000, 0x00000000a3700000, 0x00000000a3700000|100%| O|  |TAMS 0x00000000a3600000, 0x00000000a3600000| Untracked 
|  43|0x00000000a3700000, 0x00000000a3800000, 0x00000000a3800000|100%| O|  |TAMS 0x00000000a3700000, 0x00000000a3700000| Untracked 
|  44|0x00000000a3800000, 0x00000000a3900000, 0x00000000a3900000|100%| O|  |TAMS 0x00000000a3800000, 0x00000000a3800000| Untracked 
|  45|0x00000000a3900000, 0x00000000a3a00000, 0x00000000a3a00000|100%| O|  |TAMS 0x00000000a3900000, 0x00000000a3900000| Untracked 
|  46|0x00000000a3a00000, 0x00000000a3b00000, 0x00000000a3b00000|100%| O|  |TAMS 0x00000000a3a00000, 0x00000000a3a00000| Untracked 
|  47|0x00000000a3b00000, 0x00000000a3c00000, 0x00000000a3c00000|100%| O|  |TAMS 0x00000000a3b00000, 0x00000000a3b00000| Untracked 
|  48|0x00000000a3c00000, 0x00000000a3d00000, 0x00000000a3d00000|100%| O|  |TAMS 0x00000000a3c00000, 0x00000000a3c00000| Untracked 
|  49|0x00000000a3d00000, 0x00000000a3e00000, 0x00000000a3e00000|100%| O|  |TAMS 0x00000000a3d00000, 0x00000000a3d00000| Untracked 
|  50|0x00000000a3e00000, 0x00000000a3f00000, 0x00000000a3f00000|100%| O|  |TAMS 0x00000000a3e00000, 0x00000000a3e00000| Untracked 
|  51|0x00000000a3f00000, 0x00000000a4000000, 0x00000000a4000000|100%| O|  |TAMS 0x00000000a3f00000, 0x00000000a3f00000| Untracked 
|  52|0x00000000a4000000, 0x00000000a4100000, 0x00000000a4100000|100%| O|  |TAMS 0x00000000a4000000, 0x00000000a4000000| Untracked 
|  53|0x00000000a4100000, 0x00000000a4200000, 0x00000000a4200000|100%| O|  |TAMS 0x00000000a4100000, 0x00000000a4100000| Untracked 
|  54|0x00000000a4200000, 0x00000000a4300000, 0x00000000a4300000|100%| O|  |TAMS 0x00000000a4200000, 0x00000000a4200000| Untracked 
|  55|0x00000000a4300000, 0x00000000a4400000, 0x00000000a4400000|100%| O|  |TAMS 0x00000000a4300000, 0x00000000a4300000| Untracked 
|  56|0x00000000a4400000, 0x00000000a4500000, 0x00000000a4500000|100%| O|  |TAMS 0x00000000a4400000, 0x00000000a4400000| Untracked 
|  57|0x00000000a4500000, 0x00000000a4600000, 0x00000000a4600000|100%| O|  |TAMS 0x00000000a4500000, 0x00000000a4500000| Untracked 
|  58|0x00000000a4600000, 0x00000000a46ba600, 0x00000000a4700000| 72%| O|  |TAMS 0x00000000a4600000, 0x00000000a4600000| Untracked 
|  59|0x00000000a4700000, 0x00000000a4700000, 0x00000000a4800000|  0%| F|  |TAMS 0x00000000a4700000, 0x00000000a4700000| Untracked 
|  60|0x00000000a4800000, 0x00000000a4800000, 0x00000000a4900000|  0%| F|  |TAMS 0x00000000a4800000, 0x00000000a4800000| Untracked 
|  61|0x00000000a4900000, 0x00000000a4900000, 0x00000000a4a00000|  0%| F|  |TAMS 0x00000000a4900000, 0x00000000a4900000| Untracked 
|  62|0x00000000a4a00000, 0x00000000a4a00000, 0x00000000a4b00000|  0%| F|  |TAMS 0x00000000a4a00000, 0x00000000a4a00000| Untracked 
|  63|0x00000000a4b00000, 0x00000000a4b00000, 0x00000000a4c00000|  0%| F|  |TAMS 0x00000000a4b00000, 0x00000000a4b00000| Untracked 
|  64|0x00000000a4c00000, 0x00000000a4c00000, 0x00000000a4d00000|  0%| F|  |TAMS 0x00000000a4c00000, 0x00000000a4c00000| Untracked 
|  65|0x00000000a4d00000, 0x00000000a4d00000, 0x00000000a4e00000|  0%| F|  |TAMS 0x00000000a4d00000, 0x00000000a4d00000| Untracked 
|  66|0x00000000a4e00000, 0x00000000a4e00000, 0x00000000a4f00000|  0%| F|  |TAMS 0x00000000a4e00000, 0x00000000a4e00000| Untracked 
|  67|0x00000000a4f00000, 0x00000000a4f00000, 0x00000000a5000000|  0%| F|  |TAMS 0x00000000a4f00000, 0x00000000a4f00000| Untracked 
|  68|0x00000000a5000000, 0x00000000a5000000, 0x00000000a5100000|  0%| F|  |TAMS 0x00000000a5000000, 0x00000000a5000000| Untracked 
|  69|0x00000000a5100000, 0x00000000a5100000, 0x00000000a5200000|  0%| F|  |TAMS 0x00000000a5100000, 0x00000000a5100000| Untracked 
|  70|0x00000000a5200000, 0x00000000a5200000, 0x00000000a5300000|  0%| F|  |TAMS 0x00000000a5200000, 0x00000000a5200000| Untracked 
|  71|0x00000000a5300000, 0x00000000a5300000, 0x00000000a5400000|  0%| F|  |TAMS 0x00000000a5300000, 0x00000000a5300000| Untracked 
|  72|0x00000000a5400000, 0x00000000a5400000, 0x00000000a5500000|  0%| F|  |TAMS 0x00000000a5400000, 0x00000000a5400000| Untracked 
|  73|0x00000000a5500000, 0x00000000a5500000, 0x00000000a5600000|  0%| F|  |TAMS 0x00000000a5500000, 0x00000000a5500000| Untracked 
|  74|0x00000000a5600000, 0x00000000a5600000, 0x00000000a5700000|  0%| F|  |TAMS 0x00000000a5600000, 0x00000000a5600000| Untracked 
|  75|0x00000000a5700000, 0x00000000a5700000, 0x00000000a5800000|  0%| F|  |TAMS 0x00000000a5700000, 0x00000000a5700000| Untracked 
|  76|0x00000000a5800000, 0x00000000a5800000, 0x00000000a5900000|  0%| F|  |TAMS 0x00000000a5800000, 0x00000000a5800000| Untracked 
|  77|0x00000000a5900000, 0x00000000a5900000, 0x00000000a5a00000|  0%| F|  |TAMS 0x00000000a5900000, 0x00000000a5900000| Untracked 
|  78|0x00000000a5a00000, 0x00000000a5a00000, 0x00000000a5b00000|  0%| F|  |TAMS 0x00000000a5a00000, 0x00000000a5a00000| Untracked 
|  79|0x00000000a5b00000, 0x00000000a5b00000, 0x00000000a5c00000|  0%| F|  |TAMS 0x00000000a5b00000, 0x00000000a5b00000| Untracked 
|  80|0x00000000a5c00000, 0x00000000a5c00000, 0x00000000a5d00000|  0%| F|  |TAMS 0x00000000a5c00000, 0x00000000a5c00000| Untracked 
|  81|0x00000000a5d00000, 0x00000000a5d00000, 0x00000000a5e00000|  0%| F|  |TAMS 0x00000000a5d00000, 0x00000000a5d00000| Untracked 
|  82|0x00000000a5e00000, 0x00000000a5e00000, 0x00000000a5f00000|  0%| F|  |TAMS 0x00000000a5e00000, 0x00000000a5e00000| Untracked 
|  83|0x00000000a5f00000, 0x00000000a5f00000, 0x00000000a6000000|  0%| F|  |TAMS 0x00000000a5f00000, 0x00000000a5f00000| Untracked 
|  84|0x00000000a6000000, 0x00000000a6000000, 0x00000000a6100000|  0%| F|  |TAMS 0x00000000a6000000, 0x00000000a6000000| Untracked 
|  85|0x00000000a6100000, 0x00000000a6100000, 0x00000000a6200000|  0%| F|  |TAMS 0x00000000a6100000, 0x00000000a6100000| Untracked 
|  86|0x00000000a6200000, 0x00000000a6200000, 0x00000000a6300000|  0%| F|  |TAMS 0x00000000a6200000, 0x00000000a6200000| Untracked 
|  87|0x00000000a6300000, 0x00000000a6300000, 0x00000000a6400000|  0%| F|  |TAMS 0x00000000a6300000, 0x00000000a6300000| Untracked 
|  88|0x00000000a6400000, 0x00000000a6400000, 0x00000000a6500000|  0%| F|  |TAMS 0x00000000a6400000, 0x00000000a6400000| Untracked 
|  89|0x00000000a6500000, 0x00000000a6500000, 0x00000000a6600000|  0%| F|  |TAMS 0x00000000a6500000, 0x00000000a6500000| Untracked 
|  90|0x00000000a6600000, 0x00000000a6600000, 0x00000000a6700000|  0%| F|  |TAMS 0x00000000a6600000, 0x00000000a6600000| Untracked 
|  91|0x00000000a6700000, 0x00000000a6700000, 0x00000000a6800000|  0%| F|  |TAMS 0x00000000a6700000, 0x00000000a6700000| Untracked 
|  92|0x00000000a6800000, 0x00000000a6800000, 0x00000000a6900000|  0%| F|  |TAMS 0x00000000a6800000, 0x00000000a6800000| Untracked 
|  93|0x00000000a6900000, 0x00000000a6900000, 0x00000000a6a00000|  0%| F|  |TAMS 0x00000000a6900000, 0x00000000a6900000| Untracked 
|  94|0x00000000a6a00000, 0x00000000a6a00000, 0x00000000a6b00000|  0%| F|  |TAMS 0x00000000a6a00000, 0x00000000a6a00000| Untracked 
|  95|0x00000000a6b00000, 0x00000000a6b00000, 0x00000000a6c00000|  0%| F|  |TAMS 0x00000000a6b00000, 0x00000000a6b00000| Untracked 
|  96|0x00000000a6c00000, 0x00000000a6c00000, 0x00000000a6d00000|  0%| F|  |TAMS 0x00000000a6c00000, 0x00000000a6c00000| Untracked 
|  97|0x00000000a6d00000, 0x00000000a6d00000, 0x00000000a6e00000|  0%| F|  |TAMS 0x00000000a6d00000, 0x00000000a6d00000| Untracked 
|  98|0x00000000a6e00000, 0x00000000a6e00000, 0x00000000a6f00000|  0%| F|  |TAMS 0x00000000a6e00000, 0x00000000a6e00000| Untracked 
|  99|0x00000000a6f00000, 0x00000000a6f00000, 0x00000000a7000000|  0%| F|  |TAMS 0x00000000a6f00000, 0x00000000a6f00000| Untracked 
| 100|0x00000000a7000000, 0x00000000a7000000, 0x00000000a7100000|  0%| F|  |TAMS 0x00000000a7000000, 0x00000000a7000000| Untracked 
| 101|0x00000000a7100000, 0x00000000a7100000, 0x00000000a7200000|  0%| F|  |TAMS 0x00000000a7100000, 0x00000000a7100000| Untracked 
| 102|0x00000000a7200000, 0x00000000a72726b8, 0x00000000a7300000| 44%| S|CS|TAMS 0x00000000a7200000, 0x00000000a7200000| Complete 
| 103|0x00000000a7300000, 0x00000000a7400000, 0x00000000a7400000|100%| S|CS|TAMS 0x00000000a7300000, 0x00000000a7300000| Complete 
| 104|0x00000000a7400000, 0x00000000a7500000, 0x00000000a7500000|100%| S|CS|TAMS 0x00000000a7400000, 0x00000000a7400000| Complete 
| 105|0x00000000a7500000, 0x00000000a7600000, 0x00000000a7600000|100%| S|CS|TAMS 0x00000000a7500000, 0x00000000a7500000| Complete 
| 106|0x00000000a7600000, 0x00000000a7700000, 0x00000000a7700000|100%| S|CS|TAMS 0x00000000a7600000, 0x00000000a7600000| Complete 
| 107|0x00000000a7700000, 0x00000000a7800000, 0x00000000a7800000|100%| S|CS|TAMS 0x00000000a7700000, 0x00000000a7700000| Complete 
| 108|0x00000000a7800000, 0x00000000a7900000, 0x00000000a7900000|100%| S|CS|TAMS 0x00000000a7800000, 0x00000000a7800000| Complete 
| 109|0x00000000a7900000, 0x00000000a7a00000, 0x00000000a7a00000|100%| S|CS|TAMS 0x00000000a7900000, 0x00000000a7900000| Complete 
| 110|0x00000000a7a00000, 0x00000000a7a00000, 0x00000000a7b00000|  0%| F|  |TAMS 0x00000000a7a00000, 0x00000000a7a00000| Untracked 
| 111|0x00000000a7b00000, 0x00000000a7b00000, 0x00000000a7c00000|  0%| F|  |TAMS 0x00000000a7b00000, 0x00000000a7b00000| Untracked 
| 112|0x00000000a7c00000, 0x00000000a7c00000, 0x00000000a7d00000|  0%| F|  |TAMS 0x00000000a7c00000, 0x00000000a7c00000| Untracked 
| 113|0x00000000a7d00000, 0x00000000a7d00000, 0x00000000a7e00000|  0%| F|  |TAMS 0x00000000a7d00000, 0x00000000a7d00000| Untracked 
| 114|0x00000000a7e00000, 0x00000000a7e00000, 0x00000000a7f00000|  0%| F|  |TAMS 0x00000000a7e00000, 0x00000000a7e00000| Untracked 
| 115|0x00000000a7f00000, 0x00000000a7f00000, 0x00000000a8000000|  0%| F|  |TAMS 0x00000000a7f00000, 0x00000000a7f00000| Untracked 
| 116|0x00000000a8000000, 0x00000000a8000000, 0x00000000a8100000|  0%| F|  |TAMS 0x00000000a8000000, 0x00000000a8000000| Untracked 
| 117|0x00000000a8100000, 0x00000000a8100000, 0x00000000a8200000|  0%| F|  |TAMS 0x00000000a8100000, 0x00000000a8100000| Untracked 
| 118|0x00000000a8200000, 0x00000000a8200000, 0x00000000a8300000|  0%| F|  |TAMS 0x00000000a8200000, 0x00000000a8200000| Untracked 
| 119|0x00000000a8300000, 0x00000000a8300000, 0x00000000a8400000|  0%| F|  |TAMS 0x00000000a8300000, 0x00000000a8300000| Untracked 
| 120|0x00000000a8400000, 0x00000000a8400000, 0x00000000a8500000|  0%| F|  |TAMS 0x00000000a8400000, 0x00000000a8400000| Untracked 
| 121|0x00000000a8500000, 0x00000000a8500000, 0x00000000a8600000|  0%| F|  |TAMS 0x00000000a8500000, 0x00000000a8500000| Untracked 
| 122|0x00000000a8600000, 0x00000000a8600000, 0x00000000a8700000|  0%| F|  |TAMS 0x00000000a8600000, 0x00000000a8600000| Untracked 
| 123|0x00000000a8700000, 0x00000000a8700000, 0x00000000a8800000|  0%| F|  |TAMS 0x00000000a8700000, 0x00000000a8700000| Untracked 
| 124|0x00000000a8800000, 0x00000000a8800000, 0x00000000a8900000|  0%| F|  |TAMS 0x00000000a8800000, 0x00000000a8800000| Untracked 
| 125|0x00000000a8900000, 0x00000000a8900000, 0x00000000a8a00000|  0%| F|  |TAMS 0x00000000a8900000, 0x00000000a8900000| Untracked 
| 126|0x00000000a8a00000, 0x00000000a8a00000, 0x00000000a8b00000|  0%| F|  |TAMS 0x00000000a8a00000, 0x00000000a8a00000| Untracked 
| 127|0x00000000a8b00000, 0x00000000a8b00000, 0x00000000a8c00000|  0%| F|  |TAMS 0x00000000a8b00000, 0x00000000a8b00000| Untracked 
| 128|0x00000000a8c00000, 0x00000000a8c00000, 0x00000000a8d00000|  0%| F|  |TAMS 0x00000000a8c00000, 0x00000000a8c00000| Untracked 
| 129|0x00000000a8d00000, 0x00000000a8d00000, 0x00000000a8e00000|  0%| F|  |TAMS 0x00000000a8d00000, 0x00000000a8d00000| Untracked 
| 130|0x00000000a8e00000, 0x00000000a8e00000, 0x00000000a8f00000|  0%| F|  |TAMS 0x00000000a8e00000, 0x00000000a8e00000| Untracked 
| 131|0x00000000a8f00000, 0x00000000a8f00000, 0x00000000a9000000|  0%| F|  |TAMS 0x00000000a8f00000, 0x00000000a8f00000| Untracked 
| 132|0x00000000a9000000, 0x00000000a9000000, 0x00000000a9100000|  0%| F|  |TAMS 0x00000000a9000000, 0x00000000a9000000| Untracked 
| 133|0x00000000a9100000, 0x00000000a9100000, 0x00000000a9200000|  0%| F|  |TAMS 0x00000000a9100000, 0x00000000a9100000| Untracked 
| 134|0x00000000a9200000, 0x00000000a9200000, 0x00000000a9300000|  0%| F|  |TAMS 0x00000000a9200000, 0x00000000a9200000| Untracked 
| 135|0x00000000a9300000, 0x00000000a9300000, 0x00000000a9400000|  0%| F|  |TAMS 0x00000000a9300000, 0x00000000a9300000| Untracked 
| 136|0x00000000a9400000, 0x00000000a9400000, 0x00000000a9500000|  0%| F|  |TAMS 0x00000000a9400000, 0x00000000a9400000| Untracked 
| 137|0x00000000a9500000, 0x00000000a9500000, 0x00000000a9600000|  0%| F|  |TAMS 0x00000000a9500000, 0x00000000a9500000| Untracked 
| 138|0x00000000a9600000, 0x00000000a9600000, 0x00000000a9700000|  0%| F|  |TAMS 0x00000000a9600000, 0x00000000a9600000| Untracked 
| 139|0x00000000a9700000, 0x00000000a9700000, 0x00000000a9800000|  0%| F|  |TAMS 0x00000000a9700000, 0x00000000a9700000| Untracked 
| 140|0x00000000a9800000, 0x00000000a9800000, 0x00000000a9900000|  0%| F|  |TAMS 0x00000000a9800000, 0x00000000a9800000| Untracked 
| 141|0x00000000a9900000, 0x00000000a9900000, 0x00000000a9a00000|  0%| F|  |TAMS 0x00000000a9900000, 0x00000000a9900000| Untracked 
| 142|0x00000000a9a00000, 0x00000000a9a00000, 0x00000000a9b00000|  0%| F|  |TAMS 0x00000000a9a00000, 0x00000000a9a00000| Untracked 
| 143|0x00000000a9b00000, 0x00000000a9b00000, 0x00000000a9c00000|  0%| F|  |TAMS 0x00000000a9b00000, 0x00000000a9b00000| Untracked 
| 144|0x00000000a9c00000, 0x00000000a9c00000, 0x00000000a9d00000|  0%| F|  |TAMS 0x00000000a9c00000, 0x00000000a9c00000| Untracked 
| 145|0x00000000a9d00000, 0x00000000a9d00000, 0x00000000a9e00000|  0%| F|  |TAMS 0x00000000a9d00000, 0x00000000a9d00000| Untracked 
| 146|0x00000000a9e00000, 0x00000000a9e00000, 0x00000000a9f00000|  0%| F|  |TAMS 0x00000000a9e00000, 0x00000000a9e00000| Untracked 
| 147|0x00000000a9f00000, 0x00000000a9f00000, 0x00000000aa000000|  0%| F|  |TAMS 0x00000000a9f00000, 0x00000000a9f00000| Untracked 
| 148|0x00000000aa000000, 0x00000000aa000000, 0x00000000aa100000|  0%| F|  |TAMS 0x00000000aa000000, 0x00000000aa000000| Untracked 
| 149|0x00000000aa100000, 0x00000000aa100000, 0x00000000aa200000|  0%| F|  |TAMS 0x00000000aa100000, 0x00000000aa100000| Untracked 
| 150|0x00000000aa200000, 0x00000000aa200000, 0x00000000aa300000|  0%| F|  |TAMS 0x00000000aa200000, 0x00000000aa200000| Untracked 
| 151|0x00000000aa300000, 0x00000000aa300000, 0x00000000aa400000|  0%| F|  |TAMS 0x00000000aa300000, 0x00000000aa300000| Untracked 
| 152|0x00000000aa400000, 0x00000000aa400000, 0x00000000aa500000|  0%| F|  |TAMS 0x00000000aa400000, 0x00000000aa400000| Untracked 
| 153|0x00000000aa500000, 0x00000000aa500000, 0x00000000aa600000|  0%| F|  |TAMS 0x00000000aa500000, 0x00000000aa500000| Untracked 
| 154|0x00000000aa600000, 0x00000000aa600000, 0x00000000aa700000|  0%| F|  |TAMS 0x00000000aa600000, 0x00000000aa600000| Untracked 
| 155|0x00000000aa700000, 0x00000000aa700000, 0x00000000aa800000|  0%| F|  |TAMS 0x00000000aa700000, 0x00000000aa700000| Untracked 
| 156|0x00000000aa800000, 0x00000000aa800000, 0x00000000aa900000|  0%| F|  |TAMS 0x00000000aa800000, 0x00000000aa800000| Untracked 
| 157|0x00000000aa900000, 0x00000000aa900000, 0x00000000aaa00000|  0%| F|  |TAMS 0x00000000aa900000, 0x00000000aa900000| Untracked 
| 158|0x00000000aaa00000, 0x00000000aaa00000, 0x00000000aab00000|  0%| F|  |TAMS 0x00000000aaa00000, 0x00000000aaa00000| Untracked 
| 159|0x00000000aab00000, 0x00000000aab00000, 0x00000000aac00000|  0%| F|  |TAMS 0x00000000aab00000, 0x00000000aab00000| Untracked 
| 160|0x00000000aac00000, 0x00000000aac00000, 0x00000000aad00000|  0%| F|  |TAMS 0x00000000aac00000, 0x00000000aac00000| Untracked 
| 161|0x00000000aad00000, 0x00000000aad00000, 0x00000000aae00000|  0%| F|  |TAMS 0x00000000aad00000, 0x00000000aad00000| Untracked 
| 162|0x00000000aae00000, 0x00000000aae00000, 0x00000000aaf00000|  0%| F|  |TAMS 0x00000000aae00000, 0x00000000aae00000| Untracked 
| 163|0x00000000aaf00000, 0x00000000aaf00000, 0x00000000ab000000|  0%| F|  |TAMS 0x00000000aaf00000, 0x00000000aaf00000| Untracked 
| 164|0x00000000ab000000, 0x00000000ab000000, 0x00000000ab100000|  0%| F|  |TAMS 0x00000000ab000000, 0x00000000ab000000| Untracked 
| 165|0x00000000ab100000, 0x00000000ab100000, 0x00000000ab200000|  0%| F|  |TAMS 0x00000000ab100000, 0x00000000ab100000| Untracked 
| 166|0x00000000ab200000, 0x00000000ab200000, 0x00000000ab300000|  0%| F|  |TAMS 0x00000000ab200000, 0x00000000ab200000| Untracked 
| 167|0x00000000ab300000, 0x00000000ab300000, 0x00000000ab400000|  0%| F|  |TAMS 0x00000000ab300000, 0x00000000ab300000| Untracked 
| 168|0x00000000ab400000, 0x00000000ab400000, 0x00000000ab500000|  0%| F|  |TAMS 0x00000000ab400000, 0x00000000ab400000| Untracked 
| 169|0x00000000ab500000, 0x00000000ab500000, 0x00000000ab600000|  0%| F|  |TAMS 0x00000000ab500000, 0x00000000ab500000| Untracked 
| 170|0x00000000ab600000, 0x00000000ab600000, 0x00000000ab700000|  0%| F|  |TAMS 0x00000000ab600000, 0x00000000ab600000| Untracked 
| 171|0x00000000ab700000, 0x00000000ab700000, 0x00000000ab800000|  0%| F|  |TAMS 0x00000000ab700000, 0x00000000ab700000| Untracked 
| 172|0x00000000ab800000, 0x00000000ab800000, 0x00000000ab900000|  0%| F|  |TAMS 0x00000000ab800000, 0x00000000ab800000| Untracked 
| 173|0x00000000ab900000, 0x00000000ab900000, 0x00000000aba00000|  0%| F|  |TAMS 0x00000000ab900000, 0x00000000ab900000| Untracked 
| 174|0x00000000aba00000, 0x00000000aba00000, 0x00000000abb00000|  0%| F|  |TAMS 0x00000000aba00000, 0x00000000aba00000| Untracked 
| 175|0x00000000abb00000, 0x00000000abb00000, 0x00000000abc00000|  0%| F|  |TAMS 0x00000000abb00000, 0x00000000abb00000| Untracked 
| 176|0x00000000abc00000, 0x00000000abc00000, 0x00000000abd00000|  0%| F|  |TAMS 0x00000000abc00000, 0x00000000abc00000| Untracked 
| 177|0x00000000abd00000, 0x00000000abd00000, 0x00000000abe00000|  0%| F|  |TAMS 0x00000000abd00000, 0x00000000abd00000| Untracked 
| 178|0x00000000abe00000, 0x00000000abe00000, 0x00000000abf00000|  0%| F|  |TAMS 0x00000000abe00000, 0x00000000abe00000| Untracked 
| 179|0x00000000abf00000, 0x00000000abf00000, 0x00000000ac000000|  0%| F|  |TAMS 0x00000000abf00000, 0x00000000abf00000| Untracked 
| 180|0x00000000ac000000, 0x00000000ac000000, 0x00000000ac100000|  0%| F|  |TAMS 0x00000000ac000000, 0x00000000ac000000| Untracked 
| 181|0x00000000ac100000, 0x00000000ac100000, 0x00000000ac200000|  0%| F|  |TAMS 0x00000000ac100000, 0x00000000ac100000| Untracked 
| 182|0x00000000ac200000, 0x00000000ac200000, 0x00000000ac300000|  0%| F|  |TAMS 0x00000000ac200000, 0x00000000ac200000| Untracked 
| 183|0x00000000ac300000, 0x00000000ac300000, 0x00000000ac400000|  0%| F|  |TAMS 0x00000000ac300000, 0x00000000ac300000| Untracked 
| 184|0x00000000ac400000, 0x00000000ac400000, 0x00000000ac500000|  0%| F|  |TAMS 0x00000000ac400000, 0x00000000ac400000| Untracked 
| 185|0x00000000ac500000, 0x00000000ac500000, 0x00000000ac600000|  0%| F|  |TAMS 0x00000000ac500000, 0x00000000ac500000| Untracked 
| 186|0x00000000ac600000, 0x00000000ac600000, 0x00000000ac700000|  0%| F|  |TAMS 0x00000000ac600000, 0x00000000ac600000| Untracked 
| 187|0x00000000ac700000, 0x00000000ac700000, 0x00000000ac800000|  0%| F|  |TAMS 0x00000000ac700000, 0x00000000ac700000| Untracked 
| 188|0x00000000ac800000, 0x00000000ac800000, 0x00000000ac900000|  0%| F|  |TAMS 0x00000000ac800000, 0x00000000ac800000| Untracked 
| 189|0x00000000ac900000, 0x00000000ac900000, 0x00000000aca00000|  0%| F|  |TAMS 0x00000000ac900000, 0x00000000ac900000| Untracked 
| 190|0x00000000aca00000, 0x00000000aca00000, 0x00000000acb00000|  0%| F|  |TAMS 0x00000000aca00000, 0x00000000aca00000| Untracked 
| 191|0x00000000acb00000, 0x00000000acb00000, 0x00000000acc00000|  0%| F|  |TAMS 0x00000000acb00000, 0x00000000acb00000| Untracked 
| 192|0x00000000acc00000, 0x00000000acc00000, 0x00000000acd00000|  0%| F|  |TAMS 0x00000000acc00000, 0x00000000acc00000| Untracked 
| 193|0x00000000acd00000, 0x00000000acd00000, 0x00000000ace00000|  0%| F|  |TAMS 0x00000000acd00000, 0x00000000acd00000| Untracked 
| 194|0x00000000ace00000, 0x00000000ace00000, 0x00000000acf00000|  0%| F|  |TAMS 0x00000000ace00000, 0x00000000ace00000| Untracked 
| 195|0x00000000acf00000, 0x00000000acf00000, 0x00000000ad000000|  0%| F|  |TAMS 0x00000000acf00000, 0x00000000acf00000| Untracked 
| 196|0x00000000ad000000, 0x00000000ad000000, 0x00000000ad100000|  0%| F|  |TAMS 0x00000000ad000000, 0x00000000ad000000| Untracked 
| 197|0x00000000ad100000, 0x00000000ad100000, 0x00000000ad200000|  0%| F|  |TAMS 0x00000000ad100000, 0x00000000ad100000| Untracked 
| 198|0x00000000ad200000, 0x00000000ad200000, 0x00000000ad300000|  0%| F|  |TAMS 0x00000000ad200000, 0x00000000ad200000| Untracked 
| 199|0x00000000ad300000, 0x00000000ad300000, 0x00000000ad400000|  0%| F|  |TAMS 0x00000000ad300000, 0x00000000ad300000| Untracked 
| 200|0x00000000ad400000, 0x00000000ad400000, 0x00000000ad500000|  0%| F|  |TAMS 0x00000000ad400000, 0x00000000ad400000| Untracked 
| 201|0x00000000ad500000, 0x00000000ad500000, 0x00000000ad600000|  0%| F|  |TAMS 0x00000000ad500000, 0x00000000ad500000| Untracked 
| 202|0x00000000ad600000, 0x00000000ad600000, 0x00000000ad700000|  0%| F|  |TAMS 0x00000000ad600000, 0x00000000ad600000| Untracked 
| 203|0x00000000ad700000, 0x00000000ad700000, 0x00000000ad800000|  0%| F|  |TAMS 0x00000000ad700000, 0x00000000ad700000| Untracked 
| 204|0x00000000ad800000, 0x00000000ad800000, 0x00000000ad900000|  0%| F|  |TAMS 0x00000000ad800000, 0x00000000ad800000| Untracked 
| 205|0x00000000ad900000, 0x00000000ad900000, 0x00000000ada00000|  0%| F|  |TAMS 0x00000000ad900000, 0x00000000ad900000| Untracked 
| 206|0x00000000ada00000, 0x00000000ada00000, 0x00000000adb00000|  0%| F|  |TAMS 0x00000000ada00000, 0x00000000ada00000| Untracked 
| 207|0x00000000adb00000, 0x00000000adb00000, 0x00000000adc00000|  0%| F|  |TAMS 0x00000000adb00000, 0x00000000adb00000| Untracked 
| 208|0x00000000adc00000, 0x00000000adc00000, 0x00000000add00000|  0%| F|  |TAMS 0x00000000adc00000, 0x00000000adc00000| Untracked 
| 209|0x00000000add00000, 0x00000000add00000, 0x00000000ade00000|  0%| F|  |TAMS 0x00000000add00000, 0x00000000add00000| Untracked 
| 210|0x00000000ade00000, 0x00000000ade00000, 0x00000000adf00000|  0%| F|  |TAMS 0x00000000ade00000, 0x00000000ade00000| Untracked 
| 211|0x00000000adf00000, 0x00000000adf00000, 0x00000000ae000000|  0%| F|  |TAMS 0x00000000adf00000, 0x00000000adf00000| Untracked 
| 212|0x00000000ae000000, 0x00000000ae000000, 0x00000000ae100000|  0%| F|  |TAMS 0x00000000ae000000, 0x00000000ae000000| Untracked 
| 213|0x00000000ae100000, 0x00000000ae100000, 0x00000000ae200000|  0%| F|  |TAMS 0x00000000ae100000, 0x00000000ae100000| Untracked 
| 214|0x00000000ae200000, 0x00000000ae200000, 0x00000000ae300000|  0%| F|  |TAMS 0x00000000ae200000, 0x00000000ae200000| Untracked 
| 215|0x00000000ae300000, 0x00000000ae300000, 0x00000000ae400000|  0%| F|  |TAMS 0x00000000ae300000, 0x00000000ae300000| Untracked 
| 216|0x00000000ae400000, 0x00000000ae400000, 0x00000000ae500000|  0%| F|  |TAMS 0x00000000ae400000, 0x00000000ae400000| Untracked 
| 217|0x00000000ae500000, 0x00000000ae500000, 0x00000000ae600000|  0%| F|  |TAMS 0x00000000ae500000, 0x00000000ae500000| Untracked 
| 218|0x00000000ae600000, 0x00000000ae600000, 0x00000000ae700000|  0%| F|  |TAMS 0x00000000ae600000, 0x00000000ae600000| Untracked 
| 219|0x00000000ae700000, 0x00000000ae700000, 0x00000000ae800000|  0%| F|  |TAMS 0x00000000ae700000, 0x00000000ae700000| Untracked 
| 220|0x00000000ae800000, 0x00000000ae800000, 0x00000000ae900000|  0%| F|  |TAMS 0x00000000ae800000, 0x00000000ae800000| Untracked 
| 221|0x00000000ae900000, 0x00000000ae900000, 0x00000000aea00000|  0%| F|  |TAMS 0x00000000ae900000, 0x00000000ae900000| Untracked 
| 222|0x00000000aea00000, 0x00000000aea00000, 0x00000000aeb00000|  0%| F|  |TAMS 0x00000000aea00000, 0x00000000aea00000| Untracked 
| 223|0x00000000aeb00000, 0x00000000aeb00000, 0x00000000aec00000|  0%| F|  |TAMS 0x00000000aeb00000, 0x00000000aeb00000| Untracked 
| 224|0x00000000aec00000, 0x00000000aec00000, 0x00000000aed00000|  0%| F|  |TAMS 0x00000000aec00000, 0x00000000aec00000| Untracked 
| 225|0x00000000aed00000, 0x00000000aed00000, 0x00000000aee00000|  0%| F|  |TAMS 0x00000000aed00000, 0x00000000aed00000| Untracked 
| 226|0x00000000aee00000, 0x00000000aee00000, 0x00000000aef00000|  0%| F|  |TAMS 0x00000000aee00000, 0x00000000aee00000| Untracked 
| 227|0x00000000aef00000, 0x00000000aef00000, 0x00000000af000000|  0%| F|  |TAMS 0x00000000aef00000, 0x00000000aef00000| Untracked 
| 228|0x00000000af000000, 0x00000000af000000, 0x00000000af100000|  0%| F|  |TAMS 0x00000000af000000, 0x00000000af000000| Untracked 
| 229|0x00000000af100000, 0x00000000af100000, 0x00000000af200000|  0%| F|  |TAMS 0x00000000af100000, 0x00000000af100000| Untracked 
| 230|0x00000000af200000, 0x00000000af200000, 0x00000000af300000|  0%| F|  |TAMS 0x00000000af200000, 0x00000000af200000| Untracked 
| 231|0x00000000af300000, 0x00000000af300000, 0x00000000af400000|  0%| F|  |TAMS 0x00000000af300000, 0x00000000af300000| Untracked 
| 232|0x00000000af400000, 0x00000000af400000, 0x00000000af500000|  0%| F|  |TAMS 0x00000000af400000, 0x00000000af400000| Untracked 
| 233|0x00000000af500000, 0x00000000af500000, 0x00000000af600000|  0%| F|  |TAMS 0x00000000af500000, 0x00000000af500000| Untracked 
| 234|0x00000000af600000, 0x00000000af600000, 0x00000000af700000|  0%| F|  |TAMS 0x00000000af600000, 0x00000000af600000| Untracked 

Card table byte_map: [0x000002292c9d0000,0x000002292ccd0000] _byte_map_base: 0x000002292c4ca000

Marking Bits (Prev, Next): (CMBitMap*) 0x0000022912d60ec8, (CMBitMap*) 0x0000022912d60f00
 Prev Bits: [0x000002292cfd0000, 0x000002292e7a0000)
 Next Bits: [0x000002292e7a0000, 0x000002292ff70000)

Polling page: 0x0000022912e00000

Metaspace:

Usage:
  Non-class:     12.58 MB capacity,    12.43 MB ( 99%) used,   135.21 KB (  1%) free+waste,    19.75 KB ( <1%) overhead. 
      Class:      1.14 MB capacity,     1.08 MB ( 95%) used,    54.22 KB (  5%) free+waste,     7.63 KB ( <1%) overhead. 
       Both:     13.72 MB capacity,    13.51 MB ( 98%) used,   189.43 KB (  1%) free+waste,    27.38 KB ( <1%) overhead. 

Virtual space:
  Non-class space:       14.00 MB reserved,      12.75 MB ( 91%) committed 
      Class space:        1.00 GB reserved,       1.25 MB ( <1%) committed 
             Both:        1.01 GB reserved,      14.00 MB (  1%) committed 

Chunk freelists:
   Non-Class:  42.00 KB
       Class:  17.00 KB
        Both:  59.00 KB

MaxMetaspaceSize: 17179869184.00 GB
CompressedClassSpaceSize: 1.00 GB
Initial GC threshold: 20.80 MB
Current GC threshold: 20.80 MB
CDS: off

CodeHeap 'non-profiled nmethods': size=120000Kb used=1144Kb max_used=1144Kb free=118855Kb
 bounds [0x0000022924740000, 0x00000229249b0000, 0x000002292bc70000]
CodeHeap 'profiled nmethods': size=120000Kb used=5753Kb max_used=5753Kb free=114246Kb
 bounds [0x000002291d210000, 0x000002291d7b0000, 0x0000022924740000]
CodeHeap 'non-nmethods': size=5760Kb used=1150Kb max_used=1207Kb free=4609Kb
 bounds [0x000002291cc70000, 0x000002291cee0000, 0x000002291d210000]
 total_blobs=2800 nmethods=2397 adapters=315
 compilation: enabled
              stopped_count=0, restarted_count=0
 full_count=0

Compilation events (20 events):
Event: 4.082 Thread 0x0000022932a4f000 2500       2       org.objectweb.asm.MethodWriter::visitTableSwitchInsn (120 bytes)
Event: 4.086 Thread 0x0000022932a4f000 nmethod 2500 0x000002291d7a9d90 code [0x000002291d7a9fa0, 0x000002291d7aa308]
Event: 4.103 Thread 0x0000022932a4f000 2501       2       org.objectweb.asm.ClassWriter::newLong (67 bytes)
Event: 4.107 Thread 0x0000022932a4f000 nmethod 2501 0x000002291d7aa610 code [0x000002291d7aa800, 0x000002291d7aaa88]
Event: 4.119 Thread 0x0000022932a4f000 2502       3       org.objectweb.asm.Type::getArgumentsAndReturnSizes (151 bytes)
Event: 4.122 Thread 0x0000022933629800 nmethod 2461 0x0000022924846290 code [0x0000022924846460, 0x0000022924846c58]
Event: 4.124 Thread 0x0000022933629800 2459       4       org.objectweb.asm.ByteVector::putUTF8 (142 bytes)
Event: 4.140 Thread 0x0000022932a4f000 nmethod 2502 0x000002291d7aac90 code [0x000002291d7ab000, 0x000002291d7ac878]
Event: 4.298 Thread 0x0000022933629800 nmethod 2459 0x0000022924847110 code [0x00000229248472c0, 0x0000022924847d28]
Event: 4.299 Thread 0x0000022933629800 2430       4       org.objectweb.asm.Type::getArgumentTypes (131 bytes)
Event: 4.514 Thread 0x0000022933629800 nmethod 2430 0x0000022924848010 code [0x0000022924848220, 0x0000022924848f58]
Event: 4.515 Thread 0x0000022933629800 2489       4       java.lang.String::hashCode (49 bytes)
Event: 4.553 Thread 0x0000022933629800 nmethod 2489 0x0000022924849490 code [0x0000022924849640, 0x0000022924849808]
Event: 4.553 Thread 0x0000022933629800 2474       4       org.objectweb.asm.commons.Remapper::mapMethodDesc (108 bytes)
Event: 4.586 Thread 0x0000022932a4f000 2503       2       java.nio.charset.CoderResult::isUnderflow (13 bytes)
Event: 4.587 Thread 0x0000022932a4f000 nmethod 2503 0x000002291d7ad110 code [0x000002291d7ad2c0, 0x000002291d7ad3d8]
Event: 8.351 Thread 0x0000022932a44800 nmethod 2401 0x0000022924849910 code [0x000002292484a1a0, 0x00000229248556a8]
Event: 8.356 Thread 0x0000022932a44800 2504       4       org.objectweb.asm.signature.SignatureReader::parseType (415 bytes)
Event: 9.153 Thread 0x0000022932a4f000 2506 %     3       org.objectweb.asm.ClassReader::readParameterAnnotations @ 92 (140 bytes)
Event: 9.155 Thread 0x0000022932a4f000 nmethod 2506% 0x000002291d7ad490 code [0x000002291d7ad6e0, 0x000002291d7ae078]

GC Heap History (20 events):
Event: 2.725 GC heap after
{Heap after GC invocations=9 (full 0):
 garbage-first heap   total 118784K, used 37345K [0x00000000a0c00000, 0x0000000100000000)
  region size 1024K, 5 young (5120K), 5 survivors (5120K)
 Metaspace       used 13635K, capacity 13797K, committed 14080K, reserved 1062912K
  class space    used 1104K, capacity 1167K, committed 1280K, reserved 1048576K
}
Event: 2.782 GC heap before
{Heap before GC invocations=9 (full 0):
 garbage-first heap   total 118784K, used 76257K [0x00000000a0c00000, 0x0000000100000000)
  region size 1024K, 40 young (40960K), 5 survivors (5120K)
 Metaspace       used 13635K, capacity 13797K, committed 14080K, reserved 1062912K
  class space    used 1104K, capacity 1167K, committed 1280K, reserved 1048576K
}
Event: 2.789 GC heap after
{Heap after GC invocations=10 (full 0):
 garbage-first heap   total 118784K, used 43721K [0x00000000a0c00000, 0x0000000100000000)
  region size 1024K, 5 young (5120K), 5 survivors (5120K)
 Metaspace       used 13635K, capacity 13797K, committed 14080K, reserved 1062912K
  class space    used 1104K, capacity 1167K, committed 1280K, reserved 1048576K
}
Event: 2.837 GC heap before
{Heap before GC invocations=10 (full 0):
 garbage-first heap   total 118784K, used 79561K [0x00000000a0c00000, 0x0000000100000000)
  region size 1024K, 39 young (39936K), 5 survivors (5120K)
 Metaspace       used 13651K, capacity 13861K, committed 14080K, reserved 1062912K
  class space    used 1104K, capacity 1167K, committed 1280K, reserved 1048576K
}
Event: 2.844 GC heap after
{Heap after GC invocations=11 (full 0):
 garbage-first heap   total 143360K, used 46915K [0x00000000a0c00000, 0x0000000100000000)
  region size 1024K, 5 young (5120K), 5 survivors (5120K)
 Metaspace       used 13651K, capacity 13861K, committed 14080K, reserved 1062912K
  class space    used 1104K, capacity 1167K, committed 1280K, reserved 1048576K
}
Event: 2.924 GC heap before
{Heap before GC invocations=11 (full 0):
 garbage-first heap   total 143360K, used 90947K [0x00000000a0c00000, 0x0000000100000000)
  region size 1024K, 46 young (47104K), 5 survivors (5120K)
 Metaspace       used 13668K, capacity 13861K, committed 14080K, reserved 1062912K
  class space    used 1104K, capacity 1167K, committed 1280K, reserved 1048576K
}
Event: 2.930 GC heap after
{Heap after GC invocations=12 (full 0):
 garbage-first heap   total 143360K, used 51637K [0x00000000a0c00000, 0x0000000100000000)
  region size 1024K, 6 young (6144K), 6 survivors (6144K)
 Metaspace       used 13668K, capacity 13861K, committed 14080K, reserved 1062912K
  class space    used 1104K, capacity 1167K, committed 1280K, reserved 1048576K
}
Event: 2.985 GC heap before
{Heap before GC invocations=12 (full 0):
 garbage-first heap   total 143360K, used 97717K [0x00000000a0c00000, 0x0000000100000000)
  region size 1024K, 48 young (49152K), 6 survivors (6144K)
 Metaspace       used 13694K, capacity 13925K, committed 14080K, reserved 1062912K
  class space    used 1104K, capacity 1167K, committed 1280K, reserved 1048576K
}
Event: 2.991 GC heap after
{Heap after GC invocations=13 (full 0):
 garbage-first heap   total 143360K, used 53087K [0x00000000a0c00000, 0x0000000100000000)
  region size 1024K, 6 young (6144K), 6 survivors (6144K)
 Metaspace       used 13694K, capacity 13925K, committed 14080K, reserved 1062912K
  class space    used 1104K, capacity 1167K, committed 1280K, reserved 1048576K
}
Event: 3.091 GC heap before
{Heap before GC invocations=13 (full 0):
 garbage-first heap   total 143360K, used 99167K [0x00000000a0c00000, 0x0000000100000000)
  region size 1024K, 50 young (51200K), 6 survivors (6144K)
 Metaspace       used 13764K, capacity 13989K, committed 14336K, reserved 1062912K
  class space    used 1105K, capacity 1167K, committed 1280K, reserved 1048576K
}
Event: 3.100 GC heap after
{Heap after GC invocations=14 (full 0):
 garbage-first heap   total 143360K, used 54501K [0x00000000a0c00000, 0x0000000100000000)
  region size 1024K, 6 young (6144K), 6 survivors (6144K)
 Metaspace       used 13764K, capacity 13989K, committed 14336K, reserved 1062912K
  class space    used 1105K, capacity 1167K, committed 1280K, reserved 1048576K
}
Event: 3.132 GC heap before
{Heap before GC invocations=14 (full 0):
 garbage-first heap   total 143360K, used 101605K [0x00000000a0c00000, 0x0000000100000000)
  region size 1024K, 50 young (51200K), 6 survivors (6144K)
 Metaspace       used 13780K, capacity 13989K, committed 14336K, reserved 1062912K
  class space    used 1105K, capacity 1167K, committed 1280K, reserved 1048576K
}
Event: 3.141 GC heap after
{Heap after GC invocations=15 (full 0):
 garbage-first heap   total 240640K, used 55123K [0x00000000a0c00000, 0x0000000100000000)
  region size 1024K, 4 young (4096K), 4 survivors (4096K)
 Metaspace       used 13780K, capacity 13989K, committed 14336K, reserved 1062912K
  class space    used 1105K, capacity 1167K, committed 1280K, reserved 1048576K
}
Event: 3.334 GC heap before
{Heap before GC invocations=15 (full 0):
 garbage-first heap   total 240640K, used 161619K [0x00000000a0c00000, 0x0000000100000000)
  region size 1024K, 100 young (102400K), 4 survivors (4096K)
 Metaspace       used 13822K, capacity 14053K, committed 14336K, reserved 1062912K
  class space    used 1105K, capacity 1167K, committed 1280K, reserved 1048576K
}
Event: 3.341 GC heap after
{Heap after GC invocations=16 (full 0):
 garbage-first heap   total 240640K, used 62242K [0x00000000a0c00000, 0x0000000100000000)
  region size 1024K, 11 young (11264K), 11 survivors (11264K)
 Metaspace       used 13822K, capacity 14053K, committed 14336K, reserved 1062912K
  class space    used 1105K, capacity 1167K, committed 1280K, reserved 1048576K
}
Event: 3.493 GC heap before
{Heap before GC invocations=16 (full 0):
 garbage-first heap   total 240640K, used 169762K [0x00000000a0c00000, 0x0000000100000000)
  region size 1024K, 116 young (118784K), 11 survivors (11264K)
 Metaspace       used 13830K, capacity 14053K, committed 14336K, reserved 1062912K
  class space    used 1105K, capacity 1167K, committed 1280K, reserved 1048576K
}
Event: 3.501 GC heap after
{Heap after GC invocations=17 (full 0):
 garbage-first heap   total 240640K, used 65226K [0x00000000a0c00000, 0x0000000100000000)
  region size 1024K, 6 young (6144K), 6 survivors (6144K)
 Metaspace       used 13830K, capacity 14053K, committed 14336K, reserved 1062912K
  class space    used 1105K, capacity 1167K, committed 1280K, reserved 1048576K
}
Event: 3.722 GC heap before
{Heap before GC invocations=17 (full 0):
 garbage-first heap   total 240640K, used 176842K [0x00000000a0c00000, 0x0000000100000000)
  region size 1024K, 115 young (117760K), 6 survivors (6144K)
 Metaspace       used 13833K, capacity 14053K, committed 14336K, reserved 1062912K
  class space    used 1105K, capacity 1167K, committed 1280K, reserved 1048576K
}
Event: 3.725 GC heap after
{Heap after GC invocations=18 (full 0):
 garbage-first heap   total 240640K, used 66154K [0x00000000a0c00000, 0x0000000100000000)
  region size 1024K, 7 young (7168K), 7 survivors (7168K)
 Metaspace       used 13833K, capacity 14053K, committed 14336K, reserved 1062912K
  class space    used 1105K, capacity 1167K, committed 1280K, reserved 1048576K
}
Event: 9.251 GC heap before
{Heap before GC invocations=18 (full 0):
 garbage-first heap   total 240640K, used 186986K [0x00000000a0c00000, 0x0000000100000000)
  region size 1024K, 125 young (128000K), 7 survivors (7168K)
 Metaspace       used 13836K, capacity 14053K, committed 14336K, reserved 1062912K
  class space    used 1105K, capacity 1167K, committed 1280K, reserved 1048576K
}

Deoptimization events (20 events):
Event: 3.643 Thread 0x0000022933ad6000 DEOPT PACKING pc=0x00000229247efbd0 sp=0x00000076278fdd50
Event: 3.643 Thread 0x0000022933ad6000 DEOPT UNPACKING pc=0x000002291ccba1af sp=0x00000076278fdd18 mode 2
Event: 3.652 Thread 0x0000022933ad6000 DEOPT PACKING pc=0x000002291d76b79f sp=0x00000076278fdb50
Event: 3.652 Thread 0x0000022933ad6000 DEOPT UNPACKING pc=0x000002291ccba95e sp=0x00000076278fcf88 mode 0
Event: 3.658 Thread 0x0000022933afa800 DEOPT PACKING pc=0x000002291d5a1b68 sp=0x00000076279fe920
Event: 3.658 Thread 0x0000022933afa800 DEOPT UNPACKING pc=0x000002291ccba95e sp=0x00000076279fde28 mode 0
Event: 3.716 Thread 0x0000022933a55000 DEOPT PACKING pc=0x000002291d5a1b68 sp=0x00000076275febb0
Event: 3.716 Thread 0x0000022933a55000 DEOPT UNPACKING pc=0x000002291ccba95e sp=0x00000076275fe0b8 mode 0
Event: 3.761 Thread 0x0000022933ad6000 DEOPT PACKING pc=0x000002291d5a1b68 sp=0x00000076278fe450
Event: 3.763 Thread 0x0000022933ad6000 DEOPT UNPACKING pc=0x000002291ccba95e sp=0x00000076278fd958 mode 0
Event: 3.805 Thread 0x0000022933ad6000 DEOPT PACKING pc=0x000002291d6f216e sp=0x00000076278fe5e0
Event: 3.805 Thread 0x0000022933ad6000 DEOPT UNPACKING pc=0x000002291ccba95e sp=0x00000076278fdb58 mode 0
Event: 4.002 Thread 0x0000022933a55000 DEOPT PACKING pc=0x000002291d5a1b68 sp=0x00000076275febb0
Event: 4.009 Thread 0x0000022933a55000 DEOPT UNPACKING pc=0x000002291ccba95e sp=0x00000076275fe0b8 mode 0
Event: 7.281 Thread 0x0000022933a55000 DEOPT PACKING pc=0x000002291d5a1b68 sp=0x00000076275febb0
Event: 7.281 Thread 0x0000022933a55000 DEOPT UNPACKING pc=0x000002291ccba95e sp=0x00000076275fe0b8 mode 0
Event: 8.951 Thread 0x0000022933a55000 DEOPT PACKING pc=0x000002291d5a1b68 sp=0x00000076275febb0
Event: 8.951 Thread 0x0000022933a55000 DEOPT UNPACKING pc=0x000002291ccba95e sp=0x00000076275fe0b8 mode 0
Event: 9.143 Thread 0x0000022933a55000 DEOPT PACKING pc=0x000002291d5a1b68 sp=0x00000076275febb0
Event: 9.143 Thread 0x0000022933a55000 DEOPT UNPACKING pc=0x000002291ccba95e sp=0x00000076275fe0b8 mode 0

Classes redefined (0 events):
No events

Internal exceptions (6 events):
Event: 0.209 Thread 0x0000022912d28000 Exception <a 'java/lang/NoSuchMethodError'{0x00000000a6aea388}: 'int java.lang.invoke.DirectMethodHandle$Holder.invokeSpecialIFC(java.lang.Object, java.lang.Object, int)'> (0x00000000a6aea388) thrown at [./src/hotspot/share/interpreter/linkResolver.cpp, line 773]
Event: 0.760 Thread 0x0000022933a8e000 Exception <a 'java/lang/NoSuchMethodError'{0x00000000a586f530}: 'java.lang.Object java.lang.invoke.DirectMethodHandle$Holder.invokeStatic(java.lang.Object, java.lang.Object, java.lang.Object, java.lang.Object, java.lang.Object, java.lang.Object, java.lang.Object, java.lang.Object, java.lang.Object, java.lang.Object, java.lang.Object, java.lang.Object, java.lang.Object, java.lang.Object, java.lang.Object)'> (0x00000000a586f530) thrown at [./src/hotspot/share/interpreter/linkResolver.cpp, line 773]
Event: 0.762 Thread 0x0000022933a8e000 Exception <a 'java/lang/NoSuchMethodError'{0x00000000a577d440}: 'java.lang.Object java.lang.invoke.DirectMethodHandle$Holder.invokeStatic(java.lang.Object, java.lang.Object, java.lang.Object, java.lang.Object, java.lang.Object, java.lang.Object, java.lang.Object, java.lang.Object, java.lang.Object, java.lang.Object, java.lang.Object, java.lang.Object, java.lang.Object, java.lang.Object, java.lang.Object, java.lang.Object)'> (0x00000000a577d440) thrown at [./src/hotspot/share/interpreter/linkResolver.cpp, l
Event: 0.765 Thread 0x0000022933a8e000 Exception <a 'java/lang/NoSuchMethodError'{0x00000000a578c5f0}: 'java.lang.Object java.lang.invoke.DirectMethodHandle$Holder.invokeSpecial(java.lang.Object, java.lang.Object, int, int, java.lang.Object, java.lang.Object, java.lang.Object)'> (0x00000000a578c5f0) thrown at [./src/hotspot/share/interpreter/linkResolver.cpp, line 773]
Event: 0.766 Thread 0x0000022933a8e000 Exception <a 'java/lang/NoSuchMethodError'{0x00000000a578fb80}: 'java.lang.Object java.lang.invoke.DelegatingMethodHandle$Holder.reinvoke_L(java.lang.Object, int, int, java.lang.Object, java.lang.Object, java.lang.Object)'> (0x00000000a578fb80) thrown at [./src/hotspot/share/interpreter/linkResolver.cpp, line 773]
Event: 0.767 Thread 0x0000022933a8e000 Exception <a 'java/lang/NoSuchMethodError'{0x00000000a5794000}: 'java.lang.Object java.lang.invoke.DirectMethodHandle$Holder.invokeStatic(java.lang.Object, java.lang.Object, java.lang.Object, java.lang.Object, int)'> (0x00000000a5794000) thrown at [./src/hotspot/share/interpreter/linkResolver.cpp, line 773]

Events (20 events):
Event: 3.142 Executing VM operation: RevokeBias done
Event: 3.142 Executing VM operation: RevokeBias
Event: 3.142 Executing VM operation: RevokeBias done
Event: 3.142 Executing VM operation: RevokeBias
Event: 3.142 Executing VM operation: RevokeBias done
Event: 3.315 Executing VM operation: G1CollectForAllocation
Event: 3.328 Executing VM operation: G1CollectForAllocation done
Event: 3.334 Executing VM operation: G1CollectForAllocation
Event: 3.341 Executing VM operation: G1CollectForAllocation done
Event: 3.341 Executing VM operation: RevokeBias
Event: 3.342 Executing VM operation: RevokeBias done
Event: 3.342 Executing VM operation: RevokeBias
Event: 3.342 Executing VM operation: RevokeBias done
Event: 3.342 Executing VM operation: BulkRevokeBias
Event: 3.343 Executing VM operation: BulkRevokeBias done
Event: 3.493 Executing VM operation: G1CollectForAllocation
Event: 3.501 Executing VM operation: G1CollectForAllocation done
Event: 3.721 Executing VM operation: G1CollectForAllocation
Event: 3.725 Executing VM operation: G1CollectForAllocation done
Event: 9.251 Executing VM operation: G1CollectForAllocation


Dynamic libraries:
0x00007ff76af10000 - 0x00007ff76af1d000 	C:\Program Files\Microsoft\jdk-11.0.16.101-hotspot\bin\java.exe
0x00007ffc6f190000 - 0x00007ffc6f3a4000 	C:\WINDOWS\SYSTEM32\ntdll.dll
0x00007ffc6e9a0000 - 0x00007ffc6ea64000 	C:\WINDOWS\System32\KERNEL32.DLL
0x00007ffc6ca60000 - 0x00007ffc6ce04000 	C:\WINDOWS\System32\KERNELBASE.dll
0x00007ffc6c690000 - 0x00007ffc6c7a1000 	C:\WINDOWS\System32\ucrtbase.dll
0x00007ffc66590000 - 0x00007ffc665a7000 	C:\Program Files\Microsoft\jdk-11.0.16.101-hotspot\bin\jli.dll
0x00007ffc5d200000 - 0x00007ffc5d215000 	C:\Program Files\Microsoft\jdk-11.0.16.101-hotspot\bin\VCRUNTIME140.dll
0x00007ffc6dfc0000 - 0x00007ffc6e16a000 	C:\WINDOWS\System32\USER32.dll
0x00007ffc6c7b0000 - 0x00007ffc6c7d6000 	C:\WINDOWS\System32\win32u.dll
0x00007ffc6f100000 - 0x00007ffc6f129000 	C:\WINDOWS\System32\GDI32.dll
0x00007ffc6c570000 - 0x00007ffc6c689000 	C:\WINDOWS\System32\gdi32full.dll
0x00007ffc5a4b0000 - 0x00007ffc5a73f000 	C:\WINDOWS\WinSxS\amd64_microsoft.windows.common-controls_6595b64144ccf1df_6.0.22621.2070_none_2713e6537381f706\COMCTL32.dll
0x00007ffc6c7e0000 - 0x00007ffc6c87a000 	C:\WINDOWS\System32\msvcp_win.dll
0x00007ffc6d740000 - 0x00007ffc6d7e7000 	C:\WINDOWS\System32\msvcrt.dll
0x00007ffc6eec0000 - 0x00007ffc6eef1000 	C:\WINDOWS\System32\IMM32.DLL
0x00007ffc3b350000 - 0x00007ffc3b3eb000 	C:\Program Files\Microsoft\jdk-11.0.16.101-hotspot\bin\msvcp140.dll
0x00007ffba15e0000 - 0x00007ffba216a000 	C:\Program Files\Microsoft\jdk-11.0.16.101-hotspot\bin\server\jvm.dll
0x00007ffc6d930000 - 0x00007ffc6d9e0000 	C:\WINDOWS\System32\ADVAPI32.dll
0x00007ffc6f050000 - 0x00007ffc6f0f6000 	C:\WINDOWS\System32\sechost.dll
0x00007ffc6d110000 - 0x00007ffc6d227000 	C:\WINDOWS\System32\RPCRT4.dll
0x00007ffc6da60000 - 0x00007ffc6da68000 	C:\WINDOWS\System32\PSAPI.DLL
0x00007ffc5f540000 - 0x00007ffc5f549000 	C:\WINDOWS\SYSTEM32\WSOCK32.dll
0x00007ffc6d6c0000 - 0x00007ffc6d731000 	C:\WINDOWS\System32\WS2_32.dll
0x00007ffc64f20000 - 0x00007ffc64f54000 	C:\WINDOWS\SYSTEM32\WINMM.dll
0x00007ffc65d80000 - 0x00007ffc65d8a000 	C:\WINDOWS\SYSTEM32\VERSION.dll
0x00007ffc6b560000 - 0x00007ffc6b578000 	C:\WINDOWS\SYSTEM32\kernel.appcore.dll
0x00007ffc5f550000 - 0x00007ffc5f560000 	C:\Program Files\Microsoft\jdk-11.0.16.101-hotspot\bin\verify.dll
0x00007ffc67600000 - 0x00007ffc6782e000 	C:\WINDOWS\SYSTEM32\DBGHELP.DLL
0x00007ffc6da90000 - 0x00007ffc6de1a000 	C:\WINDOWS\System32\combase.dll
0x00007ffc6ea70000 - 0x00007ffc6eb47000 	C:\WINDOWS\System32\OLEAUT32.dll
0x00007ffc675c0000 - 0x00007ffc675f2000 	C:\WINDOWS\SYSTEM32\dbgcore.DLL
0x00007ffc6ce10000 - 0x00007ffc6ce8a000 	C:\WINDOWS\System32\bcryptPrimitives.dll
0x00007ffc52f80000 - 0x00007ffc52fa8000 	C:\Program Files\Microsoft\jdk-11.0.16.101-hotspot\bin\java.dll
0x00007ffc5a760000 - 0x00007ffc5a76a000 	C:\Program Files\Microsoft\jdk-11.0.16.101-hotspot\bin\jimage.dll
0x00007ffc52f60000 - 0x00007ffc52f78000 	C:\Program Files\Microsoft\jdk-11.0.16.101-hotspot\bin\zip.dll
0x00007ffc6e180000 - 0x00007ffc6e996000 	C:\WINDOWS\System32\SHELL32.dll
0x00007ffc6a540000 - 0x00007ffc6ae2a000 	C:\WINDOWS\SYSTEM32\windows.storage.dll
0x00007ffc6a400000 - 0x00007ffc6a53e000 	C:\WINDOWS\SYSTEM32\wintypes.dll
0x00007ffc6edc0000 - 0x00007ffc6eeb3000 	C:\WINDOWS\System32\SHCORE.dll
0x00007ffc6eb50000 - 0x00007ffc6ebae000 	C:\WINDOWS\System32\shlwapi.dll
0x00007ffc6c4a0000 - 0x00007ffc6c4c6000 	C:\WINDOWS\SYSTEM32\profapi.dll
0x00007ffc52f10000 - 0x00007ffc52f29000 	C:\Program Files\Microsoft\jdk-11.0.16.101-hotspot\bin\net.dll
0x00007ffc61ab0000 - 0x00007ffc61be7000 	C:\WINDOWS\SYSTEM32\WINHTTP.dll
0x00007ffc6ba30000 - 0x00007ffc6ba99000 	C:\WINDOWS\system32\mswsock.dll
0x00007ffc52d50000 - 0x00007ffc52d63000 	C:\Program Files\Microsoft\jdk-11.0.16.101-hotspot\bin\nio.dll

dbghelp: loaded successfully - version: 4.0.5 - missing functions: none
symbol engine: initialized successfully - sym options: 0x614 - pdb path: .;C:\Program Files\Microsoft\jdk-11.0.16.101-hotspot\bin;C:\WINDOWS\SYSTEM32;C:\WINDOWS\WinSxS\amd64_microsoft.windows.common-controls_6595b64144ccf1df_6.0.22621.2070_none_2713e6537381f706;C:\Program Files\Microsoft\jdk-11.0.16.101-hotspot\bin\server

VM Arguments:
java_command: com.xamarin.androidx.jetifierWrapper.Main -intermediate obj\Debug\130\androidx\_AndroidXJetifyEmbeddedFiles.jetify -parallel
java_class_path (initial): C:\Users\Pancho\.nuget\packages\xamarin.androidx.migration\1.0.8\buildTransitive\monoandroid90\Tools/JetifierWrapper/jetifierWrapper-1.0.jar
Launcher Type: SUN_STANDARD

[Global flags]
     intx CICompilerCount                          = 4                                         {product} {ergonomic}
     uint ConcGCThreads                            = 2                                         {product} {ergonomic}
     uint G1ConcRefinementThreads                  = 8                                         {product} {ergonomic}
   size_t G1HeapRegionSize                         = 1048576                                   {product} {ergonomic}
    uintx GCDrainStackTargetSize                   = 64                                        {product} {ergonomic}
   size_t InitialHeapSize                          = 100663296                                 {product} {ergonomic}
   size_t MarkStackSize                            = 4194304                                   {product} {ergonomic}
   size_t MaxHeapSize                              = 1598029824                                {product} {ergonomic}
   size_t MaxNewSize                               = 958398464                                 {product} {ergonomic}
   size_t MinHeapDeltaBytes                        = 1048576                                   {product} {ergonomic}
    uintx NonNMethodCodeHeapSize                   = 5836300                                {pd product} {ergonomic}
    uintx NonProfiledCodeHeapSize                  = 122910970                              {pd product} {ergonomic}
    uintx ProfiledCodeHeapSize                     = 122910970                              {pd product} {ergonomic}
    uintx ReservedCodeCacheSize                    = 251658240                              {pd product} {ergonomic}
     bool SegmentedCodeCache                       = true                                      {product} {ergonomic}
     bool UseCompressedClassPointers               = true                                 {lp64_product} {ergonomic}
     bool UseCompressedOops                        = true                                 {lp64_product} {ergonomic}
     bool UseG1GC                                  = true                                      {product} {ergonomic}
     bool UseLargePagesIndividualAllocation        = false                                  {pd product} {ergonomic}

Logging:
Log output configuration:
 #0: stdout all=warning uptime,level,tags
 #1: stderr all=off uptime,level,tags

Environment Variables:
JAVA_HOME=C:\Program Files\Microsoft\jdk-11.0.16.101-hotspot
PATH=C:\Program Files\Common Files\Oracle\Java\javapath;C:\Program Files\Microsoft\jdk-11.0.16.101-hotspot\bin;C:\Windows\system32;C:\Windows;C:\Windows\System32\Wbem;C:\Windows\System32\WindowsPowerShell\v1.0\;C:\Windows\System32\OpenSSH\;C:\Program Files\Microsoft SQL Server\150\Tools\Binn\;C:\Program Files\Microsoft SQL Server\Client SDK\ODBC\170\Tools\Binn\;C:\Program Files (x86)\Microsoft SQL Server\150\Tools\Binn\;C:\Program Files\Microsoft SQL Server\150\DTS\Binn\;C:\Program Files (x86)\Microsoft SQL Server\160\DTS\Binn\;C:\Program Files\Azure Data Studio\bin;C:\Program Files\dotnet\;C:\WINDOWS\system32;C:\WINDOWS;C:\WINDOWS\System32\Wbem;C:\WINDOWS\System32\WindowsPowerShell\v1.0\;C:\WINDOWS\System32\OpenSSH\;C:\Program Files\Git\cmd;C:\Program Files\nodejs\;C:\Program Files\Java\jdk-20\bin;C:\maven\apache-maven-3.9.2\bin;C:\Users\Pancho\.console-ninja\.bin;C:\Users\Pancho\AppData\Local\Microsoft\WindowsApps;C:\Users\Pancho\.dotnet\tools;C:\Program Files\Azure Data Studio\bin;C:\Users\Pancho\.dotnet\tools;C:\Users\Pancho\AppData\Local\Microsoft\WindowsApps;C:\Users\Pancho\AppData\Roaming\npm;C:\Users\Pancho\AppData\Local\Programs\Microsoft VS Code\bin;C:\SqlLite3;C:\mongosh-2.0.1-win32-x64\bin;
USERNAME=Pancho
OS=Windows_NT
PROCESSOR_IDENTIFIER=AMD64 Family 23 Model 24 Stepping 1, AuthenticAMD
TMP=C:\Users\Pancho\AppData\Local\Temp
TEMP=C:\Users\Pancho\AppData\Local\Temp



---------------  S Y S T E M  ---------------

OS: Windows 11 , 64 bit Build 22621 (10.0.22621.2070)
OS uptime: 7 days 23:43 hours

CPU:total 8 (initial active 8) (8 cores per cpu, 2 threads per core) family 23 model 24 stepping 1 microcode 0x0, cmov, cx8, fxsr, mmx, sse, sse2, sse3, ssse3, sse4.1, sse4.2, popcnt, avx, avx2, aes, clmul, mmxext, 3dnowpref, lzcnt, sse4a, ht, tsc, tscinvbit, tscinv, bmi1, bmi2, adx, sha, fma

Memory: 4k page, system-wide physical 6091M (277M free)
TotalPageFile size 24523M (AvailPageFile size 9M)
current process WorkingSet (physical memory assigned to process): 356M, peak: 356M
current process commit charge ("private bytes"): 400M, peak: 572M

vm_info: OpenJDK 64-Bit Server VM (11.0.16.1+1-LTS) for windows-amd64 JRE (11.0.16.1+1-LTS), built on Aug 20 2022 20:09:04 by "" with MS VC++ 15.9 (VS2017)

END.
