#
# There is insufficient memory for the Java Runtime Environment to continue.
# Native memory allocation (malloc) failed to allocate 329696 bytes for Chunk::new
# Possible reasons:
#   The system is out of physical RAM or swap space
#   The process is running with CompressedOops enabled, and the Java Heap may be blocking the growth of the native heap
# Possible solutions:
#   Reduce memory load on the system
#   Increase physical memory or swap space
#   Check if swap backing store is full
#   Decrease Java heap size (-Xmx/-Xms)
#   Decrease number of Java threads
#   Decrease Java thread stack sizes (-Xss)
#   Set larger code cache with -XX:ReservedCodeCacheSize=
#   JVM is running with Unscaled Compressed Oops mode in which the Java heap is
#     placed in the first 4GB address space. The Java Heap base address is the
#     maximum limit for the native heap growth. Please use -XX:HeapBaseMinAddress
#     to set the Java Heap base and to place the Java Heap above 4GB virtual address.
# This output file may be truncated or incomplete.
#
#  Out of Memory Error (./src/hotspot/share/memory/arena.cpp:197), pid=19824, tid=12216
#
# JRE version: OpenJDK Runtime Environment Microsoft-40648 (11.0.16.1+1) (build 11.0.16.1+1-LTS)
# Java VM: OpenJDK 64-Bit Server VM Microsoft-40648 (11.0.16.1+1-LTS, mixed mode, tiered, compressed oops, g1 gc, windows-amd64)
# No core dump will be written. Minidumps are not enabled by default on client versions of Windows
#

---------------  S U M M A R Y ------------

Command Line: com.xamarin.manifestmerger.Main obj\Debug\130\android\manifestmerger.rsp

Host: AMD Ryzen 7 3700U with Radeon Vega Mobile Gfx  , 8 cores, 5G,  Windows 11 , 64 bit Build 22621 (10.0.22621.2070)
Time: Thu Oct  5 20:08:36 2023 Hora verano Sudamérica Pacífico elapsed time: 1.796335 seconds (0d 0h 0m 1s)

---------------  T H R E A D  ---------------

Current thread (0x0000024af4695000):  JavaThread "C2 CompilerThread0" daemon [_thread_in_native, id=12216, stack(0x000000e999100000,0x000000e999200000)]


Current CompileTask:
C2:   1796  851 %     4       sun.security.util.ManifestDigester::<init> @ 241 (390 bytes)

Stack: [0x000000e999100000,0x000000e999200000]
Native frames: (J=compiled Java code, j=interpreted, Vv=VM code, C=native code)
V  [jvm.dll+0x62652a]
V  [jvm.dll+0x7b3249]
V  [jvm.dll+0x7b4938]
V  [jvm.dll+0x7b5013]
V  [jvm.dll+0x24fca8]
V  [jvm.dll+0xc262c]
V  [jvm.dll+0xc2bec]
V  [jvm.dll+0x2c1b24]
V  [jvm.dll+0x52e84c]
V  [jvm.dll+0x2111fb]
V  [jvm.dll+0x20ae44]
V  [jvm.dll+0x207fdb]
V  [jvm.dll+0x18a411]
V  [jvm.dll+0x217954]
V  [jvm.dll+0x215b9b]
V  [jvm.dll+0x775d50]
V  [jvm.dll+0x76ec84]
V  [jvm.dll+0x625395]
C  [ucrtbase.dll+0x29363]
C  [KERNEL32.DLL+0x126ad]
C  [ntdll.dll+0x5aa68]


---------------  P R O C E S S  ---------------

Threads class SMR info:
_java_thread_list=0x0000024af517a160, length=11, elements={
0x0000024ad690e000, 0x0000024af4670800, 0x0000024af4672000, 0x0000024af468e000,
0x0000024af4690000, 0x0000024af4690800, 0x0000024af4695000, 0x0000024af46a4800,
0x0000024af46a9800, 0x0000024af5191800, 0x0000024af518c800
}

Java Threads: ( => current thread )
  0x0000024ad690e000 JavaThread "main" [_thread_in_vm, id=29916, stack(0x000000e998500000,0x000000e998600000)]
  0x0000024af4670800 JavaThread "Reference Handler" daemon [_thread_blocked, id=11104, stack(0x000000e998c00000,0x000000e998d00000)]
  0x0000024af4672000 JavaThread "Finalizer" daemon [_thread_blocked, id=15316, stack(0x000000e998d00000,0x000000e998e00000)]
  0x0000024af468e000 JavaThread "Signal Dispatcher" daemon [_thread_blocked, id=1440, stack(0x000000e998e00000,0x000000e998f00000)]
  0x0000024af4690000 JavaThread "Attach Listener" daemon [_thread_blocked, id=28708, stack(0x000000e998f00000,0x000000e999000000)]
  0x0000024af4690800 JavaThread "Service Thread" daemon [_thread_blocked, id=19336, stack(0x000000e999000000,0x000000e999100000)]
=>0x0000024af4695000 JavaThread "C2 CompilerThread0" daemon [_thread_in_native, id=12216, stack(0x000000e999100000,0x000000e999200000)]
  0x0000024af46a4800 JavaThread "C1 CompilerThread0" daemon [_thread_in_vm, id=16836, stack(0x000000e999200000,0x000000e999300000)]
  0x0000024af46a9800 JavaThread "Sweeper thread" daemon [_thread_blocked, id=32280, stack(0x000000e999300000,0x000000e999400000)]
  0x0000024af5191800 JavaThread "Common-Cleaner" daemon [_thread_blocked, id=8112, stack(0x000000e999500000,0x000000e999600000)]
  0x0000024af518c800 JavaThread "C2 CompilerThread1" daemon [_thread_blocked, id=29304, stack(0x000000e999600000,0x000000e999700000)]

Other Threads:
  0x0000024af464d800 VMThread "VM Thread" [stack: 0x000000e998b00000,0x000000e998c00000] [id=14724]
  0x0000024af5185000 WatcherThread [stack: 0x000000e999400000,0x000000e999500000] [id=22976]
  0x0000024ad47ca800 GCTaskThread "GC Thread#0" [stack: 0x000000e998600000,0x000000e998700000] [id=6684]
  0x0000024af557c800 GCTaskThread "GC Thread#1" [stack: 0x000000e999700000,0x000000e999800000] [id=31844]
  0x0000024ad6947000 ConcurrentGCThread "G1 Main Marker" [stack: 0x000000e998700000,0x000000e998800000] [id=20908]
  0x0000024ad694c000 ConcurrentGCThread "G1 Conc#0" [stack: 0x000000e998800000,0x000000e998900000] [id=11840]
  0x0000024ad69d7000 ConcurrentGCThread "G1 Refine#0" [stack: 0x000000e998900000,0x000000e998a00000] [id=10904]
  0x0000024af518b000 ConcurrentGCThread "G1 Refine#1" [stack: 0x000000e999800000,0x000000e999900000] [id=32608]
  0x0000024af5ad0800 ConcurrentGCThread "G1 Refine#2" [stack: 0x000000e999900000,0x000000e999a00000] [id=32048]
  0x0000024af56ee000 ConcurrentGCThread "G1 Refine#3" [stack: 0x000000e999a00000,0x000000e999b00000] [id=18276]
  0x0000024af56ee800 ConcurrentGCThread "G1 Refine#4" [stack: 0x000000e999b00000,0x000000e999c00000] [id=14232]
  0x0000024af526c000 ConcurrentGCThread "G1 Refine#5" [stack: 0x000000e999c00000,0x000000e999d00000] [id=31276]
  0x0000024ad69da000 ConcurrentGCThread "G1 Young RemSet Sampling" [stack: 0x000000e998a00000,0x000000e998b00000] [id=13356]

Threads with active compile tasks:
C2 CompilerThread0     1836  851 %     4       sun.security.util.ManifestDigester::<init> @ 241 (390 bytes)

VM state:not at safepoint (normal execution)

VM Mutex/Monitor currently owned by a thread: None

Heap address: 0x00000000a0c00000, size: 1524 MB, Compressed Oops mode: 32-bit
Narrow klass base: 0x0000000000000000, Narrow klass shift: 3
Compressed class space size: 1073741824 Address: 0x0000000100000000

Heap:
 garbage-first heap   total 194560K, used 81920K [0x00000000a0c00000, 0x0000000100000000)
  region size 1024K, 23 young (23552K), 3 survivors (3072K)
 Metaspace       used 10106K, capacity 10289K, committed 10496K, reserved 1058816K
  class space    used 936K, capacity 983K, committed 1024K, reserved 1048576K
Heap Regions: E=young(eden), S=young(survivor), O=old, HS=humongous(starts), HC=humongous(continues), CS=collection set, F=free, A=archive, TAMS=top-at-mark-start (previous, next)
|   0|0x00000000a0c00000, 0x00000000a0d00000, 0x00000000a0d00000|100%|HS|  |TAMS 0x00000000a0c00000, 0x00000000a0c00000| Complete 
|   1|0x00000000a0d00000, 0x00000000a0e00000, 0x00000000a0e00000|100%|HC|  |TAMS 0x00000000a0d00000, 0x00000000a0d00000| Complete 
|   2|0x00000000a0e00000, 0x00000000a0f00000, 0x00000000a0f00000|100%|HC|  |TAMS 0x00000000a0e00000, 0x00000000a0e00000| Complete 
|   3|0x00000000a0f00000, 0x00000000a1000000, 0x00000000a1000000|100%| O|  |TAMS 0x00000000a0f00000, 0x00000000a0f00000| Untracked 
|   4|0x00000000a1000000, 0x00000000a1100000, 0x00000000a1100000|100%| O|  |TAMS 0x00000000a1000000, 0x00000000a1000000| Untracked 
|   5|0x00000000a1100000, 0x00000000a1200000, 0x00000000a1200000|100%| O|  |TAMS 0x00000000a1100000, 0x00000000a1100000| Untracked 
|   6|0x00000000a1200000, 0x00000000a1300000, 0x00000000a1300000|100%|HS|  |TAMS 0x00000000a1200000, 0x00000000a1200000| Complete 
|   7|0x00000000a1300000, 0x00000000a1400000, 0x00000000a1400000|100%|HC|  |TAMS 0x00000000a1300000, 0x00000000a1300000| Complete 
|   8|0x00000000a1400000, 0x00000000a1500000, 0x00000000a1500000|100%|HC|  |TAMS 0x00000000a1400000, 0x00000000a1400000| Complete 
|   9|0x00000000a1500000, 0x00000000a1600000, 0x00000000a1600000|100%|HS|  |TAMS 0x00000000a1500000, 0x00000000a1500000| Complete 
|  10|0x00000000a1600000, 0x00000000a1700000, 0x00000000a1700000|100%|HC|  |TAMS 0x00000000a1600000, 0x00000000a1600000| Complete 
|  11|0x00000000a1700000, 0x00000000a1800000, 0x00000000a1800000|100%|HC|  |TAMS 0x00000000a1700000, 0x00000000a1700000| Complete 
|  12|0x00000000a1800000, 0x00000000a1900000, 0x00000000a1900000|100%| O|  |TAMS 0x00000000a1800000, 0x00000000a1800000| Untracked 
|  13|0x00000000a1900000, 0x00000000a1a00000, 0x00000000a1a00000|100%| O|  |TAMS 0x00000000a1900000, 0x00000000a1900000| Untracked 
|  14|0x00000000a1a00000, 0x00000000a1b00000, 0x00000000a1b00000|100%| O|  |TAMS 0x00000000a1a00000, 0x00000000a1a00000| Untracked 
|  15|0x00000000a1b00000, 0x00000000a1c00000, 0x00000000a1c00000|100%| O|  |TAMS 0x00000000a1b00000, 0x00000000a1b00000| Untracked 
|  16|0x00000000a1c00000, 0x00000000a1d00000, 0x00000000a1d00000|100%| O|  |TAMS 0x00000000a1c00000, 0x00000000a1c00000| Untracked 
|  17|0x00000000a1d00000, 0x00000000a1e00000, 0x00000000a1e00000|100%| O|  |TAMS 0x00000000a1d00000, 0x00000000a1d00000| Untracked 
|  18|0x00000000a1e00000, 0x00000000a1f00000, 0x00000000a1f00000|100%| O|  |TAMS 0x00000000a1e00000, 0x00000000a1e00000| Untracked 
|  19|0x00000000a1f00000, 0x00000000a2000000, 0x00000000a2000000|100%| O|  |TAMS 0x00000000a1f00000, 0x00000000a1f00000| Untracked 
|  20|0x00000000a2000000, 0x00000000a2100000, 0x00000000a2100000|100%|HS|  |TAMS 0x00000000a2000000, 0x00000000a2000000| Complete 
|  21|0x00000000a2100000, 0x00000000a2200000, 0x00000000a2200000|100%|HC|  |TAMS 0x00000000a2100000, 0x00000000a2100000| Complete 
|  22|0x00000000a2200000, 0x00000000a2300000, 0x00000000a2300000|100%|HC|  |TAMS 0x00000000a2200000, 0x00000000a2200000| Complete 
|  23|0x00000000a2300000, 0x00000000a2400000, 0x00000000a2400000|100%| O|  |TAMS 0x00000000a2300000, 0x00000000a2300000| Untracked 
|  24|0x00000000a2400000, 0x00000000a2500000, 0x00000000a2500000|100%| O|  |TAMS 0x00000000a2400000, 0x00000000a2400000| Untracked 
|  25|0x00000000a2500000, 0x00000000a2600000, 0x00000000a2600000|100%| O|  |TAMS 0x00000000a2500000, 0x00000000a2500000| Untracked 
|  26|0x00000000a2600000, 0x00000000a2700000, 0x00000000a2700000|100%| O|  |TAMS 0x00000000a2600000, 0x00000000a2600000| Untracked 
|  27|0x00000000a2700000, 0x00000000a2800000, 0x00000000a2800000|100%| O|  |TAMS 0x00000000a2700000, 0x00000000a2700000| Untracked 
|  28|0x00000000a2800000, 0x00000000a2900000, 0x00000000a2900000|100%| O|  |TAMS 0x00000000a2800000, 0x00000000a2800000| Untracked 
|  29|0x00000000a2900000, 0x00000000a2a00000, 0x00000000a2a00000|100%| O|  |TAMS 0x00000000a2900000, 0x00000000a2900000| Untracked 
|  30|0x00000000a2a00000, 0x00000000a2b00000, 0x00000000a2b00000|100%| O|  |TAMS 0x00000000a2a00000, 0x00000000a2a00000| Untracked 
|  31|0x00000000a2b00000, 0x00000000a2c00000, 0x00000000a2c00000|100%| O|  |TAMS 0x00000000a2b00000, 0x00000000a2b00000| Untracked 
|  32|0x00000000a2c00000, 0x00000000a2d00000, 0x00000000a2d00000|100%| O|  |TAMS 0x00000000a2c00000, 0x00000000a2c00000| Untracked 
|  33|0x00000000a2d00000, 0x00000000a2e00000, 0x00000000a2e00000|100%|HS|  |TAMS 0x00000000a2d00000, 0x00000000a2d00000| Complete 
|  34|0x00000000a2e00000, 0x00000000a2f00000, 0x00000000a2f00000|100%|HC|  |TAMS 0x00000000a2e00000, 0x00000000a2e00000| Complete 
|  35|0x00000000a2f00000, 0x00000000a3000000, 0x00000000a3000000|100%|HC|  |TAMS 0x00000000a2f00000, 0x00000000a2f00000| Complete 
|  36|0x00000000a3000000, 0x00000000a3100000, 0x00000000a3100000|100%|HS|  |TAMS 0x00000000a3000000, 0x00000000a3000000| Complete 
|  37|0x00000000a3100000, 0x00000000a3200000, 0x00000000a3200000|100%|HC|  |TAMS 0x00000000a3100000, 0x00000000a3100000| Complete 
|  38|0x00000000a3200000, 0x00000000a3300000, 0x00000000a3300000|100%|HC|  |TAMS 0x00000000a3200000, 0x00000000a3200000| Complete 
|  39|0x00000000a3300000, 0x00000000a3400000, 0x00000000a3400000|100%| O|  |TAMS 0x00000000a3300000, 0x00000000a3300000| Untracked 
|  40|0x00000000a3400000, 0x00000000a3500000, 0x00000000a3500000|100%| O|  |TAMS 0x00000000a3400000, 0x00000000a3400000| Untracked 
|  41|0x00000000a3500000, 0x00000000a3600000, 0x00000000a3600000|100%| O|  |TAMS 0x00000000a3500000, 0x00000000a3500000| Untracked 
|  42|0x00000000a3600000, 0x00000000a3700000, 0x00000000a3700000|100%| O|  |TAMS 0x00000000a3600000, 0x00000000a3600000| Untracked 
|  43|0x00000000a3700000, 0x00000000a3800000, 0x00000000a3800000|100%| O|  |TAMS 0x00000000a3700000, 0x00000000a3700000| Untracked 
|  44|0x00000000a3800000, 0x00000000a3900000, 0x00000000a3900000|100%| O|  |TAMS 0x00000000a3800000, 0x00000000a3800000| Untracked 
|  45|0x00000000a3900000, 0x00000000a3a00000, 0x00000000a3a00000|100%| O|  |TAMS 0x00000000a3900000, 0x00000000a3900000| Untracked 
|  46|0x00000000a3a00000, 0x00000000a3b00000, 0x00000000a3b00000|100%| O|  |TAMS 0x00000000a3a00000, 0x00000000a3a00000| Untracked 
|  47|0x00000000a3b00000, 0x00000000a3c00000, 0x00000000a3c00000|100%| O|  |TAMS 0x00000000a3b00000, 0x00000000a3b00000| Untracked 
|  48|0x00000000a3c00000, 0x00000000a3d00000, 0x00000000a3d00000|100%| O|  |TAMS 0x00000000a3c00000, 0x00000000a3c00000| Untracked 
|  49|0x00000000a3d00000, 0x00000000a3e00000, 0x00000000a3e00000|100%|HS|  |TAMS 0x00000000a3d00000, 0x00000000a3d00000| Complete 
|  50|0x00000000a3e00000, 0x00000000a3f00000, 0x00000000a3f00000|100%|HC|  |TAMS 0x00000000a3e00000, 0x00000000a3e00000| Complete 
|  51|0x00000000a3f00000, 0x00000000a4000000, 0x00000000a4000000|100%|HC|  |TAMS 0x00000000a3f00000, 0x00000000a3f00000| Complete 
|  52|0x00000000a4000000, 0x00000000a4100000, 0x00000000a4100000|100%|HS|  |TAMS 0x00000000a4000000, 0x00000000a4000000| Complete 
|  53|0x00000000a4100000, 0x00000000a4200000, 0x00000000a4200000|100%|HC|  |TAMS 0x00000000a4100000, 0x00000000a4100000| Complete 
|  54|0x00000000a4200000, 0x00000000a4300000, 0x00000000a4300000|100%|HC|  |TAMS 0x00000000a4200000, 0x00000000a4200000| Complete 
|  55|0x00000000a4300000, 0x00000000a4400000, 0x00000000a4400000|100%|HS|  |TAMS 0x00000000a4300000, 0x00000000a4300000| Complete 
|  56|0x00000000a4400000, 0x00000000a4500000, 0x00000000a4500000|100%|HC|  |TAMS 0x00000000a4400000, 0x00000000a4400000| Complete 
|  57|0x00000000a4500000, 0x00000000a4600000, 0x00000000a4600000|100%|HC|  |TAMS 0x00000000a4500000, 0x00000000a4500000| Complete 
|  58|0x00000000a4600000, 0x00000000a4600000, 0x00000000a4700000|  0%| F|  |TAMS 0x00000000a4600000, 0x00000000a4600000| Untracked 
|  59|0x00000000a4700000, 0x00000000a4700000, 0x00000000a4800000|  0%| F|  |TAMS 0x00000000a4700000, 0x00000000a4700000| Untracked 
|  60|0x00000000a4800000, 0x00000000a4800000, 0x00000000a4900000|  0%| F|  |TAMS 0x00000000a4800000, 0x00000000a4800000| Untracked 
|  61|0x00000000a4900000, 0x00000000a4900000, 0x00000000a4a00000|  0%| F|  |TAMS 0x00000000a4900000, 0x00000000a4900000| Untracked 
|  62|0x00000000a4a00000, 0x00000000a4a00000, 0x00000000a4b00000|  0%| F|  |TAMS 0x00000000a4a00000, 0x00000000a4a00000| Untracked 
|  63|0x00000000a4b00000, 0x00000000a4b00000, 0x00000000a4c00000|  0%| F|  |TAMS 0x00000000a4b00000, 0x00000000a4b00000| Untracked 
|  64|0x00000000a4c00000, 0x00000000a4c00000, 0x00000000a4d00000|  0%| F|  |TAMS 0x00000000a4c00000, 0x00000000a4c00000| Untracked 
|  65|0x00000000a4d00000, 0x00000000a4d00000, 0x00000000a4e00000|  0%| F|  |TAMS 0x00000000a4d00000, 0x00000000a4d00000| Untracked 
|  66|0x00000000a4e00000, 0x00000000a4e00000, 0x00000000a4f00000|  0%| F|  |TAMS 0x00000000a4e00000, 0x00000000a4e00000| Untracked 
|  67|0x00000000a4f00000, 0x00000000a4f00000, 0x00000000a5000000|  0%| F|  |TAMS 0x00000000a4f00000, 0x00000000a4f00000| Untracked 
|  68|0x00000000a5000000, 0x00000000a5000000, 0x00000000a5100000|  0%| F|  |TAMS 0x00000000a5000000, 0x00000000a5000000| Untracked 
|  69|0x00000000a5100000, 0x00000000a5100000, 0x00000000a5200000|  0%| F|  |TAMS 0x00000000a5100000, 0x00000000a5100000| Untracked 
|  70|0x00000000a5200000, 0x00000000a5300000, 0x00000000a5300000|100%| S|CS|TAMS 0x00000000a5200000, 0x00000000a5200000| Complete 
|  71|0x00000000a5300000, 0x00000000a5400000, 0x00000000a5400000|100%| S|CS|TAMS 0x00000000a5300000, 0x00000000a5300000| Complete 
|  72|0x00000000a5400000, 0x00000000a5500000, 0x00000000a5500000|100%| S|CS|TAMS 0x00000000a5400000, 0x00000000a5400000| Complete 
|  73|0x00000000a5500000, 0x00000000a5500000, 0x00000000a5600000|  0%| F|  |TAMS 0x00000000a5500000, 0x00000000a5500000| Untracked 
|  74|0x00000000a5600000, 0x00000000a5600000, 0x00000000a5700000|  0%| F|  |TAMS 0x00000000a5600000, 0x00000000a5600000| Untracked 
|  75|0x00000000a5700000, 0x00000000a5700000, 0x00000000a5800000|  0%| F|  |TAMS 0x00000000a5700000, 0x00000000a5700000| Untracked 
|  76|0x00000000a5800000, 0x00000000a5800000, 0x00000000a5900000|  0%| F|  |TAMS 0x00000000a5800000, 0x00000000a5800000| Untracked 
|  77|0x00000000a5900000, 0x00000000a5900000, 0x00000000a5a00000|  0%| F|  |TAMS 0x00000000a5900000, 0x00000000a5900000| Untracked 
|  78|0x00000000a5a00000, 0x00000000a5a00000, 0x00000000a5b00000|  0%| F|  |TAMS 0x00000000a5a00000, 0x00000000a5a00000| Untracked 
|  79|0x00000000a5b00000, 0x00000000a5b00000, 0x00000000a5c00000|  0%| F|  |TAMS 0x00000000a5b00000, 0x00000000a5b00000| Untracked 
|  80|0x00000000a5c00000, 0x00000000a5c00000, 0x00000000a5d00000|  0%| F|  |TAMS 0x00000000a5c00000, 0x00000000a5c00000| Untracked 
|  81|0x00000000a5d00000, 0x00000000a5d00000, 0x00000000a5e00000|  0%| F|  |TAMS 0x00000000a5d00000, 0x00000000a5d00000| Untracked 
|  82|0x00000000a5e00000, 0x00000000a5e00000, 0x00000000a5f00000|  0%| F|  |TAMS 0x00000000a5e00000, 0x00000000a5e00000| Untracked 
|  83|0x00000000a5f00000, 0x00000000a5f00000, 0x00000000a6000000|  0%| F|  |TAMS 0x00000000a5f00000, 0x00000000a5f00000| Untracked 
|  84|0x00000000a6000000, 0x00000000a6000000, 0x00000000a6100000|  0%| F|  |TAMS 0x00000000a6000000, 0x00000000a6000000| Untracked 
|  85|0x00000000a6100000, 0x00000000a6100000, 0x00000000a6200000|  0%| F|  |TAMS 0x00000000a6100000, 0x00000000a6100000| Untracked 
|  86|0x00000000a6200000, 0x00000000a6200000, 0x00000000a6300000|  0%| F|  |TAMS 0x00000000a6200000, 0x00000000a6200000| Untracked 
|  87|0x00000000a6300000, 0x00000000a6300000, 0x00000000a6400000|  0%| F|  |TAMS 0x00000000a6300000, 0x00000000a6300000| Untracked 
|  88|0x00000000a6400000, 0x00000000a6400000, 0x00000000a6500000|  0%| F|  |TAMS 0x00000000a6400000, 0x00000000a6400000| Untracked 
|  89|0x00000000a6500000, 0x00000000a6500000, 0x00000000a6600000|  0%| F|  |TAMS 0x00000000a6500000, 0x00000000a6500000| Untracked 
|  90|0x00000000a6600000, 0x00000000a6600000, 0x00000000a6700000|  0%| F|  |TAMS 0x00000000a6600000, 0x00000000a6600000| Untracked 
|  91|0x00000000a6700000, 0x00000000a6700000, 0x00000000a6800000|  0%| F|  |TAMS 0x00000000a6700000, 0x00000000a6700000| Untracked 
|  92|0x00000000a6800000, 0x00000000a6800000, 0x00000000a6900000|  0%| F|  |TAMS 0x00000000a6800000, 0x00000000a6800000| Untracked 
|  93|0x00000000a6900000, 0x00000000a6900000, 0x00000000a6a00000|  0%| F|  |TAMS 0x00000000a6900000, 0x00000000a6900000| Untracked 
|  94|0x00000000a6a00000, 0x00000000a6a00000, 0x00000000a6b00000|  0%| F|  |TAMS 0x00000000a6a00000, 0x00000000a6a00000| Untracked 
|  95|0x00000000a6b00000, 0x00000000a6b00000, 0x00000000a6c00000|  0%| F|  |TAMS 0x00000000a6b00000, 0x00000000a6b00000| Untracked 
|  96|0x00000000a6c00000, 0x00000000a6c00000, 0x00000000a6d00000|  0%| F|  |TAMS 0x00000000a6c00000, 0x00000000a6c00000| Untracked 
|  97|0x00000000a6d00000, 0x00000000a6d00000, 0x00000000a6e00000|  0%| F|  |TAMS 0x00000000a6d00000, 0x00000000a6d00000| Untracked 
|  98|0x00000000a6e00000, 0x00000000a6e00000, 0x00000000a6f00000|  0%| F|  |TAMS 0x00000000a6e00000, 0x00000000a6e00000| Untracked 
|  99|0x00000000a6f00000, 0x00000000a6f00000, 0x00000000a7000000|  0%| F|  |TAMS 0x00000000a6f00000, 0x00000000a6f00000| Untracked 
| 100|0x00000000a7000000, 0x00000000a7000000, 0x00000000a7100000|  0%| F|  |TAMS 0x00000000a7000000, 0x00000000a7000000| Untracked 
| 101|0x00000000a7100000, 0x00000000a7100000, 0x00000000a7200000|  0%| F|  |TAMS 0x00000000a7100000, 0x00000000a7100000| Untracked 
| 102|0x00000000a7200000, 0x00000000a7200000, 0x00000000a7300000|  0%| F|  |TAMS 0x00000000a7200000, 0x00000000a7200000| Untracked 
| 103|0x00000000a7300000, 0x00000000a7300000, 0x00000000a7400000|  0%| F|  |TAMS 0x00000000a7300000, 0x00000000a7300000| Untracked 
| 104|0x00000000a7400000, 0x00000000a7400000, 0x00000000a7500000|  0%| F|  |TAMS 0x00000000a7400000, 0x00000000a7400000| Untracked 
| 105|0x00000000a7500000, 0x00000000a7500000, 0x00000000a7600000|  0%| F|  |TAMS 0x00000000a7500000, 0x00000000a7500000| Untracked 
| 106|0x00000000a7600000, 0x00000000a7600000, 0x00000000a7700000|  0%| F|  |TAMS 0x00000000a7600000, 0x00000000a7600000| Untracked 
| 107|0x00000000a7700000, 0x00000000a7700000, 0x00000000a7800000|  0%| F|  |TAMS 0x00000000a7700000, 0x00000000a7700000| Untracked 
| 108|0x00000000a7800000, 0x00000000a7800000, 0x00000000a7900000|  0%| F|  |TAMS 0x00000000a7800000, 0x00000000a7800000| Untracked 
| 109|0x00000000a7900000, 0x00000000a7900000, 0x00000000a7a00000|  0%| F|  |TAMS 0x00000000a7900000, 0x00000000a7900000| Untracked 
| 110|0x00000000a7a00000, 0x00000000a7a00000, 0x00000000a7b00000|  0%| F|  |TAMS 0x00000000a7a00000, 0x00000000a7a00000| Untracked 
| 111|0x00000000a7b00000, 0x00000000a7b00000, 0x00000000a7c00000|  0%| F|  |TAMS 0x00000000a7b00000, 0x00000000a7b00000| Untracked 
| 112|0x00000000a7c00000, 0x00000000a7c00000, 0x00000000a7d00000|  0%| F|  |TAMS 0x00000000a7c00000, 0x00000000a7c00000| Untracked 
| 113|0x00000000a7d00000, 0x00000000a7d00000, 0x00000000a7e00000|  0%| F|  |TAMS 0x00000000a7d00000, 0x00000000a7d00000| Untracked 
| 114|0x00000000a7e00000, 0x00000000a7e00000, 0x00000000a7f00000|  0%| F|  |TAMS 0x00000000a7e00000, 0x00000000a7e00000| Untracked 
| 115|0x00000000a7f00000, 0x00000000a7f00000, 0x00000000a8000000|  0%| F|  |TAMS 0x00000000a7f00000, 0x00000000a7f00000| Untracked 
| 116|0x00000000a8000000, 0x00000000a8000000, 0x00000000a8100000|  0%| F|  |TAMS 0x00000000a8000000, 0x00000000a8000000| Untracked 
| 117|0x00000000a8100000, 0x00000000a8100000, 0x00000000a8200000|  0%| F|  |TAMS 0x00000000a8100000, 0x00000000a8100000| Untracked 
| 118|0x00000000a8200000, 0x00000000a8200000, 0x00000000a8300000|  0%| F|  |TAMS 0x00000000a8200000, 0x00000000a8200000| Untracked 
| 119|0x00000000a8300000, 0x00000000a8300000, 0x00000000a8400000|  0%| F|  |TAMS 0x00000000a8300000, 0x00000000a8300000| Untracked 
| 120|0x00000000a8400000, 0x00000000a8400000, 0x00000000a8500000|  0%| F|  |TAMS 0x00000000a8400000, 0x00000000a8400000| Untracked 
| 121|0x00000000a8500000, 0x00000000a8500000, 0x00000000a8600000|  0%| F|  |TAMS 0x00000000a8500000, 0x00000000a8500000| Untracked 
| 122|0x00000000a8600000, 0x00000000a8600000, 0x00000000a8700000|  0%| F|  |TAMS 0x00000000a8600000, 0x00000000a8600000| Untracked 
| 123|0x00000000a8700000, 0x00000000a8700000, 0x00000000a8800000|  0%| F|  |TAMS 0x00000000a8700000, 0x00000000a8700000| Untracked 
| 124|0x00000000a8800000, 0x00000000a8800000, 0x00000000a8900000|  0%| F|  |TAMS 0x00000000a8800000, 0x00000000a8800000| Untracked 
| 125|0x00000000a8900000, 0x00000000a8900000, 0x00000000a8a00000|  0%| F|  |TAMS 0x00000000a8900000, 0x00000000a8900000| Untracked 
| 126|0x00000000a8a00000, 0x00000000a8a00000, 0x00000000a8b00000|  0%| F|  |TAMS 0x00000000a8a00000, 0x00000000a8a00000| Untracked 
| 127|0x00000000a8b00000, 0x00000000a8b00000, 0x00000000a8c00000|  0%| F|  |TAMS 0x00000000a8b00000, 0x00000000a8b00000| Untracked 
| 128|0x00000000a8c00000, 0x00000000a8c00000, 0x00000000a8d00000|  0%| F|  |TAMS 0x00000000a8c00000, 0x00000000a8c00000| Untracked 
| 129|0x00000000a8d00000, 0x00000000a8d00000, 0x00000000a8e00000|  0%| F|  |TAMS 0x00000000a8d00000, 0x00000000a8d00000| Untracked 
| 130|0x00000000a8e00000, 0x00000000a8e00000, 0x00000000a8f00000|  0%| F|  |TAMS 0x00000000a8e00000, 0x00000000a8e00000| Untracked 
| 131|0x00000000a8f00000, 0x00000000a8f00000, 0x00000000a9000000|  0%| F|  |TAMS 0x00000000a8f00000, 0x00000000a8f00000| Untracked 
| 132|0x00000000a9000000, 0x00000000a9000000, 0x00000000a9100000|  0%| F|  |TAMS 0x00000000a9000000, 0x00000000a9000000| Untracked 
| 133|0x00000000a9100000, 0x00000000a9100000, 0x00000000a9200000|  0%| F|  |TAMS 0x00000000a9100000, 0x00000000a9100000| Untracked 
| 134|0x00000000a9200000, 0x00000000a9200000, 0x00000000a9300000|  0%| F|  |TAMS 0x00000000a9200000, 0x00000000a9200000| Untracked 
| 135|0x00000000a9300000, 0x00000000a9300000, 0x00000000a9400000|  0%| F|  |TAMS 0x00000000a9300000, 0x00000000a9300000| Untracked 
| 136|0x00000000a9400000, 0x00000000a9400000, 0x00000000a9500000|  0%| F|  |TAMS 0x00000000a9400000, 0x00000000a9400000| Untracked 
| 137|0x00000000a9500000, 0x00000000a9500000, 0x00000000a9600000|  0%| F|  |TAMS 0x00000000a9500000, 0x00000000a9500000| Untracked 
| 138|0x00000000a9600000, 0x00000000a9600000, 0x00000000a9700000|  0%| F|  |TAMS 0x00000000a9600000, 0x00000000a9600000| Untracked 
| 139|0x00000000a9700000, 0x00000000a9700000, 0x00000000a9800000|  0%| F|  |TAMS 0x00000000a9700000, 0x00000000a9700000| Untracked 
| 140|0x00000000a9800000, 0x00000000a9800000, 0x00000000a9900000|  0%| F|  |TAMS 0x00000000a9800000, 0x00000000a9800000| Untracked 
| 141|0x00000000a9900000, 0x00000000a9900000, 0x00000000a9a00000|  0%| F|  |TAMS 0x00000000a9900000, 0x00000000a9900000| Untracked 
| 142|0x00000000a9a00000, 0x00000000a9a00000, 0x00000000a9b00000|  0%| F|  |TAMS 0x00000000a9a00000, 0x00000000a9a00000| Untracked 
| 143|0x00000000a9b00000, 0x00000000a9b00000, 0x00000000a9c00000|  0%| F|  |TAMS 0x00000000a9b00000, 0x00000000a9b00000| Untracked 
| 144|0x00000000a9c00000, 0x00000000a9c00000, 0x00000000a9d00000|  0%| F|  |TAMS 0x00000000a9c00000, 0x00000000a9c00000| Untracked 
| 145|0x00000000a9d00000, 0x00000000a9d00000, 0x00000000a9e00000|  0%| F|  |TAMS 0x00000000a9d00000, 0x00000000a9d00000| Untracked 
| 146|0x00000000a9e00000, 0x00000000a9e00000, 0x00000000a9f00000|  0%| F|  |TAMS 0x00000000a9e00000, 0x00000000a9e00000| Untracked 
| 147|0x00000000a9f00000, 0x00000000a9f00000, 0x00000000aa000000|  0%| F|  |TAMS 0x00000000a9f00000, 0x00000000a9f00000| Untracked 
| 148|0x00000000aa000000, 0x00000000aa000000, 0x00000000aa100000|  0%| F|  |TAMS 0x00000000aa000000, 0x00000000aa000000| Untracked 
| 149|0x00000000aa100000, 0x00000000aa100000, 0x00000000aa200000|  0%| F|  |TAMS 0x00000000aa100000, 0x00000000aa100000| Untracked 
| 150|0x00000000aa200000, 0x00000000aa200000, 0x00000000aa300000|  0%| F|  |TAMS 0x00000000aa200000, 0x00000000aa200000| Untracked 
| 151|0x00000000aa300000, 0x00000000aa300000, 0x00000000aa400000|  0%| F|  |TAMS 0x00000000aa300000, 0x00000000aa300000| Untracked 
| 152|0x00000000aa400000, 0x00000000aa400000, 0x00000000aa500000|  0%| F|  |TAMS 0x00000000aa400000, 0x00000000aa400000| Untracked 
| 153|0x00000000aa500000, 0x00000000aa500000, 0x00000000aa600000|  0%| F|  |TAMS 0x00000000aa500000, 0x00000000aa500000| Untracked 
| 154|0x00000000aa600000, 0x00000000aa600000, 0x00000000aa700000|  0%| F|  |TAMS 0x00000000aa600000, 0x00000000aa600000| Untracked 
| 155|0x00000000aa700000, 0x00000000aa700000, 0x00000000aa800000|  0%| F|  |TAMS 0x00000000aa700000, 0x00000000aa700000| Untracked 
| 156|0x00000000aa800000, 0x00000000aa800000, 0x00000000aa900000|  0%| F|  |TAMS 0x00000000aa800000, 0x00000000aa800000| Untracked 
| 157|0x00000000aa900000, 0x00000000aa900000, 0x00000000aaa00000|  0%| F|  |TAMS 0x00000000aa900000, 0x00000000aa900000| Untracked 
| 158|0x00000000aaa00000, 0x00000000aaa00000, 0x00000000aab00000|  0%| F|  |TAMS 0x00000000aaa00000, 0x00000000aaa00000| Untracked 
| 159|0x00000000aab00000, 0x00000000aab00000, 0x00000000aac00000|  0%| F|  |TAMS 0x00000000aab00000, 0x00000000aab00000| Untracked 
| 160|0x00000000aac00000, 0x00000000aac00000, 0x00000000aad00000|  0%| F|  |TAMS 0x00000000aac00000, 0x00000000aac00000| Untracked 
| 161|0x00000000aad00000, 0x00000000aad00000, 0x00000000aae00000|  0%| F|  |TAMS 0x00000000aad00000, 0x00000000aad00000| Untracked 
| 162|0x00000000aae00000, 0x00000000aae00000, 0x00000000aaf00000|  0%| F|  |TAMS 0x00000000aae00000, 0x00000000aae00000| Untracked 
| 163|0x00000000aaf00000, 0x00000000aaf00000, 0x00000000ab000000|  0%| F|  |TAMS 0x00000000aaf00000, 0x00000000aaf00000| Untracked 
| 164|0x00000000ab000000, 0x00000000ab000000, 0x00000000ab100000|  0%| F|  |TAMS 0x00000000ab000000, 0x00000000ab000000| Untracked 
| 165|0x00000000ab100000, 0x00000000ab100000, 0x00000000ab200000|  0%| F|  |TAMS 0x00000000ab100000, 0x00000000ab100000| Untracked 
| 166|0x00000000ab200000, 0x00000000ab200000, 0x00000000ab300000|  0%| F|  |TAMS 0x00000000ab200000, 0x00000000ab200000| Untracked 
| 167|0x00000000ab300000, 0x00000000ab300000, 0x00000000ab400000|  0%| F|  |TAMS 0x00000000ab300000, 0x00000000ab300000| Untracked 
| 168|0x00000000ab400000, 0x00000000ab480800, 0x00000000ab500000| 50%| E|  |TAMS 0x00000000ab400000, 0x00000000ab400000| Complete 
| 169|0x00000000ab500000, 0x00000000ab600000, 0x00000000ab600000|100%| E|CS|TAMS 0x00000000ab500000, 0x00000000ab500000| Complete 
| 170|0x00000000ab600000, 0x00000000ab700000, 0x00000000ab700000|100%| E|CS|TAMS 0x00000000ab600000, 0x00000000ab600000| Complete 
| 171|0x00000000ab700000, 0x00000000ab800000, 0x00000000ab800000|100%| E|CS|TAMS 0x00000000ab700000, 0x00000000ab700000| Complete 
| 172|0x00000000ab800000, 0x00000000ab900000, 0x00000000ab900000|100%| E|CS|TAMS 0x00000000ab800000, 0x00000000ab800000| Complete 
| 173|0x00000000ab900000, 0x00000000aba00000, 0x00000000aba00000|100%| E|CS|TAMS 0x00000000ab900000, 0x00000000ab900000| Complete 
| 174|0x00000000aba00000, 0x00000000abb00000, 0x00000000abb00000|100%| E|CS|TAMS 0x00000000aba00000, 0x00000000aba00000| Complete 
| 175|0x00000000abb00000, 0x00000000abc00000, 0x00000000abc00000|100%| E|CS|TAMS 0x00000000abb00000, 0x00000000abb00000| Complete 
| 176|0x00000000abc00000, 0x00000000abd00000, 0x00000000abd00000|100%| E|CS|TAMS 0x00000000abc00000, 0x00000000abc00000| Complete 
| 177|0x00000000abd00000, 0x00000000abe00000, 0x00000000abe00000|100%| E|CS|TAMS 0x00000000abd00000, 0x00000000abd00000| Complete 
| 178|0x00000000abe00000, 0x00000000abf00000, 0x00000000abf00000|100%| E|CS|TAMS 0x00000000abe00000, 0x00000000abe00000| Complete 
| 179|0x00000000abf00000, 0x00000000ac000000, 0x00000000ac000000|100%| E|CS|TAMS 0x00000000abf00000, 0x00000000abf00000| Complete 
| 180|0x00000000ac000000, 0x00000000ac100000, 0x00000000ac100000|100%| E|CS|TAMS 0x00000000ac000000, 0x00000000ac000000| Complete 
| 181|0x00000000ac100000, 0x00000000ac200000, 0x00000000ac200000|100%| E|CS|TAMS 0x00000000ac100000, 0x00000000ac100000| Complete 
| 182|0x00000000ac200000, 0x00000000ac300000, 0x00000000ac300000|100%| E|CS|TAMS 0x00000000ac200000, 0x00000000ac200000| Complete 
| 183|0x00000000ac300000, 0x00000000ac400000, 0x00000000ac400000|100%| E|CS|TAMS 0x00000000ac300000, 0x00000000ac300000| Complete 
| 184|0x00000000ac400000, 0x00000000ac500000, 0x00000000ac500000|100%| E|CS|TAMS 0x00000000ac400000, 0x00000000ac400000| Complete 
| 185|0x00000000ac500000, 0x00000000ac600000, 0x00000000ac600000|100%| E|CS|TAMS 0x00000000ac500000, 0x00000000ac500000| Complete 
| 186|0x00000000ac600000, 0x00000000ac700000, 0x00000000ac700000|100%| E|CS|TAMS 0x00000000ac600000, 0x00000000ac600000| Complete 
| 187|0x00000000ac700000, 0x00000000ac800000, 0x00000000ac800000|100%| E|CS|TAMS 0x00000000ac700000, 0x00000000ac700000| Complete 
| 188|0x00000000ac800000, 0x00000000ac900000, 0x00000000ac900000|100%| E|CS|TAMS 0x00000000ac800000, 0x00000000ac800000| Complete 
| 189|0x00000000ac900000, 0x00000000aca00000, 0x00000000aca00000|100%| E|CS|TAMS 0x00000000ac900000, 0x00000000ac900000| Complete 

Card table byte_map: [0x0000024aee6a0000,0x0000024aee9a0000] _byte_map_base: 0x0000024aee19a000

Marking Bits (Prev, Next): (CMBitMap*) 0x0000024ad6940228, (CMBitMap*) 0x0000024ad6940260
 Prev Bits: [0x0000024aeeca0000, 0x0000024af0470000)
 Next Bits: [0x0000024af0470000, 0x0000024af1c40000)

Polling page: 0x0000024ad4880000

Metaspace:

Usage:
  Non-class:      9.09 MB capacity,     8.95 MB ( 99%) used,   123.59 KB (  1%) free+waste,    12.94 KB ( <1%) overhead. 
      Class:    983.00 KB capacity,   936.53 KB ( 95%) used,    40.47 KB (  4%) free+waste,     6.00 KB ( <1%) overhead. 
       Both:     10.05 MB capacity,     9.87 MB ( 98%) used,   164.05 KB (  2%) free+waste,    18.94 KB ( <1%) overhead. 

Virtual space:
  Non-class space:       10.00 MB reserved,       9.25 MB ( 93%) committed 
      Class space:        1.00 GB reserved,       1.00 MB ( <1%) committed 
             Both:        1.01 GB reserved,      10.25 MB ( <1%) committed 

Chunk freelists:
   Non-Class:  38.00 KB
       Class:  0 bytes
        Both:  38.00 KB

MaxMetaspaceSize: 17179869184.00 GB
CompressedClassSpaceSize: 1.00 GB
Initial GC threshold: 20.80 MB
Current GC threshold: 20.80 MB
CDS: off

CodeHeap 'non-profiled nmethods': size=120000Kb used=479Kb max_used=479Kb free=119520Kb
 bounds [0x0000024ae6b30000, 0x0000024ae6da0000, 0x0000024aee060000]
CodeHeap 'profiled nmethods': size=120000Kb used=1265Kb max_used=1265Kb free=118734Kb
 bounds [0x0000024adf600000, 0x0000024adf870000, 0x0000024ae6b30000]
CodeHeap 'non-nmethods': size=5760Kb used=1125Kb max_used=1150Kb free=4634Kb
 bounds [0x0000024adf060000, 0x0000024adf2d0000, 0x0000024adf600000]
 total_blobs=1226 nmethods=848 adapters=291
 compilation: enabled
              stopped_count=0, restarted_count=0
 full_count=0

Compilation events (20 events):
Event: 1.729 Thread 0x0000024af4695000 nmethod 841 0x0000024ae6ba1410 code [0x0000024ae6ba15c0, 0x0000024ae6ba1778]
Event: 1.729 Thread 0x0000024af4695000  842       4       java.util.LinkedHashMap$LinkedEntrySet::iterator (12 bytes)
Event: 1.732 Thread 0x0000024af4695000 nmethod 842 0x0000024ae6ba1890 code [0x0000024ae6ba1a40, 0x0000024ae6ba1bf8]
Event: 1.736 Thread 0x0000024af518c800 nmethod 844 0x0000024ae6ba1d10 code [0x0000024ae6ba1f40, 0x0000024ae6ba2668]
Event: 1.741 Thread 0x0000024af4695000  845   !   4       java.util.zip.InflaterInputStream::read (138 bytes)
Event: 1.752 Thread 0x0000024af518c800  846       4       java.util.zip.Inflater::ensureOpen (47 bytes)
Event: 1.752 Thread 0x0000024af4695000 nmethod 845 0x0000024ae6ba2c90 code [0x0000024ae6ba2e80, 0x0000024ae6ba3898]
Event: 1.752 Thread 0x0000024af518c800 nmethod 846 0x0000024ae6ba3e90 code [0x0000024ae6ba4020, 0x0000024ae6ba40b8]
Event: 1.753 Thread 0x0000024af4695000  847   !   4       java.util.zip.Inflater::inflate (418 bytes)
Event: 1.765 Thread 0x0000024af46a4800  848       3       sun.security.util.ManifestDigester::findSection (181 bytes)
Event: 1.765 Thread 0x0000024af518c800  849  s    4       java.io.ByteArrayOutputStream::toString (18 bytes)
Event: 1.766 Thread 0x0000024af46a4800 nmethod 848 0x0000024adf736310 code [0x0000024adf7364e0, 0x0000024adf736978]
Event: 1.766 Thread 0x0000024af46a4800  850       3       java.util.HashMap::computeIfAbsent (330 bytes)
Event: 1.767 Thread 0x0000024af4695000 nmethod 847 0x0000024ae6ba4190 code [0x0000024ae6ba43a0, 0x0000024ae6ba4c40]
Event: 1.767 Thread 0x0000024af4695000  851 %     4       sun.security.util.ManifestDigester::<init> @ 241 (390 bytes)
Event: 1.768 Thread 0x0000024af46a4800 nmethod 850 0x0000024adf736b10 code [0x0000024adf736e40, 0x0000024adf7384e8]
Event: 1.772 Thread 0x0000024af518c800 nmethod 849 0x0000024ae6ba5490 code [0x0000024ae6ba5640, 0x0000024ae6ba5b48]
Event: 1.772 Thread 0x0000024af518c800  852       4       sun.security.util.ManifestDigester::findSection (181 bytes)
Event: 1.777 Thread 0x0000024af518c800 nmethod 852 0x0000024ae6ba5d90 code [0x0000024ae6ba5f40, 0x0000024ae6ba61d8]
Event: 1.784 Thread 0x0000024af518c800  853       4       java.util.HashMap::computeIfAbsent (330 bytes)

GC Heap History (10 events):
Event: 0.443 GC heap before
{Heap before GC invocations=0 (full 0):
 garbage-first heap   total 98304K, used 36864K [0x00000000a0c00000, 0x0000000100000000)
  region size 1024K, 24 young (24576K), 0 survivors (0K)
 Metaspace       used 4747K, capacity 4792K, committed 5120K, reserved 1056768K
  class space    used 396K, capacity 424K, committed 512K, reserved 1048576K
}
Event: 0.472 GC heap after
{Heap after GC invocations=1 (full 0):
 garbage-first heap   total 98304K, used 16456K [0x00000000a0c00000, 0x0000000100000000)
  region size 1024K, 3 young (3072K), 3 survivors (3072K)
 Metaspace       used 4747K, capacity 4792K, committed 5120K, reserved 1056768K
  class space    used 396K, capacity 424K, committed 512K, reserved 1048576K
}
Event: 0.589 GC heap before
{Heap before GC invocations=1 (full 0):
 garbage-first heap   total 98304K, used 37960K [0x00000000a0c00000, 0x0000000100000000)
  region size 1024K, 15 young (15360K), 3 survivors (3072K)
 Metaspace       used 5564K, capacity 5598K, committed 5888K, reserved 1056768K
  class space    used 443K, capacity 458K, committed 512K, reserved 1048576K
}
Event: 0.613 GC heap after
{Heap after GC invocations=2 (full 0):
 garbage-first heap   total 98304K, used 28160K [0x00000000a0c00000, 0x0000000100000000)
  region size 1024K, 2 young (2048K), 2 survivors (2048K)
 Metaspace       used 5564K, capacity 5598K, committed 5888K, reserved 1056768K
  class space    used 443K, capacity 458K, committed 512K, reserved 1048576K
}
Event: 0.775 GC heap before
{Heap before GC invocations=2 (full 0):
 garbage-first heap   total 98304K, used 32256K [0x00000000a0c00000, 0x0000000100000000)
  region size 1024K, 6 young (6144K), 2 survivors (2048K)
 Metaspace       used 7274K, capacity 7300K, committed 7552K, reserved 1056768K
  class space    used 603K, capacity 620K, committed 640K, reserved 1048576K
}
Event: 0.785 GC heap after
{Heap after GC invocations=3 (full 0):
 garbage-first heap   total 98304K, used 31232K [0x00000000a0c00000, 0x0000000100000000)
  region size 1024K, 1 young (1024K), 1 survivors (1024K)
 Metaspace       used 7274K, capacity 7300K, committed 7552K, reserved 1056768K
  class space    used 603K, capacity 620K, committed 640K, reserved 1048576K
}
Event: 1.543 GC heap before
{Heap before GC invocations=3 (full 0):
 garbage-first heap   total 98304K, used 49664K [0x00000000a0c00000, 0x0000000100000000)
  region size 1024K, 19 young (19456K), 1 survivors (1024K)
 Metaspace       used 10082K, capacity 10289K, committed 10496K, reserved 1058816K
  class space    used 935K, capacity 983K, committed 1024K, reserved 1048576K
}
Event: 1.556 GC heap after
{Heap after GC invocations=4 (full 0):
 garbage-first heap   total 98304K, used 36864K [0x00000000a0c00000, 0x0000000100000000)
  region size 1024K, 3 young (3072K), 3 survivors (3072K)
 Metaspace       used 10082K, capacity 10289K, committed 10496K, reserved 1058816K
  class space    used 935K, capacity 983K, committed 1024K, reserved 1048576K
}
Event: 1.671 GC heap before
{Heap before GC invocations=4 (full 0):
 garbage-first heap   total 98304K, used 63488K [0x00000000a0c00000, 0x0000000100000000)
  region size 1024K, 23 young (23552K), 3 survivors (3072K)
 Metaspace       used 10097K, capacity 10289K, committed 10496K, reserved 1058816K
  class space    used 936K, capacity 983K, committed 1024K, reserved 1048576K
}
Event: 1.709 GC heap after
{Heap after GC invocations=5 (full 0):
 garbage-first heap   total 194560K, used 50176K [0x00000000a0c00000, 0x0000000100000000)
  region size 1024K, 3 young (3072K), 3 survivors (3072K)
 Metaspace       used 10097K, capacity 10289K, committed 10496K, reserved 1058816K
  class space    used 936K, capacity 983K, committed 1024K, reserved 1048576K
}

Deoptimization events (20 events):
Event: 1.775 Thread 0x0000024ad690e000 DEOPT PACKING pc=0x0000024adf7368fa sp=0x000000e9985fc470
Event: 1.775 Thread 0x0000024ad690e000 DEOPT UNPACKING pc=0x0000024adf0aa95e sp=0x000000e9985fb8e0 mode 0
Event: 1.775 Thread 0x0000024ad690e000 DEOPT PACKING pc=0x0000024adf7368fa sp=0x000000e9985fc470
Event: 1.775 Thread 0x0000024ad690e000 DEOPT UNPACKING pc=0x0000024adf0aa95e sp=0x000000e9985fb8e0 mode 0
Event: 1.775 Thread 0x0000024ad690e000 DEOPT PACKING pc=0x0000024adf7368fa sp=0x000000e9985fc470
Event: 1.775 Thread 0x0000024ad690e000 DEOPT UNPACKING pc=0x0000024adf0aa95e sp=0x000000e9985fb8e0 mode 0
Event: 1.775 Thread 0x0000024ad690e000 DEOPT PACKING pc=0x0000024adf7368fa sp=0x000000e9985fc470
Event: 1.775 Thread 0x0000024ad690e000 DEOPT UNPACKING pc=0x0000024adf0aa95e sp=0x000000e9985fb8e0 mode 0
Event: 1.775 Thread 0x0000024ad690e000 DEOPT PACKING pc=0x0000024adf7368fa sp=0x000000e9985fc470
Event: 1.775 Thread 0x0000024ad690e000 DEOPT UNPACKING pc=0x0000024adf0aa95e sp=0x000000e9985fb8e0 mode 0
Event: 1.775 Thread 0x0000024ad690e000 DEOPT PACKING pc=0x0000024adf7368fa sp=0x000000e9985fc470
Event: 1.775 Thread 0x0000024ad690e000 DEOPT UNPACKING pc=0x0000024adf0aa95e sp=0x000000e9985fb8e0 mode 0
Event: 1.776 Thread 0x0000024ad690e000 DEOPT PACKING pc=0x0000024adf7368fa sp=0x000000e9985fc470
Event: 1.776 Thread 0x0000024ad690e000 DEOPT UNPACKING pc=0x0000024adf0aa95e sp=0x000000e9985fb8e0 mode 0
Event: 1.776 Thread 0x0000024ad690e000 DEOPT PACKING pc=0x0000024adf7368fa sp=0x000000e9985fc470
Event: 1.776 Thread 0x0000024ad690e000 DEOPT UNPACKING pc=0x0000024adf0aa95e sp=0x000000e9985fb8e0 mode 0
Event: 1.776 Thread 0x0000024ad690e000 DEOPT PACKING pc=0x0000024adf7368fa sp=0x000000e9985fc470
Event: 1.776 Thread 0x0000024ad690e000 DEOPT UNPACKING pc=0x0000024adf0aa95e sp=0x000000e9985fb8e0 mode 0
Event: 1.776 Thread 0x0000024ad690e000 DEOPT PACKING pc=0x0000024adf7368fa sp=0x000000e9985fc470
Event: 1.776 Thread 0x0000024ad690e000 DEOPT UNPACKING pc=0x0000024adf0aa95e sp=0x000000e9985fb8e0 mode 0

Classes redefined (0 events):
No events

Internal exceptions (8 events):
Event: 0.745 Thread 0x0000024ad690e000 Implicit null exception at 0x0000024ae6b464ef to 0x0000024ae6b465c4
Event: 1.476 Thread 0x0000024ad690e000 Exception <a 'java/lang/NoSuchMethodError'{0x00000000a5c3a2d0}: 'int java.lang.invoke.DirectMethodHandle$Holder.invokeSpecialIFC(java.lang.Object, java.lang.Object, int)'> (0x00000000a5c3a2d0) thrown at [./src/hotspot/share/interpreter/linkResolver.cpp, line 773]
Event: 1.499 Thread 0x0000024ad690e000 Exception <a 'java/lang/NoSuchMethodError'{0x00000000a5ca7a60}: 'java.lang.Object java.lang.invoke.DirectMethodHandle$Holder.invokeStatic(java.lang.Object, java.lang.Object, java.lang.Object, java.lang.Object, java.lang.Object, java.lang.Object, java.lang.Object, java.lang.Object, java.lang.Object, java.lang.Object, java.lang.Object, java.lang.Object, java.lang.Object, java.lang.Object, java.lang.Object)'> (0x00000000a5ca7a60) thrown at [./src/hotspot/share/interpreter/linkResolver.cpp, line 773]
Event: 1.501 Thread 0x0000024ad690e000 Exception <a 'java/lang/NoSuchMethodError'{0x00000000a5cb57c0}: 'java.lang.Object java.lang.invoke.DirectMethodHandle$Holder.invokeStatic(java.lang.Object, java.lang.Object, java.lang.Object, java.lang.Object, java.lang.Object, java.lang.Object, java.lang.Object, java.lang.Object, java.lang.Object, java.lang.Object, java.lang.Object, java.lang.Object, java.lang.Object, java.lang.Object, java.lang.Object, java.lang.Object)'> (0x00000000a5cb57c0) thrown at [./src/hotspot/share/interpreter/linkResolver.cpp, l
Event: 1.504 Thread 0x0000024ad690e000 Exception <a 'java/lang/NoSuchMethodError'{0x00000000a5cc3670}: 'java.lang.Object java.lang.invoke.DirectMethodHandle$Holder.invokeSpecial(java.lang.Object, java.lang.Object, int, int, java.lang.Object, java.lang.Object, java.lang.Object)'> (0x00000000a5cc3670) thrown at [./src/hotspot/share/interpreter/linkResolver.cpp, line 773]
Event: 1.504 Thread 0x0000024ad690e000 Exception <a 'java/lang/NoSuchMethodError'{0x00000000a5cc6c00}: 'java.lang.Object java.lang.invoke.DelegatingMethodHandle$Holder.reinvoke_L(java.lang.Object, int, int, java.lang.Object, java.lang.Object, java.lang.Object)'> (0x00000000a5cc6c00) thrown at [./src/hotspot/share/interpreter/linkResolver.cpp, line 773]
Event: 1.505 Thread 0x0000024ad690e000 Exception <a 'java/lang/NoSuchMethodError'{0x00000000a5ccaf88}: 'java.lang.Object java.lang.invoke.DirectMethodHandle$Holder.invokeStatic(java.lang.Object, java.lang.Object, java.lang.Object, java.lang.Object, int)'> (0x00000000a5ccaf88) thrown at [./src/hotspot/share/interpreter/linkResolver.cpp, line 773]
Event: 1.765 Thread 0x0000024ad690e000 Implicit null exception at 0x0000024ae6b586fb to 0x0000024ae6b5913c

Events (20 events):
Event: 1.523 loading class sun/net/www/URLConnection done
Event: 1.523 loading class sun/net/www/protocol/file/FileURLConnection done
Event: 1.523 loading class sun/net/www/MessageHeader
Event: 1.524 loading class sun/net/www/MessageHeader done
Event: 1.524 loading class sun/net/www/protocol/jar/URLJarFile
Event: 1.524 loading class sun/net/www/protocol/jar/URLJarFile done
Event: 1.525 loading class sun/net/www/protocol/jar/URLJarFileCallBack
Event: 1.525 loading class sun/net/www/protocol/jar/URLJarFileCallBack done
Event: 1.525 loading class java/util/zip/ZipFile$CleanableResource$FinalizableResource
Event: 1.525 loading class java/util/zip/ZipFile$CleanableResource$FinalizableResource done
Event: 1.525 Executing VM operation: Deoptimize
Event: 1.525 Executing VM operation: Deoptimize done
Event: 1.543 Executing VM operation: G1CollectForAllocation
Event: 1.556 Executing VM operation: G1CollectForAllocation done
Event: 1.570 loading class sun/net/www/protocol/jar/URLJarFile$URLJarFileEntry
Event: 1.570 loading class sun/net/www/protocol/jar/URLJarFile$URLJarFileEntry done
Event: 1.571 loading class sun/net/www/protocol/jar/JarURLConnection$JarURLInputStream
Event: 1.571 loading class sun/net/www/protocol/jar/JarURLConnection$JarURLInputStream done
Event: 1.671 Executing VM operation: G1CollectForAllocation
Event: 1.709 Executing VM operation: G1CollectForAllocation done


Dynamic libraries:
0x00007ff6778c0000 - 0x00007ff6778cd000 	C:\Program Files\Microsoft\jdk-11.0.16.101-hotspot\bin\java.exe
0x00007ffc6f190000 - 0x00007ffc6f3a4000 	C:\WINDOWS\SYSTEM32\ntdll.dll
0x00007ffc6e9a0000 - 0x00007ffc6ea64000 	C:\WINDOWS\System32\KERNEL32.DLL
0x00007ffc6ca60000 - 0x00007ffc6ce04000 	C:\WINDOWS\System32\KERNELBASE.dll
0x00007ffc6c690000 - 0x00007ffc6c7a1000 	C:\WINDOWS\System32\ucrtbase.dll
0x00007ffc5f500000 - 0x00007ffc5f515000 	C:\Program Files\Microsoft\jdk-11.0.16.101-hotspot\bin\VCRUNTIME140.dll
0x00007ffc5d200000 - 0x00007ffc5d217000 	C:\Program Files\Microsoft\jdk-11.0.16.101-hotspot\bin\jli.dll
0x00007ffc6dfc0000 - 0x00007ffc6e16a000 	C:\WINDOWS\System32\USER32.dll
0x00007ffc6c7b0000 - 0x00007ffc6c7d6000 	C:\WINDOWS\System32\win32u.dll
0x00007ffc6f100000 - 0x00007ffc6f129000 	C:\WINDOWS\System32\GDI32.dll
0x00007ffc6c570000 - 0x00007ffc6c689000 	C:\WINDOWS\System32\gdi32full.dll
0x00007ffc5a4b0000 - 0x00007ffc5a73f000 	C:\WINDOWS\WinSxS\amd64_microsoft.windows.common-controls_6595b64144ccf1df_6.0.22621.2070_none_2713e6537381f706\COMCTL32.dll
0x00007ffc6c7e0000 - 0x00007ffc6c87a000 	C:\WINDOWS\System32\msvcp_win.dll
0x00007ffc6d740000 - 0x00007ffc6d7e7000 	C:\WINDOWS\System32\msvcrt.dll
0x00007ffc6eec0000 - 0x00007ffc6eef1000 	C:\WINDOWS\System32\IMM32.DLL
0x00007ffc3b350000 - 0x00007ffc3b3eb000 	C:\Program Files\Microsoft\jdk-11.0.16.101-hotspot\bin\msvcp140.dll
0x00007ffba15e0000 - 0x00007ffba216a000 	C:\Program Files\Microsoft\jdk-11.0.16.101-hotspot\bin\server\jvm.dll
0x00007ffc6d930000 - 0x00007ffc6d9e0000 	C:\WINDOWS\System32\ADVAPI32.dll
0x00007ffc6f050000 - 0x00007ffc6f0f6000 	C:\WINDOWS\System32\sechost.dll
0x00007ffc6d110000 - 0x00007ffc6d227000 	C:\WINDOWS\System32\RPCRT4.dll
0x00007ffc6da60000 - 0x00007ffc6da68000 	C:\WINDOWS\System32\PSAPI.DLL
0x00007ffc64f20000 - 0x00007ffc64f54000 	C:\WINDOWS\SYSTEM32\WINMM.dll
0x00007ffc5f540000 - 0x00007ffc5f549000 	C:\WINDOWS\SYSTEM32\WSOCK32.dll
0x00007ffc6d6c0000 - 0x00007ffc6d731000 	C:\WINDOWS\System32\WS2_32.dll
0x00007ffc65d80000 - 0x00007ffc65d8a000 	C:\WINDOWS\SYSTEM32\VERSION.dll
0x00007ffc6b560000 - 0x00007ffc6b578000 	C:\WINDOWS\SYSTEM32\kernel.appcore.dll
0x00007ffc66590000 - 0x00007ffc665a0000 	C:\Program Files\Microsoft\jdk-11.0.16.101-hotspot\bin\verify.dll
0x00007ffc67600000 - 0x00007ffc6782e000 	C:\WINDOWS\SYSTEM32\DBGHELP.DLL
0x00007ffc6da90000 - 0x00007ffc6de1a000 	C:\WINDOWS\System32\combase.dll
0x00007ffc6ea70000 - 0x00007ffc6eb47000 	C:\WINDOWS\System32\OLEAUT32.dll
0x00007ffc675c0000 - 0x00007ffc675f2000 	C:\WINDOWS\SYSTEM32\dbgcore.DLL
0x00007ffc6ce10000 - 0x00007ffc6ce8a000 	C:\WINDOWS\System32\bcryptPrimitives.dll
0x00007ffc589d0000 - 0x00007ffc589f8000 	C:\Program Files\Microsoft\jdk-11.0.16.101-hotspot\bin\java.dll
0x00007ffc5f4f0000 - 0x00007ffc5f4fa000 	C:\Program Files\Microsoft\jdk-11.0.16.101-hotspot\bin\jimage.dll
0x00007ffc5a750000 - 0x00007ffc5a768000 	C:\Program Files\Microsoft\jdk-11.0.16.101-hotspot\bin\zip.dll
0x00007ffc6e180000 - 0x00007ffc6e996000 	C:\WINDOWS\System32\SHELL32.dll
0x00007ffc6a540000 - 0x00007ffc6ae2a000 	C:\WINDOWS\SYSTEM32\windows.storage.dll
0x00007ffc6a400000 - 0x00007ffc6a53e000 	C:\WINDOWS\SYSTEM32\wintypes.dll
0x00007ffc6edc0000 - 0x00007ffc6eeb3000 	C:\WINDOWS\System32\SHCORE.dll
0x00007ffc6eb50000 - 0x00007ffc6ebae000 	C:\WINDOWS\System32\shlwapi.dll
0x00007ffc6c4a0000 - 0x00007ffc6c4c6000 	C:\WINDOWS\SYSTEM32\profapi.dll
0x00007ffc52d50000 - 0x00007ffc52d69000 	C:\Program Files\Microsoft\jdk-11.0.16.101-hotspot\bin\net.dll
0x00007ffc61ab0000 - 0x00007ffc61be7000 	C:\WINDOWS\SYSTEM32\WINHTTP.dll
0x00007ffc6ba30000 - 0x00007ffc6ba99000 	C:\WINDOWS\system32\mswsock.dll
0x00007ffc4b7b0000 - 0x00007ffc4b7c3000 	C:\Program Files\Microsoft\jdk-11.0.16.101-hotspot\bin\nio.dll

dbghelp: loaded successfully - version: 4.0.5 - missing functions: none
symbol engine: initialized successfully - sym options: 0x614 - pdb path: .;C:\Program Files\Microsoft\jdk-11.0.16.101-hotspot\bin;C:\WINDOWS\SYSTEM32;C:\WINDOWS\WinSxS\amd64_microsoft.windows.common-controls_6595b64144ccf1df_6.0.22621.2070_none_2713e6537381f706;C:\Program Files\Microsoft\jdk-11.0.16.101-hotspot\bin\server

VM Arguments:
java_command: com.xamarin.manifestmerger.Main obj\Debug\130\android\manifestmerger.rsp
java_class_path (initial): C:\Program Files\Microsoft Visual Studio\2022\Community\MSBuild\Xamarin\Android\manifestmerger.jar
Launcher Type: SUN_STANDARD

[Global flags]
     intx CICompilerCount                          = 4                                         {product} {ergonomic}
     uint ConcGCThreads                            = 2                                         {product} {ergonomic}
     uint G1ConcRefinementThreads                  = 8                                         {product} {ergonomic}
   size_t G1HeapRegionSize                         = 1048576                                   {product} {ergonomic}
    uintx GCDrainStackTargetSize                   = 64                                        {product} {ergonomic}
   size_t InitialHeapSize                          = 100663296                                 {product} {ergonomic}
   size_t MarkStackSize                            = 4194304                                   {product} {ergonomic}
   size_t MaxHeapSize                              = 1598029824                                {product} {ergonomic}
   size_t MaxNewSize                               = 958398464                                 {product} {ergonomic}
   size_t MinHeapDeltaBytes                        = 1048576                                   {product} {ergonomic}
    uintx NonNMethodCodeHeapSize                   = 5836300                                {pd product} {ergonomic}
    uintx NonProfiledCodeHeapSize                  = 122910970                              {pd product} {ergonomic}
    uintx ProfiledCodeHeapSize                     = 122910970                              {pd product} {ergonomic}
    uintx ReservedCodeCacheSize                    = 251658240                              {pd product} {ergonomic}
     bool SegmentedCodeCache                       = true                                      {product} {ergonomic}
     bool UseCompressedClassPointers               = true                                 {lp64_product} {ergonomic}
     bool UseCompressedOops                        = true                                 {lp64_product} {ergonomic}
     bool UseG1GC                                  = true                                      {product} {ergonomic}
     bool UseLargePagesIndividualAllocation        = false                                  {pd product} {ergonomic}

Logging:
Log output configuration:
 #0: stdout all=warning uptime,level,tags
 #1: stderr all=off uptime,level,tags

Environment Variables:
JAVA_HOME=C:\Program Files\Microsoft\jdk-11.0.16.101-hotspot
PATH=C:\Program Files\Common Files\Oracle\Java\javapath;C:\Program Files\Microsoft\jdk-11.0.16.101-hotspot\bin;C:\Windows\system32;C:\Windows;C:\Windows\System32\Wbem;C:\Windows\System32\WindowsPowerShell\v1.0\;C:\Windows\System32\OpenSSH\;C:\Program Files\Microsoft SQL Server\150\Tools\Binn\;C:\Program Files\Microsoft SQL Server\Client SDK\ODBC\170\Tools\Binn\;C:\Program Files (x86)\Microsoft SQL Server\150\Tools\Binn\;C:\Program Files\Microsoft SQL Server\150\DTS\Binn\;C:\Program Files (x86)\Microsoft SQL Server\160\DTS\Binn\;C:\Program Files\Azure Data Studio\bin;C:\Program Files\dotnet\;C:\WINDOWS\system32;C:\WINDOWS;C:\WINDOWS\System32\Wbem;C:\WINDOWS\System32\WindowsPowerShell\v1.0\;C:\WINDOWS\System32\OpenSSH\;C:\Program Files\Git\cmd;C:\Program Files\nodejs\;C:\Program Files\Java\jdk-20\bin;C:\maven\apache-maven-3.9.2\bin;C:\Users\Pancho\.console-ninja\.bin;C:\Users\Pancho\AppData\Local\Microsoft\WindowsApps;C:\Users\Pancho\.dotnet\tools;C:\Program Files\Azure Data Studio\bin;C:\Users\Pancho\.dotnet\tools;C:\Users\Pancho\AppData\Local\Microsoft\WindowsApps;C:\Users\Pancho\AppData\Roaming\npm;C:\Users\Pancho\AppData\Local\Programs\Microsoft VS Code\bin;C:\SqlLite3;C:\mongosh-2.0.1-win32-x64\bin;
USERNAME=Pancho
OS=Windows_NT
PROCESSOR_IDENTIFIER=AMD64 Family 23 Model 24 Stepping 1, AuthenticAMD
TMP=C:\Users\Pancho\AppData\Local\Temp
TEMP=C:\Users\Pancho\AppData\Local\Temp



---------------  S Y S T E M  ---------------

OS: Windows 11 , 64 bit Build 22621 (10.0.22621.2070)
OS uptime: 7 days 23:44 hours

CPU:total 8 (initial active 8) (8 cores per cpu, 2 threads per core) family 23 model 24 stepping 1 microcode 0x0, cmov, cx8, fxsr, mmx, sse, sse2, sse3, ssse3, sse4.1, sse4.2, popcnt, avx, avx2, aes, clmul, mmxext, 3dnowpref, lzcnt, sse4a, ht, tsc, tscinvbit, tscinv, bmi1, bmi2, adx, sha, fma

Memory: 4k page, system-wide physical 6091M (376M free)
TotalPageFile size 24523M (AvailPageFile size 5M)
current process WorkingSet (physical memory assigned to process): 160M, peak: 160M
current process commit charge ("private bytes"): 286M, peak: 288M

vm_info: OpenJDK 64-Bit Server VM (11.0.16.1+1-LTS) for windows-amd64 JRE (11.0.16.1+1-LTS), built on Aug 20 2022 20:09:04 by "" with MS VC++ 15.9 (VS2017)

END.
